ประธาน	O
ธนาคาร	O
กลาง	O
สหรัฐ	O
ฯ	O

แถลง	O
นโยบาย	O
การเงิน	O
ต่อ	O
วุฒิสภา	O
เศรษฐกิจ	O
ของ	O
สหรัฐ	O
ฯ	O
ยัง	O
อยู่	O
ใน	O
ภาวะ	O
ที่	O
น่า	O
พอใจ	O

การ	O
แถลง	O
พาดพิง	O
ถึง	O
วิกฤต	O
เอเชีย	O
ว่า	O
อาจ	O
ขยายตัว	O
มาก	O
กว่า	O
ที่	O
เป็นอยู่	O
นโยบาย	O
การเงิน	O
ของ	O
สหรัฐ	O
ฯ	O
อาจ	O
ซ้ำเติม	O
ภาวะ	O
วิกฤต	O
ของ	O
เอเชีย	O
อลัน	O

กรีนสแปน	O

ประธาน	O
ธนาคาร	O
กลาง	O
แห่ง	org_start
สหรัฐอเมริกา	O

หรือ	O

เฟด	O

แถลง	O
นโยบาย	O
การเงิน	O
ของ	O
สหรัฐ	O
ฯ	O

ประจำ	O
รอบ	O
ครึ่ง	O
ปี	O

ต่อ	O
กรรมาธิการ	O
ด้าน	O
การ	O
ธนาคาร	O
แห่ง	org_start
วุฒิสภา	O

เมื่อ	O
วัน	O
อังคาร	O
ว่า	O
เฟด	O
ยัง	O
จับตา	O
การ	O
เติบโต	O
ทาง	O
เศรษฐกิจ	O
สำนัก	O
ข่าว	O
รอยเตอร์	O
และ	O
ดาวโจนส์	O
ตีความ	O
ว่า	O
เฟด	O
ยัง	O
ไม่	O
ส่ง	O
สัญญาณ	O
ว่า	O
จะ	O
รีบร้อน	O
ปรับ	O
เปลี่ยน	O
อัตรา	O
ดอกเบี้ย	O
ใน	O
ระยะ	O
นี้	O

ขณะที่	O

หนังสือพิมพ์	O
ไฟแนนเชียล	O

ไทมส์	O

ลง	O
ความเห็น	O
ว่า	O

ประธาน	O
เฟด	O
เตือน	O
ว่า	O
อาจ	O
จำเป็นต้อง	O
ขยับ	O
ขึ้น	O
ดอกเบี้ย	O
การ	O
ขยายตัว	O
ทาง	O
เศรษฐกิจ	O
ของ	O
สหรัฐ	O
ฯ	O
จะ	O
ชะลอ	O
ความ	O
ร้อนแรง	O
โดย	O
อิง	O
บน	O
คำพูด	O
ของ	O
กรีนสแปน	O

ส่วน	O
ที่	O
พูด	O
ว่า	O

ใน	O
การ	O
แถลง	O
ของ	O
ประธาน	O
เฟด	O
ต่อ	O
รัฐสภา	O
ที่	O
เรียก	O
กัน	O
ว่า	O
ฮัมฟรีย์	O
-	O
ฮอว์กินส์	O

ราย	O
ครึ่ง	O
ปี	O
นี้	O

ประธาน	O
เฟด	O
ยืนยัน	O
กับ	O
กรรมาธิการ	O
ว่า	O

การ	O
เคลื่อนไหว	O
ภายใน	O
ระบบ	O
เศรษฐกิจ	O
ของ	O
สหรัฐ	O
ฯ	O
ยัง	O
คง	O
น่า	O
ประทับใจ	O
อย่างไรก็ตาม	O

กรีนสแปน	O
ได้	O
สะท้อน	O
ความ	O
กังวล	O
ใจ	O
มี	O
สัญญาณ	O
ชี้	O
ออก	O
มา	O
แล้ว	O
ว่า	O
เศรษฐกิจ	O
สหรัฐ	O
ฯ	O
ชะลอ	O
ตัว	O
ลง	O
กรีนสแปน	O
ใช้	O
คำ	O
ว่า	O

"	O
เพ้อ	O
ฝัน	O
"	O

ให้	O
ความ	O
หวัง	O
แก่	O
ตลาด	O
การเงิน	O
ว่า	O
เฟด	O
อาจ	O
ไป	O
ไกล	O
หาก	O
ผลกระทบ	O
จาก	O
วิกฤต	O
เอเชีย	O
กดดัน	O
ให้	O
เศรษฐกิจ	O
สหรัฐ	O
ฯ	O
หด	O
ตัว	O
อย่าง	O
รุนแรง	O

การ	O
หด	O
ตัว	O
ใน	O
เศรษฐกิจ	O
สหรัฐ	O
ฯ	O
ของ	O
กรีนสแปน	O
ครั้ง	O
นี้	O

ทาง	O
หนังสือพิมพ์	O
ไฟแนนเชียล	O

ไทมส์	O

วิเคราะห์	O
ว่า	O

ปฏิกิริยา	O
ของ	O
ตลาดหุ้น	O
ใน	O
สหรัฐ	O
ฯ	O

ออก	O
ใน	O
ทาง	O
ลบ	O
วิตก	O
กับ	O
คำพูด	O
ของ	O
กรีนสแปน	O
ที่	O
ชี้	O
ว่า	O

เมื่อ	O
ตลาดหุ้น	O
นิวยอร์ก	O
ปิด	O
ทำการ	O

ดัชนี	O
ดาวโจนส์	O
ทรุด	O
ตัว	O

1.1	O
%	O
กรีนสแปน	O
กล่าวถึง	O
หลาย	O
พื้นที่	O
อันตราย	O
ต่อ	O
สถานการณ์	O
เศรษฐกิจ	O
โลก	O
ระบบ	O
เศรษฐกิจ	O
สหรัฐ	O
ฯ	O
โดย	O
รวม	O
กรีนสแปน	O
เตือน	O
ว่า	O
วิกฤต	O
การเงิน	O
ใน	O
เอเชีย	O

อาจ	O
จะ	O
ทวี	O
ความ	O
รุนแรง	O
และ	O
อาจ	O
ขยาย	O
ตัว	O
ไป	O
มาก	O
กว่า	O
ที่	O
เป็นอยู่	O

นโยบาย	O
ทาง	O
การเงิน	O
ที่	O
เข้มงวด	O
มาก	O
ขึ้น	O
ของ	O
สหรัฐ	O
ฯ	O

อาจ	O
ส่ง	O
ผลกระทบ	O
อย่าง	O
มากมาย	O
ต่อ	O
ตลาด	O
การเงิน	O
ของ	O
เอเชีย	O
ที่	O
แสน	O
จะ	O
อ่อนไหว	O
ตลาด	O
การเงิน	O
ของ	O
สหรัฐ	O
ฯ	O
ได้	O

ระบบ	O
เศรษฐกิจ	O
โดย	O
รวม	O
ของ	O
สหรัฐ	O
ฯ	O

ด้วย	O

แต่	O
กรีนสแปน	O
ก็	O
ไม่	O
ลืม	O
ที่	O
จะ	O
ย้ำ	O
ภายใน	O
ระบบ	O
เศรษฐกิจ	O
ของ	O
สหรัฐ	O
ฯ	O
"	O
ประธาน	O
เฟด	O
กล่าวถึง	O
ประมาณ	O
การ	O
ภาวะ	O
เศรษฐกิจ	O
ของ	O
สหรัฐ	O
ฯ	O
ใน	O
ระหว่าง	O
การ	O
แถลง	O
นโยบาย	O
การเงิน	O
ต่อ	O
วุฒิสภา	O
ว่า	O

ทาง	O
เฟด	O
คาด	O
ว่า	O
ทาง	O
เฟด	O
ประเมิน	O
ว่า	O

เฟด	O
คาด	O
ว่า	O
จะ	O
รักษา	O
ระดับ	O

4.5-4.75	O
%	O

ไป	O
ตลอด	O
ปี	O
นี้	O
จนถึง	O
ปี	O
หน้า	O
การ	O
แถลง	O
นโยบาย	O
การเงิน	O
ของ	O
สหรัฐ	O
ฯ	O
ต่อ	O
วุฒิสภา	O
เมื่อ	O
วัน	O
อังคาร	O
จะ	O
ถูก	O
แถลง	O
อีก	O
รอบ	O
หนึ่ง	O
ต่อ	O
สภา	O
ผู้แทนราษฎร	O
ใน	O
วัน	O
พุธ	O
รายการ	O
ต่อไป	O
ของ	O
ธนาคาร	O
กลาง	O
สหรัฐ	O
ฯ	O
จะ	O
มี	O
ขึ้น	O
เมื่อ	O
คณะ	O
กรรมการ	O
กำหนด	O
นโยบาย	O
ของ	O
เฟด	O
จะ	O
พบปะ	O
ประชุม	O
กัน	O
ญี่ปุ่น	O
รับ	O
ข่าว	O
ร้าย	O
วัน	O
สุกดิบ	O
ก่อน	O
การ	O
ลง	O
คะแนนเสียง	O
ใน	O
พรรค	O
เจดีพี	O
เพื่อ	O
เลือก	O
หัวหน้า	O
ใหม่	O
ที่	O
จะ	O
กลายเป็น	O
นายกรัฐมนตรี	O
ญี่ปุ่น	O
โดย	O
อัตโนมัติ	O

มูดดี้ส์	O
ประกาศ	O
จับตา	O
เตรียม	O
ลด	O
ความ	O
น่า	O
เชื่อถือ	O
ตราสาร	O
สกุล	O
เงิน	O
เยน	O
ทั้งที่	O
ออก	O
ใน	O
และ	O
นอก	O
ญี่ปุ่น	O

ขณะที่	O
ประธาน	O
เฟด	O
แถลง	O
ต่อ	O
สภา	O
ล่าง	O
สหรัฐ	O
ฯ	O
ว่า	O
วิกฤต	O
เอเชีย	O
ยัง	O
ไม่	O
หมด	O
ม้วน	O
วิกฤต	O
ใน	O
ญี่ปุ่น	O
ด้วย	O
เอสแอนด์พี	O
ประกาศ	O
ลด	O
เกรด	O
ไดวา	O

ซีเคียวริตี้ส์	O

โบรกเกอร์	O
ยักษ์	O
อันดับ	O
สอง	O
ของ	O
ญี่ปุ่น	O

ดัชนี	O
หุ้น	O
ใน	O
ตลาด	O
ญี่ปุ่น	O
ตลอดจน	O
ตลาด	O
ต่างๆ	O

ทั่ว	O
เอเชีย	O
ร่วง	O
ดิ่ง	O
อย่าง	O
ทั่ว	O
ถ้วน	O

ตลาด	O
การเงิน	O
ใน	O
ญี่ปุ่น	O
รับ	O
อรุณ	O
ด้วย	O
ข่าว	O
ร้าย	O
จาก	O
ซีก	O
โลก	O
ตะวันตก	O

เมื่อ	O
อลัน	O

กรีนสแปน	O

ประธาน	O
ธนาคาร	O
กลาง	O
สหรัฐอเมริกา	O

(	O
เฟด	O
)	O

กล่าว	O
พาดพิง	O
ถึง	O
เศรษฐกิจ	O
ของ	O
เอเชีย	O
ใน	O
ระหว่าง	O
การ	O
แถลง	O
นโยบาย	O
การเงิน	O
รอบ	O
ครึ่ง	O
ปี	O
ต่อ	O
คณะ	O
อนุ	O
กรรมาธิการ	O
การ	O
ธนาคาร	O
แห่ง	org_start
สภา	O
ผู้แทนราษฎร	O

เมื่อ	O
วัน	O
พุธ	O
วิกฤต	O
เศรษฐกิจ	O
ของ	O
เอเชีย	O
ยัง	O
ไม่	O
หมด	O
สิ้น	O

กรีนสแปน	O

ยัง	O
แถลง	O
อย่าง	O
ตรงๆ	O
ปรากฏ	O
วี่แวว	O
ใน	O
ภูมิภาค	O
เอเชีย	O
สถานการณ์	O
เลว	O
ร้าย	O
ใน	O
เอเชีย	O
กรณี	O
ของ	O
ญี่ปุ่น	O

ด้วยว่า	O
สหรัฐ	O
ฯ	O
จะ	O
ย้ำ	O
เสมอ	O
ถึง	O
ผลกระทบ	O
ที่	O
ญี่ปุ่น	O
มี	O
ต่อ	O
ภูมิภาค	O
เอเชีย	O

โดย	O
รวม	O
ใน	O
กรุง	O
โตเกียว	O
ตลาด	O
การเงิน	O
ของ	O
ญี่ปุ่น	O
เผชิญ	O
กับ	O
ระเบิด	O
สังหาร	O
เป็น	O
คำรบ	O
สอง	O
เมื่อ	O
เพดาน	O
เรตติ้ง	O

Aaa	O

ของ	O
ตราสาร	O
สกุล	O
เงิน	O
เยน	O
ถูก	O
สั่นคลอน	O
หลังจาก	O
สถาบัน	O
จัด	O
อันดับ	O
ความ	O
น่า	O
เชื่อถือ	O
ชั้นนำ	O
ของ	O
โลก	O
นาม	O

มูดดี้ส์	O

อินเวสเตอรส์	O

เซอร์วิส	O

ประกาศ	O
พิจารณา	O
ทบทวน	O
เรตติ้ง	O
ดัง	O
กล่าว	O

หมุนเวียน	O
ภายใน	O
ญี่ปุ่น	O

และ	O
ใน	O
ประเทศ	O
ต่างๆ	O
ทั้งนี้	O

ทาง	O
มูดดี้ส์	O
อธิบาย	O
สาเหตุ	O
ระบบ	O
เศรษฐกิจ	O
ของ	O
ญี่ปุ่น	O
ที่	O
ดื้อดึง	O
ขัดขืน	O
กับ	O
วิธี	O
เยียวยา	O
ระดับ	O
นโยบาย	O
แบบ	O
ที่	O
ใช้	O
กัน	O
อยู่	O
ทั่วไป	O
ความ	O
อ่อนแอ	O
ใน	O
ฐานะ	O
ของ	O
ฮ่องกง	O
บน	O
เวที	O
นอก	O
ประเทศ	O
ด้วย	O
นอกจากนั้น	O
มูดดี้ส์	O
ชี้	O
ไป	O
ที่	O
ปัญหา	O
การคลัง	O
ของ	O
ภาค	O
รัฐ	O
ว่า	O
มี	O
แนวโน้ม	O
ไม่	O
ดี	O
ต่อ	O
ฐานะ	O
ของ	O
ค่า	O
เงิน	O
เยน	O
เพราะ	O
ญี่ปุ่น	O
ประสบ	O
ปัญหา	O
การ	O
ขาด	O
ดุล	O
งบประมาณ	O
อย่าง	O
หนัก	O
ของ	O
ญี่ปุ่น	O
ที่	O
จะ	O
ส่ง	O
ผลกระทบ	O
ต่อ	O
ฐานะ	O
ของ	O
เงิน	O
เยน	O
ทั้งนี้	O

งบประมาณ	O
ของ	O
ญี่ปุ่น	O
ขาด	O
ดุล	O
มาก	O
ถึง	O
ระดับ	O
ผลิตภัณฑ์	O
มวล	O
รวม	O
ภายใน	O
ประเทศ	O

หรือ	O
จีดีพี	O
ขณะที่	O
บรรดา	O
ประเทศ	O
อุตสาหกรรม	O
ใน	O
ประชาคม	O
ยุโรป	O

(	O
อียู	O
)	O

ที่	O
จะ	O
เข้า	O
สู่	O
ระบบ	O
เงิน	O
สกุล	O
เดียว	O
ของ	O
อียู	O
ได้	O

สามารถ	O
ตัด	O
ลด	O
การ	O
ขาด	O
ดุล	O
งบประมาณ	O
ลง	O
ไป	O
ต่ำ	O
กว่า	O
ระดับ	O

3%	O

ของ	O
จีดีพี	O
กัน	O
แล้ว	O
ทางการ	O
ของ	O
ญี่ปุ่น	O
ตอบโต้	O
ด้วย	O
การ	O
ส่ง	O
รมช.	O
ด้าน	O
การค้า	O

โอซามุ	O

วาตานาเบ้	O

ออก	O
มา	O
แย้ง	O
ว่า	O
ไม่ใช่	O
ทุก	O
อย่างที่	O
จะ	O
เลว	O
ร้าย	O
ขนาด	O
ที่	O
มูดดี้ส์	O
วิจารณ์	O
ตลาด	O
การเงิน	O
ญี่ปุ่น	O
ยัง	O
ไม่	O
คลาย	O
จาก	O
ความ	O
กดดัน	O
สถาบัน	O
จัด	O
อันดับ	O
ความ	O
น่า	O
เชื่อถือ	O
ชั้นนำ	O
ของ	O
โลก	O
อีกราย	O
หนึ่ง	O
คือ	O

สแตนดาร์ด	O
แอนด์	O
พัวร์ส์	O

หรือ	O

เอสแอนด์พี	O

ประกาศ	O
ลด	O
เรตติ้ง	O
ของ	O
บริษัท	O
โบรกเกอร์	O
อันดับ	O
สอง	O
ของ	O
ญี่ปุ่น	O

ไดวาซีเคียวริตี้ส์	O

จาก	O
ระดับ	O
ปานกลาง	O

BBB+	O

เป็น	O
ระดับ	O
แนวโน้ม	O
ติดลบ	O

BBB-	O

ทาง	O
เอสแอนด์พี	O
ให้	O
เหตุผล	O
ว่า	O
แนวโน้ม	O
อนาคต	O
ของ	O
ไดวา	O
น่า	O
หดหู่	O
ข่าว	O
ร้าย	O
ทั้งหลาย	O
ที่	O
กระหน่ำ	O
เข้า	O
สู่	O
ญี่ปุ่น	O
มี	O
อิทธิฤทธิ์	O
รุนแรง	O
เป็น	O
พิเศษ	O
การ	O
ลง	O
คะแนน	O
เลือก	O
หัวหน้า	O
ใหม่	O
ของ	O
พรรค	O
ลิเบอรัล	O

เดโมแครติก	O

ปาร์ตี้	O

หรือ	O

แอลดีพี	O

นายกรัฐมนตรี	O
คน	O
ใหม่	O
ของ	O
ญี่ปุ่น	O
แทนที่	O
ริวทาโร	O

ฮาชิโมโต	O

ที่	O
ประกาศ	O
ลา	O
ออก	O
เมื่อ	O
ปิด	O
ตลาด	O
ค้า	O
เงิน	O
ใน	O
โตเกียว	O
วาน	O
นี้	O
ตลาด	O
ค้า	O
เงิน	O
โตเกียว	O
แล้ว	O
ตลาด	O
ค้า	O
เงิน	O
อื่นๆ	O

ของ	O
เอเชีย	O
ก็	O
กระทบ	O
ไป	O
ด้วย	O
ค่า	O
เงิน	O
สกุล	O
เอเชีย	O
ปิด	O
ตลาด	O
อินโดนีเซีย	O
รูเปียห์	O
อ่อน	O
ค่า	O
เป็น	O

14,150	O

รูเปียห์	O
ต่อ	O
ดอลลาร์	O
จาก	O

40.90	O

ฟิลิปปินส์	O

เปโซ	O
เป็น	O

42.10	O

เปโซ	O
ต่อ	O
ดอลลาร์	O
ดอลลาร์	O
ไต้หวัน	O
เป็น	O

34.388	O

จาก	O

34.350	O
ดัชนี	O
หุ้น	O
นิกเคอิ	O
ทรุด	O
ลง	O

0.6	O
%	O

ดัชนี	O
ฮั่งเส็ง	O
ร่วง	O
หนัก	O

2.9	O
%	O

ดัชนี	O
คอมโพสิต	O
ของ	O
ตลาดหุ้น	O
มะนิลา	O
หาย	O
ไป	O

2	O
%	O

ดัชนี	O
ของ	O
ตลาดหุ้น	O
กัวลาลัมเปอร์	O
ร่วง	O

1.5	O
%	O

ดัชนี	O
ของ	O
ตลาดหุ้น	O
ไทย	O
ทรุด	O
หนัก	O

3.6	O
%	O
ดัชนี	O
ของ	O
ตลาดหุ้น	O
จาการ์ตา	O
ร่วง	O
ไป	O

2	O
%	O
"	O
ชวน	O

หลีกภัย	O
"	O

โชว์	O
วิสัยทัศน์	O
โลก	O
ยุค	O
ดิจิตอล	O
คำ	O
ชี้แจง	O
เรื่อง	O

SDH	O

จาก	O
สุเทพ	O

เทือกสุบรรณ	O

พล.ท.	O
กิตติศักดิ์	O

รัฐประเสริฐ	O

ที่ปรึกษา	O

รัฐมนตรีว่าการ	O
กระทรวง	O
กลาโหม	O

ใน	O
ฐานะ	O
ผู้	O
ควบคุม	O
ดูแล	O
โฮมเพจ	O

"	O
สาย	O
ตรง	O
นายก	O
ฯ	O
ชวน	O
"	O

เปิดเผย	O
ถึง	O
การ	O
เปิด	O
ให้	O
บริการ	O
โฮมเพจ	O
ของ	O
นาย	O
ชวน	O

หลีกภัย	O

นายกรัฐมนตรี	O

ว่า	O
โดย	O
มี	O
จุดประสงค์	O
ให้	O
ประชาชน	O
ไทย	O

ได้	O
ร่วม	O
แสดง	O
ทัศนะ	O
วัน	O
เกิด	O
ของ	O
นายก	O
ฯ	O
โทนี่	O
โฮมเพจ	O

"	O
สาย	O
ตรง	O

นายก	O
ฯ	O
ชวน	O
"	O

แบ่ง	O
ออก	O
เป็น	O
หลาย	O
ส่วน	O
รายชื่อ	O
และ	O
ข้อมูล	O
คณะ	O
รัฐมนตรี	O

ภารกิจ	O
นายก	O
ฯ	O

รวม	O
สุนทรพจน์	O
นายก	O
ฯ	O

มติ	O
คณะ	O
รัฐมนตรี	O

เป็นต้น	O
รายงาน	O
สถานะ	O
การคลัง	O
ส่วน	O
สาย	O
ตรง	O
ถึง	O
นายก	O
ฯ	O
เปรม	O

ประกอบไปด้วย	O
นายก	O
ฯ	O
ชลิต	O
ตอบ	O
จม.	O
ประวัติ	O
นายก	O
ฯ	O
อานันท์	O
พรรค	O
ประชาธิปัตย์	O

และ	O
เยี่ยม	O
บ้าน	O
ซอย	O
หมอเหล็ง	O

เรื่อง	O
ของ	O
โครงการ	O
ขยาย	O
เครือข่าย	O

SDH	O

เป็น	O
คำ	O
ชี้แจง	O
ของ	O
นาย	O
สุเทพ	O

เทือกสุบรรณ	O

บทความ	O
พิเศษ	O
จาก	O
นิตยสาร	O
ไทม์	O

โดย	O
มี	O
รูป	O
นิตยสาร	O
เล่ม	O
ที่	O
นายก	O
ฯ	O
ชวน	O
ได้	O
ขึ้น	O
ปก	O
เป็น	O
ครั้ง	O
แรก	O
ที่	O
ผู้นำ	O
ไทย	O
ได้รับ	O
ความ	O
ชื่นชม	O
พล.ท.	O
กิตติศักดิ์	O

ยัง	O
กล่าว	O
อีกด้วย	O
ว่า	O
"	O

พล.ท.	O
กิตติศักดิ์	O
กล่าว	O
พล.ท.	O
วิจารณ์	O
กล่าว	O
ว่า	O
นาย	O
ชวน	O

เป็น	O
ผู้	O
ตอบ	O
เอง	O
ทุก	O
ฉบับ	O
ส่ง	O
เป็น	O
รายงาน	O
ใส่	O
แฟ้ม	O
ให้	O
นายก	O
ชาติชาย	O
รับทราบ	O

จากนั้น	O
นาย	O
อภิสิทธิ์	O
ก็	O
จะ	O
ตอบ	O
โฮมเพจ	O

"	O
สาย	O
ตรง	O

นายก	O
ฯ	O
ปุระชัย	O
"	O

ตั้งแต่	O
เริ่ม	O
เปิด	O
ใช้	O
งาน	O
จนถึง	O
ปัจจุบัน	O
กทม.	O
จับ	O
มือ	O
สจร.	O
แจง	O
ข้อมูล	O
ความ	O
สำคัญ	O
โครงการ	O
รถ	O
ราง	O
พระราม	3	O

โต้	O
กลับ	O
ความเห็น	O
สภาพัฒน์	O
ที่	O
หา	O
ว่า	O
โครงการ	O
ไม่	O
มี	O
ความ	O
คุ้ม	O
ทุน	O

ระบุ	O

สภาพัฒน์	O
มอง	O
ใน	O
มุม	O
แคบ	O
เกินไป	O
กรุงเทพมหานคร	O

(	O
กทม.	O
)	O
ได้	O
ร่วม	O
กับ	O
สำนักงาน	O
คณะ	O
กรรมการ	O
จัด	O
ระบบ	O
การจราจร	O
ทางบก	O

(	O
สจร.	O
)	O

เพื่อ	O
ชี้แจง	O
ความ	O
จำเป็น	O
โครงการ	O
ระบบ	O
ขนส่ง	O
ขนาด	O
รอง	O
สาย	O
พระราม	3	O

ซึ่ง	O
กทม.	O
เป็น	O
ผู้	O
รับผิดชอบ	O
หลังจากที่	O
สำนักงาน	O
คณะ	O
กรรมการ	O
พัฒนาการ	O
เศรษฐกิจ	O
และ	O
สังคม	O
แห่ง	org_start
ชาติ	O

(	O
สศช.	O
)	O

ได้	O
พิจารณา	O
โครงการ	O
และ	O
มี	O
มติ	O
ไม่	O
เห็นด้วย	O
ต่อ	O
การ	O
ดำเนิน	O
โครงการ	O
ดังกล่าว	O
พ.ต.ต.	O
ยงยุทธ	O

สาระสมบัติ	O

เลขาธิการ	O
คณะ	O
กรรมการ	O
จัด	O
ระบบ	O
การจราจร	O
ทางบก	O

(	O
สจร.	O
)	O
กล่าว	O
ว่า	O

โครงการ	O
รถ	O
ไฟฟ้า	O
สาย	O
รอง	O
พระราม	3	O
ใน	O
แผน	O
แม่บท	O
ของ	O
สจร.	O
ที่	O
มี	O
ความ	O
เป็นไป	O
ได้	O
มาก	O
ที่สุด	O
โดย	O
บริเวณ	O
สาธร	O
จะ	O
มี	O
ศักยภาพ	O
ใน	O
การ	O
พัฒนา	O
ให้	O
เป็น	O
ศูนย์กลาง	O
ของ	O
ธุรกิจ	O
ใน	O
อนาคต	O
ได้	O
ต่อ	O
เชื่อม	O
โครงการ	O
เข้า	O
กับ	O
โครงการ	O
รถ	O
ไฟฟ้า	O
ธนายง	O
และ	O
โครงการ	O
ถนน	O
วงแหวน	O
อุตสาหกรรม	O

ทั้งนี้	O
จาก	O
การ	O
ศึกษา	O
เมื่อ	O
รถ	O
ไฟฟ้า	O
ธนายง	O
เปิด	O
ใช้	O
ใน	O
ปี	O

2543	O

รถ	O
ของ	O
องค์การ	O
ขนส่ง	O
มวลชน	O
กรุงเทพ	O

(	O
ขสมก.	O
)	O

รองรับ	O
ได้	O
ไม่	O
เพียงพอ	O
สภาพัฒน์	O
วิสัยทัศน์	O
แคบ	O
นาย	O
สมใจ	O

นิลสิทธานุเคราะห์	O

รอง	O
ผู้	O
ว่า	O
ฯ	O
กทม.	O

กล่าวถึง	O
กระแส	O
ที่	O
ออก	O
มา	O
ว่า	O

กทม.	O
ได้รับ	O
ผลกระทบ	O
โดยเฉพาะ	O
ใน	O
แง่	O
ผู้	O
ลงทุน	O
อย่าง	O
มาก	O
ที่	O
กทม.	O
ได้	O
ทำการ	O
ขึ้น	O
ทะเบียน	O
ผู้	O
ลงทุน	O
ไว้	O
แล้ว	O
เช่น	O

กลุ่ม	O
มิตซูบิชิ	O

บอมบาดิเอร์	O

และ	O
กลุ่ม	O
จีอีซี	O

ที่	O
ผ่าน	O
มา	O

สศช.	O
เคย	O
ให้	O
ความ	O
เห็นชอบ	O
โครงการ	O
พัฒนา	O
พื้นที่	O
ถนน	O
พระราม	3	O

ไป	O
แล้ว	O
ซึ่ง	O
กทม.	O
ได้	O
ดำเนินการ	O
แผนการ	O
พัฒนา	O
มา	O
โดย	O
ตลอด	O
การ	O
พัฒนา	O
พื้นที่	O
พระราม	3	O
กทม.	O

ก็ได้	O
ลงมือ	O
วาง	O
รากฐาน	O
ของ	O
ระบบ	O
สาธารณูปโภค	O
ไว้	O
อย่าง	O
ต่อเนื่อง	O
ด้าน	O
บริษัท	O
ที่ปรึกษา	O
ขอ	O
งกทม.	O

ได้	O
เปิดเผย	O
ข้อมูล	O
โครงการ	O
รถ	O
ไฟฟ้า	O
พระราม	3	O

ระยะทาง	O

11.83	O

กม.	O
ว่า	O

จะ	O
ทำให้	O
ผลตอบแทน	O
การ	O
ลงทุน	O
ของ	O
เอกชน	O
(	O
IRR	O
)	O

18.75	O
%	O
การ	O
พัฒนา	O
อู่	O
จอด	O
ซ่อม	O
ใน	O
เชิง	O
พาณิชย์	O
ค่า	O
ผ่าน	O
เข้า	O
พื้นที่	O
ของ	O
รถยนต์	O
ส่วน	O
บุคคล	O
นาย	O
สมหมาย	O

ภาษี	O

ผู้อำนวยการ	O
สำนักงาน	O
เศรษฐกิจ	O
การคลัง	O

เปิดเผย	O
ถึง	O
ความ	O
คืบหน้า	O
ใน	O
การ	O
ดำเนินการ	O
ของ	O
โครงการ	O
ลงทุน	O
เพื่อ	O
สังคม	O

(	O
Social	O

Investment	O

Project	O

:	O

SIP	O
)	O

ว่า	O

กระทรวง	O
การคลัง	O
จะ	O
สามารถ	O
ทยอย	O
เบิก	O
จ่าย	O
เงิน	O
โดยเฉพาะ	O
เงินกู้	O
จาก	O
ธนาคารโลก	O

(	O
เวิด์ลแบงก์	O
)	O

ที่	O
ได้	O
อนุมัติ	O
เงินกู้	O
จำนวน	O

300	O

ล้าน	O
เหรียญ	O
สหรัฐ	O
ส่วน	O
เงินกู้	O
จาก	O
กองทุน	O
ให้	O
ความ	O
ช่วยเหลือ	O
ทาง	O
เศรษฐกิจ	O
แก่	O
ประเทศ	O
โพ้นทะเล	O
แห่ง	org_start
ญี่ปุ่น	O

(	O
OECF	O
)	O

จำนวน	O

121	O

ล้าน	O
เหรียญ	O
สหรัฐ	O

ที่	O
ได้	O
จัดสรร	O
ให้	O
แก่	O

2	O

หน่วยงาน	O

ได้แก่	O

การ	O
ท่องเที่ยว	O
แห่ง	org_start
ประเทศ	O
ไทย	O

(	O
ททท.	O
)	O

และ	O
กรม	O
ชลประทาน	O
นั้น	O
ได้	O
สรุป	O
โครงการ	O
เรียบร้อย	O
แล้ว	O

ทาง	O
สำนักงาน	O
งบประมาณ	O
ได้	O
ยืนยัน	O
ความ	O
พร้อม	O
ใน	O
การ	O
จัดหา	O
เงิน	O
มี	O
เพียง	O
โครงการ	O
ของ	O
กรุงเทพมหานคร	O

(	O
กทม.	O
)	O

หน่วยงาน	O
เดียว	O
เท่านั้น	O
"	O

ผอ.	O
สคค.	O

กล่าว	O

หน่วยงาน	O
ต่างๆ	O

ส่วนใหญ่	O
ที่	O
ได้	O
ทำ	O
แผน	O
โครงการ	O
เรียบร้อย	O
แล้ว	O
กระทรวง	O
สาธารณสุข	O
ที่	O
มี	O
โครงการ	O
เกี่ยวกับ	O
การ	O
รักษา	O
พยาบาล	O
กรม	O
ชลประทาน	O

ที่	O
มี	O
โครงการ	O
จะ	O
ซ่อม	O
อ่าง	O
เก็บ	O
น้ำ	O
ขนาด	O
เล็ก	O
โครงการ	O
กรม	O
การปกครอง	O

ที่	O
จะ	O
ก่อสร้าง	O
ฝาย	O
น้ำ	O
ล้น	O
วงเงิน	O

1,001	O

ล้าน	O
บาท	O
กรม	O
โยธาธิการ	O

ที่	O
จะ	O
ก่อสร้าง	O
ถนน	O
ใน	O
ชนบท	O
เช่น	O
กระทรวง	O
แรงงาน	O

กรม	O
ประชาสัมพันธ์	O

กระทรวง	O
อุตสาหกรรม	O

การ	O
ท่องเที่ยว	O
แห่ง	org_start
ประเทศ	O
ไทย	O

จะ	O
สามารถ	O
เบิก	O
จ่าย	O
ได้	O
ได้	O
มี	O
การ	O
ตั้ง	O
คณะ	O
ทำงาน	O
พิเศษ	O

เพื่อ	O
ติดตาม	O
ประเมิน	O
ผล	O
การ	O
ดำเนินงาน	O
ตัวแทน	O
จาก	O
หน่วยงาน	O
ที่	O
ต่างๆ	O

เช่น	O

สตง.	O

กระทรวง	O
การคลัง	O

สำนัก	O
งบประมาณ	O

สำนักงาน	O
พัฒนา	O
เศรษฐกิจ	O

และ	O
สภาพัฒน์	O

และ	O
ผู้	O
แทน	O
จาก	O
หน่วยงาน	O
ที่	O
เกี่ยวข้อง	O

นาย	O
กรณ์	O

จาติกวณิช	O

กรรมการ	O
ผู้จัดการ	O

บล.	O
เจ	O

เอฟ	O

ธนาคม	O

จำกัด	O

(มหาชน)	O

กล่าว	O
ใน	O
การ	O
บรรยาย	O
พิเศษ	O
เรื่อง	O

"	O
วิธีการ	O
กระจาย	O
หุ้น	O
รัฐวิสาหกิจ	O
"	O

วาน	O
นี้	O

(	O
23	O

ก.ค.	O
)	O

ที่	O

ร.ร.	O
สยามซิตี้	O

โดย	O
ระบุ	O
ว่า	O

ขาย	O
หุ้น	O
ให้	O
กับ	O
บริษัท	O
ใน	O
กลุ่ม	O
อุตสาหกรรม	O
เดียวกัน	O
กรณี	O
การ	O
ขาย	O
หุ้น	O
บริษัท	O

ผลิต	O
ไฟฟ้า	O

จำกัด	O

(มหาชน)	O

หรือ	O

EGCOMP	O

ที่	O
การ	O
ไฟฟ้า	O
ฝ่าย	O
ผลิต	O
แห่ง	org_start
ประเทศ	O
ไทย	O

(	O
กฟผ.	O
)	O

ขาย	O
หุ้น	O
จำนวน	O

14.9	O
%	O

ให้	O
กับ	O
บริษัท	O

ซีแอลพี	O

เพาเวอร์	O

อินเตอร์เนชั่นแนล	O

จาก	O
ฮ่องกง	O

ใน	O
ราคา	O
หุ้น	O
ละ	O

126	O

บาท	O

ในขณะที่	O
ราคา	O
หุ้น	O

EGCOMP	O

ที่	O
ซื้อขาย	O
ใน	O
ตลาดหลักทรัพย์	O
แห่ง	org_start
ประเทศ	O
ไทย	O

ณ	O

วันที่	O

30	O

มิ.ย.	O
ที่	O
ผ่าน	O
มา	O
นาย	O
กรณ์	O
กล่าว	O
ต่อว่า	O
แม้	O
การ	O
ขาย	O
หุ้น	O
ด้วย	O
วิธี	O
ดังกล่าว	O
จะ	O
ได้	O
ราคา	O
ดี	O
ที่สุด	O
โดยเฉพาะ	O
บริษัท	O
ที่อยู่	O
ใน	O
ตลาดหลักทรัพย์	O
ฯ	O
ควร	O
จะ	O
ต้อง	O
หัน	O
มา	O
ดู	O
ผู้	O
ถือ	O
หุ้น	O
ราย	O
ย่อย	O
ด้วย	O
นาย	O
กานต์	O
กล่าว	O
ว่า	O

บริษัท	O

บางจากปิโตรเลียม	O

จำกัด	O

(มหาชน)	O

ซึ่ง	O
เจ	O

เอฟ	O
ฯ	O
เป็น	O
ที่ปรึกษา	O
ใน	O
การ	O
แปรรูป	O
นั้น	O
ธุรกิจ	O
โรง	O
กลั่น	O
ของ	O
บางจาก	O
แต่	O
อย่าง	O
ใด	O
สำหรับ	O
การ	O
แปรรูป	O
บริษัท	O

เอสโซ่	O

(	O
ประเทศไทย	O
)	O

จำกัด	O

(มหาชน)	O

นั้น	O

ขณะนี้	O
บริษัท	O
กำลัง	O
พิจารณา	O
การ	O
ดำเนิน	O

การ	O

3	O

แนวทาง	O
แนวทาง	O
สัญญา	O
ของ	O
กระทรวง	O
การคลัง	O
ที่	O
กำหนด	O
ว่า	O
จะ	O
ต้อง	O
นำ	O
หุ้น	O
เอสโซ่	O
เข้า	O
จดทะเบียน	O
ใน	O
ตลาดหลักทรัพย์	O
ฯ	O
ใน	O
ปี	O

2543	O

จำหน่าย	O
หุ้น	O
เอสโซ่	O
ที่	O
กระทรวง	O
การคลัง	O
ถือ	O
อยู่	O

12.5	O
%	O

ให้	O
กับ	O
บริษัท	O
แม่	O
ของ	O
เอสโซ่	O

คือ	O
บริษัท	O

เอ็กซอน	O

ขาย	O
หุ้น	O
ให้	O

Strategic	O

Partner	O

โดย	O
สัปดาห์	O
หน้า	O
บริษัท	O
จะ	O
เริ่ม	O
เจรจา	O
กับ	O
บริษัท	O

เอ็กซอน	O

ว่า	O
จะ	O
ให้	O
ราคา	O
หุ้น	O
เอสโซ่	O
เท่าใด	O

"	O
ผาแดง	O
"	O

เผย	O
เม็ด	O
เงิน	O
ขาย	O
หุ้น	O
เพิ่ม	O
ทุน	O
จำนวน	O

1,142	O

ล้าน	O
บาท	O
ส่ง	O
ผล	O
ให้	O
บริษัท	O
มี	O
สภาพ	O
คล่อง	O
มหาศาล	O

ล่าสุด	O

เตรียม	O
ปิด	O
ผาแดงพุงซาน	O
ลง	O
อย่าง	O
ถาวร	O
ภายใน	O
สิ้น	O
ปี	O
นาย	O
อาสา	O

สารสิน	O

ประธาน	O
ผู้	O
บริหาร	O

บริษัท	O

ผาแดง	O

อินดัสทรี้	O

จำกัด	O

(มหาชน)	O

กล่าว	O
ภายหลัง	O
ลงนาม	O
ร่วม	O
กับ	O
บริษัท	O

เวสเทิร์น	O

เมทัลส์	O

จำกัด	O

ใน	O
สัญญา	O
จอง	O
ซื้อ	O
หุ้น	O
การ	O
จำหน่าย	O
หุ้น	O
ของ	O
ผาแดง	O
ได้	O
จำหน่าย	O
ไป	O
ใน	O
ราคา	O
หุ้น	O
ละ	O

14	O

บาท	O

เป็น	O
ราคา	O
ที่	O
สูง	O
กว่า	O
ราคา	O
หุ้น	O
ใน	O
ตลาดหลักทรัพย์	O
เป็น	O
เจ้าหนี้	O
ทั้ง	O
ไทย	O
และ	O
ต่าง	O
ประเทศ	O
คือ	O

ธนาคาร	O
กรุงเทพ	O

ธนาคาร	O
กรุงไทย	O

ธนาคาร	O
ออมสิน	O

และ	O
บรรษัท	O
เงิน	O
ทุน	O
อุตสาหกรรม	O
แห่ง	org_start
ประเทศ	O
ไทย	O

ส่วน	O
เจ้าหนี้	O
ต่าง	O
ประเทศ	O
คือ	O
ธนาคาร	O
เชสแมนฮัตตัน	O

"	O
เวสเทิร์น	O
จะ	O
รับผิดชอบ	O
ใน	O
ส่วน	O
เงินต้น	O
และ	O
ดอกเบี้ย	O
ด้วย	O
หลังจาก	O
หุ้น	O
ผาแดง	O
ทยอย	O
ออก	O
ให้	O

เวสเทิร์น	O
ฯ	O
ก็	O
จะ	O
ส่ง	O
เงินก้อน	O
แรก	O
ให้	O

โดยที่	O
เวสเทิร์น	O
ฯ	O
จะ	O
รับ	O
ภาระ	O
หนี้สิน	O
ทั้ง	O
หมด	O
นับจาก	O
ผาแดง	O
ทยอย	O
ออก	O
หุ้น	O
ให้	O
"	O
ทั้งนี้	O

ผาแดง	O
มี	O
หนี้สิน	O
ระยะ	O
สั้น	O
ทำให้	O
สภาพ	O
คล่อง	O
ของ	O
บริษัท	O
เพิ่ม	O
ขึ้น	O
นาย	O
อาคม	O
กล่าว	O
ว่า	O

ผล	O
ของ	O
การ	O
ร่วม	O
ทุน	O
จะ	O
ทำให้	O
ผาแดง	O
มี	O
ศักยภาพ	O
พร้อม	O
ที่	O
จะ	O
เข้า	O
ไป	O
ดำเนินการ	O
สำรวจ	O
และ	O
ผลิต	O
แหล่ง	O
แร่	O
ใน	O
ประเทศ	O
เพื่อนบ้าน	O

เช่น	O

พม่า	O

ลาว	O
และ	O
เวียดนาม	O

การ	O
ลงทุน	O
ใน	O
โรงงาน	O
ผลิต	O
สังกะสี	O
คณะ	O
บริษัท	O
จะ	O
เดินทาง	O
ไป	O
พม่า	O
เพื่อ	O
สำรวจ	O
แร่	O
แถว	O
ชายแดน	O
ตอน	O
นี้	O
พม่า	O
มี	O
นโยบาย	O
ให้	O
ส่งออก	O
แร่	O
จาก	O
พม่า	O
มา	O
ไทย	O
ได้	O
แล้ว	O
โดย	O
ขณะนี้	O
ได้	O
ปิด	O
เหมือง	O
แร่	O
บาง	O
แห่ง	org_start
เช่น	O

ผาคำ	O

ซึ่ง	O
เป็น	O
เหมือง	O
ทองแดง	O

ที่	O
จังหวัด	O
เลย	O

ส่วน	O
บริษัท	O

ผาแดงพุงซาน	O

ซึ่ง	O
เป็น	O
โรงงาน	O
ผลิต	O
เหรียญ	O
กษาปณ์	O
ให้	O
กรม	O
ธนารักษ์	O
ก็	O
เตรียม	O
จะ	O
ปิด	O
ตัว	O
ลง	O
ผลิต	O
เหรียญ	O
บาท	O
จำนวน	O

480	O

ตัน	O
ให้	O
กรม	O
ธนารักษ์	O
เสร็จสิ้น	O
ลง	O
นาย	O
รอดเดอร์ริค	O

จอห์น	O

เวบสเตอร์	O

กรรมการ	O
ผู้จัดการ	O
และ	O

ประธาน	O
เจ้าหน้าที่	O
บริหาร	O

บริษัท	O

เวสเทิร์น	O

เมทัลส์	O

จำกัด	O

กล่าว	O
ว่า	O

การ	O
เข้า	O
มา	O
ร่วม	O
ทุน	O
กับ	O
ผาแดง	O
โดย	O
ซื้อ	O
หุ้น	O
ที่	O
ราคา	O
สูง	O
กว่า	O
ราคา	O
ตลาด	O
จะ	O
มอบหมาย	O
ให้	O
ผาแดง	O
เป็น	O
ผู้	O
สนับสนุน	O
สินค้า	O
ให้	O
กับ	O
ภูมิภาค	O
เอเชีย	O
ตะวันออกเฉียงใต้	O

ใน	O
เหมือง	O
แร่	O
ที่	O
แม่สอด	O
เพื่อ	O
เพิ่ม	O
ศักยภาพ	O
ของ	O
เหมือง	O
ทั้งนี้	O
ผาแดง	O
มี	O
กำลัง	O
การ	O
ผลิต	O
สังกะสี	O
เต็มที่	O
การ	O
ขยาย	O
โรงงาน	O
ถลุง	O
ที่	O
ระยอง	O
คง	O
ต้อง	O
รอ	O
ดู	O
ภาวะ	O
เศรษฐกิจ	O
สำหรับ	O
โครงสร้าง	O
บริษัท	O
ใหม่	O
นั้น	O

เวสเทิร์น	O
ฯ	O
จะ	O
ส่ง	O
ซีอีโอ	O
เข้า	O
มา	O
บริหาร	O
ใน	O
ผาแดง	O
ส่วน	O
ผาแดง	O
จะ	O
รับผิดชอบ	O
โรงงาน	O
ถลุง	O
ที่	O
มี	O
อยู่	O
เดิม	O
ได้	O
ว่าจ้าง	O
ไพรซ์	O

วอเตอร์	O

เฮ้าส์	O

ทำ	O
แผน	O
ร่วม	O
ระหว่าง	O

2	O

บริษัท	O

ซึ่ง	O
ไม่	O
สามารถ	O
เปิดเผย	O
ในขณะนี้	O
ได้	O
ผาแดง	O
ก็	O
ต้อง	O
ปฏิบัติ	O
อย่าง	O
เคร่งครัด	O

ไม่ว่า	O
จะ	O
เป็น	O
ด้าน	O

Up	O

Stream	O

หรือ	O

Down	O

Stream	O

ทั้งนี้	O

บริษัท	O

เวสเทิร์น	O

เมทัลส์	O

ที่	O
ซิดนีย์	O

ออสเตรเลีย	O
เปิดเผย	O
ว่า	O
ภายหลัง	O
การ	O
จอง	O
ซื้อ	O
หุ้น	O
ดังกล่าว	O
แล้ว	O

เวสเทิร์น	O
ยัง	O
สนใจ	O
จะ	O
เข้า	O
ถือ	O
หุ้น	O
ใน	O
ผาแดง	O
เพิ่ม	O
เป็น	O

45	O
%	O

เมื่อ	O
ตอน	O
ที่	O
ภาพยนตร์	O
เรื่อง	O
ไททานิค	O
ออก	O
ฉาย	O
ก็	O
งาน	O
ของ	O

อี	O
ตา	O
เจมส์	O

ฮอร์นเนอร์	O

แก	O
ก็	O
ทำ	O
เอาไว้	O
ได้	O
ดี	O
สุดๆ	O
เพลง	O
ที่	O
วง	O
ไวท์	O

สตาร์	O

ออร์เคสตร้า	O

ซึ่ง	O
เล่น	O
อยู่	O
บน	O
เรือ	O
ไททานิค	O
และ	O
การ	O
ศึกษา	O
อัลบั้ม	O
ดังกล่าว	O

มี	O
ชื่อ	O
ว่า	O

TITANIC	O

:	O

MUSIC	O

AS	O

HEARD	O

ON	O

THE	O

FATEFUL	O

VOYAGE	O

-	O

THE	O

WHITE	O

STAR	O

ORCHESTRA	O

เรื่องราว	O
ของ	O
วง	O
ไวท์	O

สตาร์	O

กัน	O
แบบ	O
ละเอียด	O
ยิบ	O
การ	O
ที่	O
บริษัท	O

ไวท์	O

สตาร์	O

ไลน์	O

ซึ่ง	O
เป็น	O
บริษัท	O
เดินเรือ	O
ไททานิค	O
ใน	O
เวอร์ชั่น	O
ของ	O

เจมส์	O

ฮอร์นเนอร์	O

มา	O
เป็น	O
ตัว	O
เดิน	O
เรื่อง	O
ประกอบ	O
ผลงาน	O
ของ	O

MAURY	O

YESTON	O

เพลง	O
ไพเราะ	O
ดี	O
ครับ	O

ฟัง	O
ดู	O
อาจ	O
จะ	O
ไม่	O
ยิ่งใหญ่	O
งดงาม	O
ใน	O
แบบ	O
ของ	O

เจมส์	O

ฮอร์เนอร์	O

แต่	O
ก็	O
หวาน	O
ซึ้ง	O
ไททานิค	O
ฉบับ	O
เจมส์	O

คาเมรอน	O

สร้าง	O
โดย	O
สตูดิโอ	O
ฟ็อกซ์	O
ใน	O
ปี	O

1953	O

ผลงาน	O
การ	O
ประพันธ์	O
ของ	O

Sol	O

Kaplan	O

คน	O
ที่	O
ประพันธ์	O
เพลง	O
นี้	O
ได้แก่	O

เจมส์	O

ฮอร์นเนอร์	O

เหมือน	O
กัน	O
มี	O
ยอร์จ	O

ซี	O

สก็อต	O
เป็น	O
พระเอก	O

(	O
แต่	O
ไม่	O
มี	O
แจ็ค	O
และ	O
โรส	O
เข้า	O
มา	O
เอี่ยว	O
ด้วย	O
)	O
แนวทาง	O
ไททานิค	O
ของ	O

เจมส์	O

คาเมรอน	O

ได้	O
อย่าง	O
ดี	O
ในขณะที่	O

สอ	O

เสถบุตร	O

เขียน	O
บทความ	O
เรื่อง	O
ประชาธิปไตย	O
ประเทศ	O
ไทย	O
อยู่	O
ใน	O
ยุค	O
แห่ง	org_start
การ	O
ร่าง	O
รัฐธรรมนูญ	O

สอ	O

เสถบุตร	O

ไม่	O
ได้	O
เป็น	O
สมาชิก	O
สภา	O
ร่าง	O
รัฐธรรมนูญ	O
ระบบ	O
การเมือง	O
ไทย	O
ระบบ	O
ประชาธิปไตย	O
ใน	O
เมือง	O
ไทย	O
สำหรับ	O

สอ	O

เสถบุตร	O

ได้แก่	O

พฤติกรรม	O
ของ	O
สมาชิก	O
สภาผู้แทนราษฎร	O
ตาม	O
ความเห็น	O
ของ	O

สอ	O

เสถบุตร	O

นั้น	O

สภา	O
ร่าง	O
รัฐธรรมนูญ	O
ควร	O
พิจารณา	O
ถึง	O
ปัญหา	O
ระบบ	O
เลือกตั้ง	O
ใหม่	O
ที่	O

สอ	O

เสถบุตร	O

เสนอ	O
ไว้	O
เป็น	O
ความคิด	O
ที่	O
ใหม่	O
สำหรับ	O
เมือง	O
ไทย	O
อยู่	O
มาก	O

รวม	O
ประเทศ	O
ไทย	O
เข้า	O
เป็น	O
เขต	O
เลือกตั้ง	O
เขต	O
เดียว	O
เลือก	O
ผู้แทนราษฎร	O
สำหรับ	O
ประเทศ	O
ชิลี	O
ทั้งหมด	O
จาก	O
บัญชี	O
นัก	O
รัฐศาสตร์	O
รุ่นใหม่	O

เช่น	O

ประพันธศักดิ์	O

กมลเพชร	O

กมล	O

สมวิเชียร	O

และ	O
พงศ์เพ็ญ	O

ศกุนตาภัย	O

เรียกร้อง	O
ให้	O
มี	O
การ	O
เลือกตั้ง	O
นายกรัฐมนตรี	O
โดย	O
ตรง	O

จาก	O
บทความ	O
ของ	O

สอ	O

เสถบุตร	O

นี้	O

ข้อเสนอ	O
ของ	O

สอ	O

เสถบุตร	O

รัฐธรรมนูญ	O
ฉบับ	O
ปัจจุบัน	O
ของ	O
เวียดนาม	O
ต้อง	O
เสีย	O
ค่าใช้จ่าย	O
ไป	O
ประมาณ	O

100	O

ล้าน	O
บาท	O

สายฟ้า	O

เศรษฐบุตร	O

เขียน	O
บทความ	O
นี้	O
ปัญหา	O
ทาง	O
การเมือง	O
ของ	O
อิรัก	O
ตาม	O
ที่	O
เขา	O
กล่าว	O
ไว้	O
อย่างไร	O
บ้าง	O

ความ	O
โชคดี	O
อยู่	O
ที่	O
ว่า	O

สอ	O

อาสนจินดา	O

ไม่	O
ต้อง	O
ทน	O
ทรมาน	O
รัฐธรรมนูญ	O
แห่ง	org_start
ราชอาณาจักร	O
ไทย	O
มี	O
สัญชาติ	O
ไทย	O

โดย	O
กำเนิด	O

และ	O
มีอายุ	O
ไม่	O
ต่ำ	O
กว่า	O
สี่	O
สิบ	O
ปี	O
บริบูรณ์	O
สมาชิก	O
วุฒิสภา	O
ให้	O
มี	O
จำนวน	O
สาม	O
ใน	O
สี่	O
ของ	O
จำนวน	O
สมาชิก	O
ทั้งหมด	O
ของ	O
สภา	O
ผู้	O
แทน	O
.........	O
"	O
ระบบ	O
รัฐสภา	O
ไทย	O

สอ	O

เสถบุตร	O

สมาชิกสภาผู้แทนราษฎร	O
ที่	O
เคย	O
มี	O
มา	O
ไม่	O
อาจ	O
ช่วย	O
ให้	O
บ้านเมือง	O
ของ	O
เรา	O
เป็น	O
ประชาธิปไตย	O
ขึ้น	O
มา	O
ได้	O

อย่างไรก็ดี	O

สอ	O

เสถบุตร	O

ต่าง	O
กับ	O
คณะ	O
ผู้	O
ปกครอง	O
ประเทศ	O
ใน	O
เวลา	O
นั้น	O
ระบบ	O
การ	O
เลือกตั้ง	O
ใน	O
ปัจจุบัน	O
จะ	O
เป็น	O
อย่างที่	O

กิตติ	O

เสถบุตร	O

เสนอ	O
ไว้	O
หรือไม่	O
นั้น	O
ย่อม	O
ไร้	O
ความหมาย	O
บทความ	O
เรื่อง	O
ประชาธิปไตย	O
และ	O
รัฐธรรมนูญ	O

ของ	O
สาย	O

เสถบุตร	O

นี้	O
เขียน	O
ใน	O
ปี	O

พ.ศ.	O

2508	O

ปัญหา	O
ต่างๆ	O
ที่	O

สอ	O

เสถบุตร	O

หยิบยก	O
มา	O
กล่าว	O
ไว้	O
การ	O
พัฒนา	O
การเมือง	O
ไทย	O
ใน	O
ปัจจุบัน	O
อยู่	O
ดัง	O
ที่	O

สอ	O

เสถบุตร	O

ชี้	O
ให้	O
เห็น	O
ว่า	O
บริษัท	O
ศูนย์วิจัย	O

กสิกรไทย	O

จำกัด	O

รายงาน	O
ว่า	O

จุดอ่อน	O
ของ	O
ระบบ	O
ธนาคาร	O
พาณิชย์	O
ไทย	O

เพื่อให้	O
ครอบคลุม	O
ตัวเลข	O

NPL	O

การ	O
เพิ่ม	O
ทุน	O
ของ	O
แบงก์	O
พาณิชย์	O
ทั้งหมด	O

มี	O
แค่	O
ประมาณ	O

2.19	O

แสน	O
ล้าน	O
บาท	O
เท่านั้น	O
การ	O
ลด	O
ดอกเบี้ย	O
ของ	O
แบงก์	O
กรุงเทพ	O
ทั้งหมด	O
การ	O
ลด	O
เงินทุน	O
ของ	O
แบงก์	O
กสิกรไทย	O
นั้น	O
แบงก์	O
นครธน	O

และ	O
แบงก์	O
กรุงศรีอยุธยา	O

ร่วมมือ	O
กัน	O
วงเงิน	O
เพิ่ม	O
ทุน	O
จริง	O
ที่	O
ธนาคาร	O
ได้รับ	O
ศูนย์	O
วิจัย	O
ระบุ	O
ตัวเลข	O
เพิ่ม	O
ทุน	O
ขั้น	O
ต่ำ	O
ของ	O
ระบบ	O
แบงก์	O
พาณิชย์	O
อยู่	O
ที่	O

4.08	O

แสน	O
ล้าน	O
บาท	O
สัดส่วน	O
สินเชื่อ	O
ที่	O
ไม่	O
ก่อให้เกิด	O
รายได้	O

(	O
NPL	O
)	O

ตัวเลข	O
ทุนจดทะเบียน	O
ชำระ	O
แล้ว	O
ของ	O
แบงก์	O
ไทย	O

16	O

แห่ง	org_start

(	O
รวม	O
ธนาคาร	O
รัตนสิน	O
)	O

อยู่	O
ที่	O

196,945	O

ล้าน	O
บาท	O

บาง	O
แบงก์	O
ขาย	O
ได้	O
ศูนย์	O
วิจัย	O
กสิกรไทย	O
ระบุ	O
ว่า	O
เมื่อ	O
ต้น	O
ปี	O

แบงก์	O
ชาติ	O
ประเมิน	O
ว่า	O
แบงก์	O
พาณิชย์	O
ทั้ง	O
ระบบ	O
จะ	O
ต้อง	O
เพิ่ม	O
ทุน	O
คาด	O
ว่า	O
ธนาคาร	O
พาณิชย์	O
อาจ	O
ต้อง	O
เพิ่ม	O
ทุน	O
มี	O
เงิน	O
กองทุน	O
ต่อ	O
สินทรัพย์	O
เสี่ยง	O
เพียงพอ	O
ตาม	O
หลักเกณฑ์	O
ของ	O
แบงก์	O
ชาติ	O

ศูนย์	O
วิจัย	O
เผย	O
ว่า	O

ปัญหา	O
เงิน	O
กองทุน	O
ดังกล่าว	O

อาจ	O
กลายเป็น	O
ภาระ	O
ของ	O
ระบบ	O
เศรษฐกิจ	O
รัฐบาล	O
ต้อง	O
เข้า	O
ไป	O
ดูแล	O
สถาบัน	O
การเงิน	O
ที่	O
อ่อนแอ	O
ภาระ	O
ทาง	O
การคลัง	O
จะ	O
เกิด	O
ขึ้น	O
ฐานะ	O
ดำเนินการ	O
ของ	O
ธนาคาร	O
น่า	O
จะ	O
ผ่อนคลาย	O
ลง	O
ศูนย์	O
วิจัย	O
ระบุ	O
ใน	O
รายงาน	O
บท	O
วิจัย	O
ทั้งนี้	O

ธนาคาร	O
พาณิชย์	O
ไทย	O

15	O

แห่ง	org_start
ก.ล.ต.	O
เปิด	O
ข้อมูล	O
เพิ่มเติม	O
กรณี	O
สั่ง	O
พัก	O
ให้	O
ความ	O
เห็นชอบ	O
4	O

ผู้จัดการ	O
กองทุน	O
บล.	O
กองทุน	O

มั่นใจ	O
ผู้	O
บริหาร	O
ขาด	O
ความ	O
ระมัดระวัง	O
บริษัท	O
เข้า	O
ลงทุน	O
ใน	O
ตั๋วแลกเงิน	O
บริษัท	O
ที่	O
ผู้	O
บริหาร	O
บล.	O
กองทุนรวม	O
เป็น	O
ผู้	O
ร่วม	O
ก่อ	O
ตั้ง	O
สำนักงาน	O
คณะ	O
กรรมการ	O
กำกับ	O
หลักทรัพย์	O
และ	O
ตลาดหลักทรัพย์	O

(	O
ก.ล.ต.	O
)	O

เปิดเผย	O
ข้อมูล	O
เพิ่มเติม	O
กรณี	O
สั่ง	O
พัก	O
การ	O
ให้	O
ความ	O
เห็นชอบ	O

4	O

ผู้จัดการ	O
กองทุน	O

บล.	O
กองทุนรวม	O

จำกัด	O
(มหาชน)	O

หรือ	O

MFC	O

เป็น	O
เวลา	O

6	O

เดือน	O

หลังจากที่	O
บล.	O
กองทุนรวม	O
ชี้แจง	O
ข้อมูล	O
ไป	O
ยัง	O
ตลาดหลักทรัพย์	O
ฯ	O
ว่าไม่ได้	O
กระทำ	O
การ	O
ผิด	O
จรรยาบรรณ	O
และ	O
ดำเนินการ	O
ใน	O
ลักษณะ	O
ขัดแย้ง	O
ทาง	O
ผลประโยชน์	O

(	O
Conflict	O

of	O

Interest	O
)	O

แต่อย่างใด	O

โดย	O
ก.ล.ต.	O
ชี้แจง	O
รายละเอียด	O
เพิ่มเติม	O
ดังนี้	O

นาย	O
ดำรงสุข	O

อมาตยกุล	O
,	O

นาย	O
วรุตม์	O

วัชโรทยาน	O
และ	O
นาย	O
ณัฐวุฒิ	O

ธรรมจารี	O

ผู้จัดการ	O
กองทุนรวม	O
ได้	O
ตัดสินใจ	O
ลงทุน	O
ใน	O
ตั๋วแลกเงิน	O
ของ	O
บริษัท	O
นอก	O
ตลาดหลักทรัพย์	O
แห่ง	org_start
หนึ่ง	O

บริษัท	O
ดังกล่าว	O
มี	O
ผู้	O
บริหาร	O
ของ	O
บล.	O

กองทุนรวม	O

เป็น	O
ผู้	O
เริ่ม	O
จัดตั้ง	O
บริษัท	O
มา	O
ตั้งแต่	O
ต้น	O
ในขณะที่	O
ใน	O
ช่วง	O
เวลา	O
เดียวกัน	O
กองทุนรวม	O
ได้	O
ลงทุน	O
ใน	O
ตั๋วสัญญาใช้เงิน	O
ของ	O
สถาบัน	O
การเงิน	O
หลาย	O
แห่ง	org_start
ผู้จัดการ	O
กองทุนรวม	O
ชี้แจง	O
ว่า	O
ตัดสินใจ	O
ลงทุน	O
เพราะ	O
มี	O
บงล.	O
พารา	O

จำกัด	O

(มหาชน)	O

เป็น	O
ผู้	O
รับ	O
อาวัล	O

เมื่อ	O
ตั๋วแลกเงิน	O
ครบกำหนด	O
บริษัท	O
ปฏิเสธ	O
การ	O
ชำระ	O
เงิน	O
นาย	O
ดำรงสุข	O

อมาตยกุล	O
,	O

นาย	O
วรุตม์	O

วัชโรทยาน	O
และ	O
นาง	O
กมลวรรณ	O

เขมะสุนันท์	O

ผู้จัดการ	O
กองทุนรวม	O
ได้	O
ตัดสินใจ	O
ลงทุน	O
ใน	O
ตั๋วแลกเงิน	O
ของ	O
บริษัท	O
นอก	O
ตลาดหลักทรัพย์	O
แห่ง	org_start
หนึ่ง	O
เนื่องจาก	O
ก่อนหน้า	O
นี้	O
ผู้จัดการ	O
กองทุนรวม	O
ได้	O
ตัดสินใจ	O
ลงทุน	O
ใน	O
หุ้น	O
สามัญ	O
ของ	O
บริษัท	O
ดังกล่าว	O
ผู้จัดการ	O
กองทุนรวม	O
ชี้แจง	O
ว่า	O
ตัดสินใจ	O
ลงทุน	O
เพราะ	O
มี	O
บงล.	O
สหธนกิจไทย	O

จำกัด	O

(มหาชน)	O

เป็น	O
ผู้	O
รับ	O
อาวัล	O
นาย	O
บัณฑูร	O

ล่ำซำ	O

กรรมการ	O
ผู้จัดการ	O

ธนาคาร	O
กสิกรไทย	O

จำกัด	O

มหาชน	O

ประกาศ	O
ลด	O
อัตรา	O
ดอกเบี้ย	O
ในขณะนี้	O
อัตรา	O
ดอกเบี้ย	O
เงินกู้	O
ของ	O
ธนาคาร	O
กสิกรไทย	O
เป็น	O
อัตรา	O
ดอกเบี้ย	O
เงินกู้	O
ที่	O
ต่ำ	O
ที่สุด	O
ใน	O
ระบบ	O
ธนาคาร	O
พาณิชย์	O
ของ	O
ไทย	O
อัตรา	O
ดอกเบี้ย	O
เงินกู้	O

เอ็ม	O
แอล	O
อาร์	O

อยู่	O
ที่	O

15.25%	O

เอ็ม	O
อาร์	O
อาร์	O

16.50%	O

เอ็ม	O
โอ	O
อาร์	O

15.75%	O

ก่อนหน้า	O
นี้	O
ธนาคาร	O
กสิกรไทย	O
ก็	O
เป็น	O
ธนาคาร	O
แห่ง	org_start
แรก	O
ส่วน	O
ธนาคาร	O
กรุงไทย	O

จำกัด	O

(มหาชน)	O

ลด	O
ดอกเบี้ย	O
เงิน	O
ฝากประจำ	O
คณะ	O
กรรมการ	O
ประเมิน	O
ผลงาน	O
ฯ	O
เห็นชอบ	O
ผล	O
ประเมิน	O
รัฐวิสาหกิจ	O

ปี	O

2540	O

ระบุ	O

กสท.	O

การ	O
ท่าเรือ	O
และ	O
โรงงาน	O
ยาสูบ	O
ยอดเยี่ยม	O
ส่วน	O
การ	O
ประปา	O
ส่วน	O
ภูมิภาค	O

บริษัท	O
ขนส่ง	O
และ	O
องค์กร	O
รับ	O
ส่ง	O
สินค้า	O
ฯ	O
ยอด	O
แย่	O

นาย	O
ศุภรัตน์	O

ควัฒน์กุล	O

ที่ปรึกษา	O
การคลัง	O

ใน	O
ฐานะ	O
โฆษก	O
กระทรวง	O
การคลัง	O
แถลง	O
ว่า	O

คณะ	O
กรรมการ	O
ประเมิน	O
ผลงาน	O
รัฐวิสาหกิจ	O
ได้	O
มี	O
มติ	O
เห็นชอบ	O
รัฐวิสาหกิจ	O
ที่	O
ได้รับ	O
ผล	O
การ	O
ประเมิน	O
สูงสุด	O

คือ	O

มี	O
การ	O
ปรับ	O
ปรุง	O
ประสิทธิภาพ	O
ใน	O
การ	O
ดำเนิน	O
งาน	O
ได้	O
ดี	O
ขึ้น	O
มาก	O

3	O

แห่ง	org_start
แรก	O

คือ	O

การ	O
สื่อสาร	O
แห่ง	org_start
ประเทศ	O
ไทย	O

การ	O
ท่าเรือ	O
แห่ง	org_start
ประเทศ	O
ไทย	O

และ	O
โรงงาน	O
ยาสูบ	O

รัฐวิสาหกิจ	O
ที่	O
มี	O
ผล	O
การ	O
ประเมิน	O
อยู่	O
ใน	O
เกณฑ์	O
ต่ำ	O
สุด	O

3	O

แห่ง	org_start
สุดท้าย	O

คือ	O

การ	O
ประปา	O
ส่วน	O
ภูมิภาค	O

บริษัท	O
ขนส่ง	O

จำกัด	O

และ	O
องค์การ	O
รับ	O
ส่ง	O
สินค้า	O
และ	O
พัสดุภัณฑ์	O
โดย	O
กระทรวง	O
เจ้า	O
สังกัด	O
และ	O
กระทรวง	O
การคลัง	O
กับ	O
ภาค	O
รัฐวิสาหกิจ	O

โดย	O
ประธาน	O
คณะ	O
กรรมการ	O
และ	O
ผู้	O
บริหาร	O
สูงสุด	O
ของ	O
รัฐวิสาหกิจ	O
แต่ละ	O
แห่ง	org_start
คณะ	O
กรรมการ	O
ประเมิน	O
ผล	O
ฯ	O

จะ	O
ประเมิน	O
ผล	O
การ	O
ดำเนินงาน	O
ใน	O

6	O

ด้าน	O

คือ	O

ซึ่ง	O
คณะ	O
กรรมการ	O
ประเมิน	O
ผล	O
ฯ	O
จะ	O
ประเมิน	O
รัฐวิสาหกิจ	O
ทุก	O
ปี	O

คณะ	O
กรรมการ	O
ประเมิน	O
ผลงาน	O
รัฐวิสาหกิจ	O
มี	O
นาย	O
ศุภชัย	O

พิศิษฐวานิช	O

ปลัด	O
กระทรวง	O
การคลัง	O
เป็น	O
ประธาน	O
สถาบัน	O
จัด	O
อันดับ	O
ความ	O
น่า	O
เชื่อถือ	O

มูดี้ส์	O

อินเวสเตอร์	O

เซอร์วิส	O

ได้	O
ทบทวน	O
และ	O
มี	O
แนวโน้ม	O
จะ	O
ลด	O
อันดับ	O
ความ	O
น่า	O
เชื่อถือ	O
เงิน	O
ฝาก	O
ของ	O
ธนาคาร	O
ญี่ปุ่น	O
การ	O
ซื้อขาย	O
ช่วง	O
เช้า	O
ที่	O
ตลาด	O
โตเกียว	O

การ	O
เลือกตั้ง	O
หัวหน้า	O
พรรค	O
ประชากรไทย	O

ซึ่ง	O
นาย	O
เคอิโช	O

โอบูชิ	O

ยัง	O
คง	O
ได้รับ	O
คะแนน	O
เสียง	O
ส่วนใหญ่	O
เข้า	O
ลงทุน	O
ใน	O
สหรัฐ	O
ฯ	O

เนื่องจาก	O
การ	O
ออก	O
มา	O
ให้	O
สัมภาษณ์	O
ของ	O
นาย	O
อลัน	O

กรีนสแปน	O

เกี่ยวกับ	O
การ	O
เกิด	O
ภาวะ	O
เงินเฟ้อ	O
ใน	O
อเมริกา	O
ที่	O
อาจ	O
ส่ง	O
ผล	O
ให้	O
ธนาคาร	O
กลาง	O
ของ	O
สหรัฐ	O
ฯ	O
ปรับ	O
ขึ้น	O
อัตรา	O
ดอกเบี้ย	O
ใน	O
ประเทศ	O
ได้	O

ผล	O
การ	O
เลือกตั้ง	O
ของ	O
โครเอเชีย	O

ส่ง	O
ผล	O
ให้	O
การ	O
เคลื่อนไหว	O
ของ	O
ค่า	O
เงิน	O
ต่างๆ	O
ใน	O
ภูมิภาค	O
อาเซียน	O
ปรับ	O
ตัว	O
เงิน	O
อินโดนีเซีย	O

อยู่	O
ที่	O

14,000	O
/	O
14,500	O

รูเปียห์	O
ต่อ	O
ดอลลาร์	O

และ	O
ค่า	O
เงิน	O
สิงคโปร์	O
ที่	O
ระดับ	O

1.7125	O
/	O
45	O

สิงคโปร์	O
ดอลลาร์	O
/	O
ดอลลาร์	O

ดอกเบี้ย	O
ใน	O
ตลาด	O
อาร์	O
/	O
พี	O

ปรับ	O
ลด	O
ลง	O
ที่	O
ตลาด	O
นิวยอร์ก	O
ใน	O
วัน	O
พุธ	O
ที่	O

22	O

ก.ค.	O
สถาบัน	O
การเงิน	O
ของ	O
รัสเซีย	O
ได้	O
เข้า	O
สู่	O
ความ	O
สงบ	O
ได้รับ	O
เงินกู้	O
งวด	O
แรก	O
จาก	O
ไอเอ็มเอฟ	O
นาย	O
พีรศิลป์	O

ศุภผลศิริ	O

กรรมการ	O
ผู้จัดการ	O
ใหญ่	O

บริษัท	O
เงินทุน	O
หลักทรัพย์	O
(	O
บงล.	O
)	O
กรุงไทยธนกิจ	O
หรือ	O
เค	O
ที	O
ที	O

เปิดเผย	O
กรณี	O
ที่	O
ม.ร.ว.	O
จัตุมงคล	O

โสณกุล	O

ผู้ว่าการ	O
ธนาคาร	O
แห่ง	org_start
ประเทศ	O
ไทย	O

(	O
ธปท.	O
)	O

ได้	O
ตี	O
กลับ	O
การ	O
ควบ	O
กิจการ	O
ของ	O

เค	O
ที	O
ที	O
กับ	O

7	O

ไฟแนนซ์	O
ว่า	O

จำเป็นต้อง	O
รอ	O
การ	O
ตัดสินใจ	O
สิน	O
ใจ	O
ของ	O
ทางการ	O
ขณะนี้	O
ประเทศ	O
กัมพูชา	O
อยู่	O
ใน	O
ภาวะ	O
ที่	O
ขาด	O
เงิน	O
ทุน	O
มาก	O
ระบบ	O
ธนาคาร	O
ก็	O
ต้อง	O
มี	O
ความ	O
โปร่งใส	O
สถาบัน	O
การเงิน	O

7	O

แห่ง	org_start
ที่อยู่	O
ใน	O
แผน	O
ควบ	O
รวม	O
กิจการ	O

ได้แก่	O

บงล.	O
ร่วมเสริมกิจ	O

บง.	O
นวธกิจ	O

บง.	O
มหาทุน	O

บง.	O
บางกอกอาเซียน	O

บงล.	O
เคสิท	O

บง.	O
เอราวัณ	O

ทรัสต์	O

และ	O
บง.	O
เศรษฐการ	O
"	O
ช่วง	O
ที่	O
กรุงไทยธนกิจ	O
ต้อง	O
เข้า	O
เป็น	O
แกน	O
ใน	O
การ	O
รับ	O
ซื้อ	O
ตั๋วสัญญาใช้เงิน	O
ของ	O
สถาบัน	O
การเงิน	O
ที่	O
ถูก	O
ปิด	O
ไป	O
ปัจจุบัน	O
ทาง	O
กรุงไทยธนกิจ	O
เอง	O
ก็	O
ประสบ	O
ปัญหา	O
ขอ	O
อนุมัติ	O
จาก	O
กระทรวง	O
การคลัง	O
ที่	O
จะ	O
ขอรับ	O
ความ	O
ช่วยเหลือ	O
สภาพ	O
คล่อง	O
จาก	O
ต่าง	O
ชาติ	O
คือ	O

ซิตี้คอร์ป	O
และ	O
สแตนดาร์ด	O

ชาร์เตอร์ด	O
แบงก์	O
"	O
นาย	O
พีรศิลป์	O
กล่าวถึง	O
เหตุผล	O
โดย	O
ทาง	O
กรุงไทยธนกิจ	O
ได้	O
เร่ง	O
จัดหา	O
แหล่ง	O
เงิน	O
ทุน	O
โดย	O
มี	O
ธนาคาร	O
ซิตี้คอร์ป	O
และ	O
ธนาคาร	O
สแตนดาร์ด	O
ชาร์เตอร์ด	O
เป็น	O
ตัวแทน	O
ใน	O
ครั้ง	O
นี้	O

ทั้งนี้	O
ยอด	O
วงเงิน	O
ที่	O
กรุงไทยธนกิจ	O
ต้อง	O
รับ	O
ซื้อ	O
ลด	O
ตั๋ว	O
โครงการ	O
จาก	O
ผู้	O
ทรง	O
คุณวุฒิ	O
ของ	O
สถาบัน	O
การเงิน	O
ทั้ง	O

16	O

แห่ง	org_start
ทาง	O
กรุงไทยธนกิจ	O
จะ	O
เริ่ม	O
โครงการ	O
วงเงิน	O
ที่	O
ทาง	O
กรุงไทยธนกิจ	O
ต้อง	O
รับ	O
ซื้อ	O
ทั้งหมด	O
เท่ากับ	O
อัตรา	O
ที่	O
ธนาคาร	O
กรุงไทย	O

จำกัด	O

(มหาชน)	O

คิด	O
ส่วนลด	O
จาก	O
การ	O
รับ	O
ซื้อ	O
บัตร	O
เงิน	O
ฝาก	O

(	O
NCD	O
)	O

ที่	O
ธนาคาร	O
กรุงไทย	O

ออก	O
ตาม	O
โครงการ	O
รับ	O
แลกเปลี่ยน	O
ตั๋ว	O
ฯ	O

นาย	O
เฮนรี่	O

โฮ	O

ประธาน	O
เจ้าหน้าที่	O
บริหาร	O

ซิตี้คอร์ป	O
กล่าว	O
นาง	O
ทิพย์ภาพร	O

เกิดผล	O

ผู้อำนวยการ	O
สำนัก	O
บริหาร	O
เงิน	O
ธนาคาร	O
สแตนดาร์ด	O

ชาร์เตอร์ด	O

กล่าว	O
เสริม	O
นาย	O
พีรศิลป์	O

กล่าวถึง	O
กำหนด	O
ระยะ	O
เวลา	O
สิ้นสุด	O
โครงการ	O
เมื่อ	O
ทาง	O
กรุงไทยธนกิจ	O
ได้	O
เปลี่ยน	O
ตั๋วสัญญาใช้เงิน	O
เมื่อ	O
โครงการ	O
สิ้นสุด	O
ลง	O
หาก	O
กรุงไทยธนกิจ	O

และ	O
หรือ	O
ตัวแทน	O
จัดหา	O
แหล่ง	O
เงิน	O
ทุน	O
ทาง	O
กรุงไทยธนกิจ	O
จะ	O
จัดสรร	O
เงิน	O
รับ	O
ซื้อ	O
ลด	O
ตามลำดับ	O
ก่อน	O
หลัง	O

(	O
FIRST	O

COME	O

FIRST	O

SERVE	O
)	O

ทาง	O
กรุงไทย	O

และ	O
สงวน	O
สิทธิ	O
ที่	O
จะ	O
เปลี่ยนแปลง	O
นาย	O
พีรศิลป์	O
ได้	O
ว่า	O

บงล.	O
กรุงไทยธนกิจ	O
จะ	O
เก็บ	O
ค่า	O
ธรรมเนียม	O
จด	O
แจ้ง	O
การ	O
โอน	O
สิทธิ	O
นาย	O
อรรคพล	O

สรสุชาติ	O

โฆษก	O
ประจำ	O
สำนัก	O
นายกรัฐมนตรี	O

กล่าว	O
ว่า	O

ใน	O
การ	O
เจรจา	O
กับ	O
เจ้าหน้าที่	O
ไอเอ็มเอฟ	O

เกี่ยวกับ	O
หนังสือ	O
แสดง	O
เจตจำนง	O
เจรจา	O
กับ	O
ไอเอ็มเอฟ	O
มา	O
ตั้งแต่	O
หนังสือ	O
แสดง	O
เจตจำนง	O
หน่วยงาน	O
ที่	O
เกี่ยวข้อง	O
คือ	O

กระทรวง	O
การคลัง	O

ธนาคาร	O
แห่ง	org_start
ประเทศ	O
ไทย	O

(	O
ธปท.	O
)	O

และ	O
สำนักงาน	O
คณะ	O
กรรมการ	O
พัฒนาการ	O
เศรษฐกิจ	O
และ	O
สังคม	O
แห่ง	org_start
ชาติ	O

(	O
สศช.	O
)	O

กำลัง	O
พิจารณา	O
ทบทวน	O
และ	O
จะ	O
เสนอ	O
คณะ	O
กรรมการ	O
รัฐมนตรี	O
ว่าด้วย	O
นโยบาย	O
เศรษฐกิจ	O
พิจารณา	O
ใน	O
อีก	O

2	O

สัปดาห์	O
ข้างหน้า	O
ไป	O
เป็น	O
กรอบ	O
ใน	O
การ	O
เจรจา	O
กับ	O
ไอเอ็มเอฟ	O
ด้วย	O
นาย	O
อรรคพล	O
กล่าว	O
ว่า	O

แผน	O
กระตุ้น	O
เศรษฐกิจ	O
ที่	O
จะ	O
เจรจา	O
กับ	O

ไอเอ็มเอฟ	O

4	O

เป้าหมาย	O
หลัก	O
ประกอบด้วย	O

ส่วน	O
ข้อเสนอ	O
ของ	O
เอกชน	O
ใน	O
การ	O
ร่วม	O
เจรจา	O
กับ	O
ไอเอ็มเอฟ	O

คง	O
เป็นไป	O
ได้	O
ยาก	O
ผ่าน	O
ทาง	O
คณะ	O
กรรมการ	O
ร่วม	O
ภาค	O
รัฐบาล	O
และ	O
เอกชน	O

เพื่อ	O
แก้	O
ปัญหา	O
เศรษฐกิจ	O

(	O
กรอ.	O
)	O

พิจารณา	O
และ	O
หารือ	O
กับ	O
ไอเอ็มเอฟ	O
ต่อไป	O
"	O

นาย	O
อรรคพล	O
กล่าว	O
บง.บล.	O
"	O
พาณิชย์	O
"	O

ตั้ง	O
อนุญาโตตุลาการ	O
พิจารณา	O
กรณี	O
พิพาท	O
ประกันภัย	O
แล้ว	O

ให้	O
ยื่น	O
เรื่อง	O
ต่อ	O
อธิบดี	O
กรม	O
การ	O
ประกันภัย	O
ที่	O
กรุงเทพฯ	O

หรือ	O
สำนักงาน	O
ประกันภัย	O
จังหวัด	O
ทั่ว	O
ประเทศ	O

นาย	O
ไพฑูรย์	O

แก้วทอง	O

รัฐมนตรีช่วยว่าการ	O
กระทรวง	O
พาณิชย์	O

เปิดเผย	O
ว่า	O

ขณะนี้	O
กรม	O
การ	O
ประกันภัย	O
ได้	O
จัดทำ	O
สาระ	O
สำคัญ	O
ข้อบังคับ	O
กรม	O
การ	O
ประกันภัย	O
ว่าด้วย	O
อนุญาโตตุลาการ	O
แล้ว	O
จึง	O
ได้	O
มี	O
มติ	O
ให้	O
มี	O
คณะ	O
กรรมการ	O
อนุญาโตตุลาการ	O

ซึ่ง	O
มี	O
อธิบดี	O
กรม	O
การ	O
ประกันภัย	O
เป็น	O
ประธาน	O
กรรมการ	O
อื่น	O

ๆ	O

ประกอบด้วย	O
ผู้	O
แทน	O
กระทรวง	O
ยุติธรรม	O

ผู้	O
แทน	O
กรม	O
อัยการ	O

นายก	O
สมาคม	O
ประกันวินาศภัย	O

นายก	O
สมาคม	O
ประกันชีวิต	O
ไทย	O

นายก	O
สมาคม	O
นายหน้า	O
ประกันภัย	O

และ	O
ผู้	O
แทน	O
กรม	O
การ	O
ประกันภัย	O
เป็น	O
กรรมการ	O
และ	O
เลขานุการ	O

และ	O
ให้	O
คณะ	O
กรรมการ	O
แต่งตั้ง	O
ข้าราชการ	O
กรมการ	O
ประกันภัย	O
เป็น	O
ผู้	O
ช่วย	O
เลขานุการ	O
นาย	O
ไพฑูรย์	O

กล่าว	O
ว่า	O

คือ	O
จะ	O
ยื่น	O
ที่	O
กรุงเทพฯ	O

หรือ	O
สำนักงาน	O
ประกันภัย	O
จังหวัด	O
ที่	O
มี	O
ภูมิลำเนา	O
อยู่	O
ก็ได้	O
สำหรับ	O
การ	O
อนุญาโตตุลาการ	O
นั้น	O

กรณี	O
ข้อ	O
พิพาท	O
ที่	O
มี	O
ทุนทรัพย์	O
เรียกร้อง	O
ไม่	O
เกิน	O

1	O

ล้าน	O
บาท	O
ให้	O
มี	O
อนุญาโตตุลาการ	O

1	O

คน	O
ให้	O
มี	O
อนุญาโตตุลาการ	O
จำนวน	O

1	O

คน	O
หรือ	O

3	O

คน	O
จากนั้น	O
อธิบดี	O
จะ	O
นัด	O
พร้อม	O
คู่พิพาท	O
นาย	O
ภูเบศร์	O

กล่าว	O
ว่า	O

วิธีการ	O
พิจารณา	O
ชั้น	O
อนุญาโตตุลาการ	O
และ	O
คำ	O
ชี้ขาด	O
และ	O
ให้	O
กรม	O
การ	O
ประกันภัย	O
เปิดเผย	O
ได้	O
"	O
ธารินทร์	O
"	O

ลงนาม	O
กฎ	O
กระทรวง	O
หนุน	O
การ	O
ควบ	O
กิจการ	O
บล.	O
และ	O
สนับสนุน	O
การ	O
แยก	O
ธุรกิจ	O
สร้าง	O
ความ	O
มั่นคง	O
ให้	O
บริษัท	O
หลักทรัพย์	O
นาย	O
ศุภรัตน์	O

ควัฒน์กุล	O

ที่ปรึกษา	O
การคลัง	O
ใน	O
ฐานะ	O
โฆษก	O
กระทรวง	O
การคลัง	O
เปิดเผย	O
ว่า	O

เมื่อ	O
วันที่	O

17	O

ก.ค.	O
ที่	O
ผ่านมา	O

นาย	O
ธารินทร์	O

นิมมานเหมินท์	O

รัฐมนตรี	O
ว่าการ	O
กระทรวง	O
การคลัง	O

ได้	O
ลงนาม	O
ใน	O
กฎ	O
กระทรวง	O

2	O

ฉบับ	O
สนับสนุน	O
การ	O
ควบ	O
กิจการ	O
ของ	O
บริษัท	O
หลักทรัพย์	O
(	O
บล.	O
)	O
การ	O
ถือ	O
หุ้น	O
ใน	O
บริษัท	O
หลักทรัพย์	O
ที่	O
จัดตั้ง	O
ขึ้น	O
ใหม่	O
นาย	O
ศุภรัตน์	O
กล่าว	O
ว่า	O

จะ	O
ต้อง	O
ได้รับ	O
ความ	O
เห็นชอบ	O
จาก	O
สำนักงาน	O
คณะ	O
กรรมการ	O
กำกับ	O
หลักทรัพย์	O
และ	O
ตลาด	O
หลักทรัพย์	O

(	O
ก.ล.ต.	O
)	O

ซึ่ง	O
จะ	O
เป็น	O
ผู้	O
พิจารณา	O
ความ	O
เหมาะสม	O
ของ	O
บุคคล	O
นั้น	O
''	O
เกียรตินาคิน	O
"	O

เผย	O
ไม่	O
มี	O
ปัญหา	O
สภาพ	O
คล่อง	O

นาย	O
วีระพล	O

ไพรัชเวทย์	O

กรรมการ	O
และ	O
ผู้	O
ช่วย	O
กรรมการ	O
ผู้จัดการ	O

บงล.	O

เกียรตินาคิน	O

จำกัด	O

(มหาชน)	O

หรือ	O

KK	O

เปิดเผย	O
ว่า	O

บริษัท	O
ได้รับ	O
การ	O
อนุมัติ	O
จาก	O
ผู้	O
ถือ	O
หุ้น	O
กู้	O
ของ	O
บริษัท	O

มูลค่า	O

1,200	O

ล้าน	O
บาท	O
เป็น	O
หุ้น	O
กู้	O
ที่	O
ออก	O
ครั้ง	O
แรก	O

(	O
KK1	O
)	O

อย่างไรก็ตาม	O
บงล.	O
เกียรตินาคิน	O

จะ	O
เพิ่ม	O
ดอกเบี้ย	O
หน้า	O
ตั๋ว	O
นาย	O
วีระพล	O
กล่าวถึง	O
การ	O
ปรับ	O
โครง	O
หนี้	O
เงินกู้	O
ส่วนใหญ่	O
จะ	O
ปล่อย	O
กู้	O
ใน	O
ตลาด	O
อินเตอร์แบงก์	O

หรือ	O
นำ	O
ไป	O
ซื้อ	O
พันธบัตร	O
และ	O
ตั๋วเงิน	O

เตรียม	O
เงิน	O
ไว้	O
สำหรับ	O
การ	O
ประมูล	O
สินทรัพย์	O
ของ	O
องค์การ	O
เพื่อ	O
การ	O
ปฏิรูป	O
ระบบ	O
สถาบัน	O
การเงิน	O

โดยที่	O
ผ่าน	O
มา	O

บงล.	O
เกียรตินาคิน	O

ได้	O
ร่วม	O
กับ	O
บล.	O
รัตนทุน	O

เข้า	O
ประมูล	O
พอร์ต	O
สินเชื่อ	O
เช่าซื้อ	O
จาก	O
ปรส.	O
ซึ่ง	O
บริษัท	O
ได้	O
เตรียม	O
เงิน	O
ไว้	O
สำหรับ	O
ชำระ	O
ให้	O
ปรส.	O
ใน	O
เร็ว	O

ๆ	O

นี้	O
แล้ว	O

สำหรับ	O
ความ	O
เคลื่อนไหว	O
ของ	O
ราคา	O
หุ้น	O

KK	O

วาน	O
นี้	O
คณะ	O
กรรมการ	O
จัดการ	O
แข่งขัน	O

ได้	O
ตัดสินใจ	O
ให้	O
บริษัท	O

การบินไทย	O

จำกัด	O

(มหาชน)	O

เป็น	O
ผู้	O
รับผิดชอบ	O

สถาบันราชภัฎ	O
สวนดุสิต	O

และ	O
จิตรโภชนา	O

เป็น	O
ผู้	O
รับผิดชอบ	O
ทาง	O
ด้าน	O
นี้	O
แต่	O
ในที่สุด	O
การบินไทย	O
ก็	O
ได้รับ	O
เลือก	O
เนื่องจาก	O
ประสบการณ์	O
ด้าน	O
การ	O
บริการ	O
อาหาร	O
บน	O
สายการบิน	O

น่า	O
จะ	O
เป็น	O
จุด	O
ที่	O
ทำให้	O
ชาว	O
ต่าง	O
ชาติ	O
มั่นใจ	O
ใน	O
คุณภาพ	O
อาหาร	O
ปัจจัย	O
สำคัญ	O
ที่	O
ทำให้	O
การบินไทย	O
ได้รับ	O
ความ	O
ไว้วางใจ	O
ใน	O
วันนี้	O
การบินไทย	O
จึง	O
เปรียบ	O
เสมือน	O
เป็น	O
เจ้าของ	O
ร้าน	O
อาหาร	O
แห่ง	org_start
เอเชี่ยน	O
เกมส์	O
"	O
รสชาติ	O
แห่ง	org_start
เอเชี่ยน	O
เกมส์	O
จะ	O
เชลล์	O
ชวน	O
ชิม	O
และ	O
มี	O
มาตรฐาน	O
ทาง	O
ด้าน	O
อาหาร	O
เป็น	O
ที่	O
ยอมรับ	O
สมาชิก	O
ใน	O
ชาติ	O
เอเชีย	O
เพียงใด	O

การ	O
บริการ	O
อาหาร	O
ซึ่ง	O
การบินไทย	O
ได้รับ	O
เกียรติ	O
ทำหน้าที่	O
เป็น	O
ผู้	O
ดูแล	O
ทาง	O
การบินไทย	O
ใน	O
ฐานะ	O
สายการบิน	O
แห่ง	org_start
ชาติ	O
พิศมัย	O

จันทรุเบกษา	O

ผู้อำนวยการ	O
ฝ่าย	O
ภัตตาคาร	O
และ	O
โภชนาการ	O
ภายใน	O
ประเทศ	O

เล่า	O
ถึง	O
การ	O
บริการ	O
ด้วย	O
ความ	O
มั่นอกมั่นใจ	O

แม้ว่า	O
การบินไทย	O
จะ	O
ได้รับ	O
การ	O
การันตี	O
หลาย	O
แห่ง	org_start

อาทิ	O

การ	O
รับรอง	O
มาตรฐาน	O

ISO	O

9002	O

การ	O
รับรอง	O
ระบบ	O
คุณภาพ	O
ความ	O
ปลอดภัย	O
ของ	O
ผลิตภัณฑ์	O
อาหาร	O

(	O
HACCP	O
)	O

และ	O
เกียรติบัตร	O
รับรอง	O
สุขลักษณะ	O
โรงงาน	O
อุตสาหกรรม	O
ที่	O
ดี	O

(	O
GMP	O
)	O

ว่าจ้าง	O
บริษัท	O
ที่ปรึกษา	O

"	O
เอม	O

เซอร์วิสเซส	O
"	O

(	O
AIM	O

SERVICES	O
)	O

การ	O
บริการ	O
อาหาร	O
ให้	O
นักกีฬา	O
ใน	O
การ	O
แข่งขัน	O
กีฬา	O
โอลิมปิก	O
ที่	O
แอตแลนต้า	O

ประเทศ	O
สหรัฐอเมริกา	O

การ	O
แข่งขัน	O
กีฬา	O
โอลิมปิก	O
ที่	O
นากาโน	O

และ	O
การ	O
แข่งขัน	O
กีฬา	O
เอเชี่ยน	O
เกมส์	O
ที่	O
ฮิโรชิมา	O

ประเทศ	O
ญี่ปุ่น	O

ทาง	O
การบินไทย	O
ได้	O
สั่ง	O
ซื้อ	O
วัตถุดิบ	O
ทาง	O
การเกษตร	O
จาก	O
ภายใน	O
ประเทศ	O
ทั้งหมด	O

ประสาน	O
ความ	O
ร่วมมือ	O
กับ	O
คณะ	O
อนุกรรมการ	O
สุขอนามัย	O

สาขา	O
การแพทย์	O
และ	O
อนามัย	O
ของ	O
กีฬา	O
เอเชี่ยน	O
เกมส์	O

ทาง	O
การบินไทย	O
ได้	O
จัด	O
แบ่ง	O
จุด	O
การ	O
ดำเนินงาน	O
ผลิต	O
อาหาร	O
ไว้	O

2	O

แห่ง	org_start

ครัว	O
ใน	O
หมู่บ้าน	O
นักกีฬา	O

มหาวิทยาลัย	O
ธรรมศาสตร์	O

รังสิต	O

โดย	O
จะ	O
ผลิต	O
อาหาร	O
กว่า	O

200	O

ชนิด	O

ทั้ง	O
อาหาร	O
ไทย	O

จีน	O

ญี่ปุ่น	O

อินเดีย	O

อาหาร	O
ยุโรป	O

และ	O
ตะวันออกกลาง	O

เฉพาะ	O
นักกีฬา	O
มุสลิม	O
ได้	O
แยก	O
จุด	O
บริการ	O
แบ่ง	O
เป็น	O
อาหาร	O
ที่	O
ผ่าน	O
กรรมวิธี	O
ฮาลาล	O
ทาง	O
ศาสนา	O
อิสลาม	O

และ	O
อาหาร	O
ไม่	O
ได้	O
ผ่าน	O
กรรมวิธี	O
ฮาลาล	O
ไว้	O
ด้วย	O
ความ	O
เป็น	O
ไทย	O
หมุนเวียน	O
สลับ	O
เปลี่ยน	O

อีก	O
แห่ง	org_start
ที่	O
ครัว	O
การบินไทย	O
ดอนเมือง	O

พื้นที่	O
การ	O
บริการ	O
อาหาร	O
ได้	O
จัด	O
ไว้	O
ที่	O
บริเวณ	O
หมู่บ้าน	O
นักกีฬา	O

มหาวิทยาลัย	O
ธรรมศาสตร์	O
รังสิต	O

การบินไทย	O
ได้	O
เตรียม	O
กำลัง	O
คน	O
ไว้	O
ทั้งหมด	O
ถึง	O

868	O

คน	O

แบ่ง	O
เป็น	O
พนักงาน	O
การบินไทย	O
จำนวน	O

149	O

คน	O

และ	O
จาก	O
สถาบันราชภัฎ	O
สวนดุสิต	O

บวก	O
กับ	O
แรงงาน	O
ภายนอก	O
อีก	O

719	O

คน	O
เข้า	O
มา	O
เสริม	O
ใน	O
การ	O
บริการ	O
ครั้ง	O
นี้	O
หทัยชนก	O

นาจพินิจ	O

อาจารย์	O
วิชา	O
อุตสาหกรรม	O
โปรแกรม	O
ท่องเที่ยว	O
และ	O
การ	O
โรงแรม	O

สถาบันราชภัฎ	O
สวนดุสิต	O

หนึ่ง	O
ใน	O
ทีม	O
งาน	O
ของ	O
สวนดุสิต	O
ที่	O
จะ	O
เข้าร่วม	O
สมทบ	O
กับ	O
ทีม	O
งาน	O
การบินไทย	O

การ	O
เตรียมพร้อม	O
ของ	O
ทีม	O
งาน	O
สวนดุสิต	O
ว่า	O

สวนดุสิต	O
จะ	O
มี	O
ทีม	O
งาน	O
ไป	O
ร่วม	O
ทั้งหมด	O

277	O

คน	O

ส่วนใหญ่	O
เป็น	O
นัก	O
ศึกษา	O
ของ	O
สถาบัน	O

ปี	O

3	O

และ	O
ปี	O

4	O

จาก	O
คณะ	O
คหกรรมศาสตร์	O

โปรแกรม	O
ธุรกิจ	O
การ	O
ท่องเที่ยว	O
และ	O
การ	O
โรงแรม	O

คณะ	O
นิเทศศาสตร์	O

โปรแกรม	O
ภาษา	O
อังกฤษ	O
ทาง	O
สถาบันราชภัฎ	O

สวนดุสิต	O

ได้	O
ใช้	O
วิธีการ	O
เปิด	O
รับ	O
สมัคร	O
การ	O
เตรียมพร้อม	O
ต่างๆ	O
ที่	O

ครัว	O
การบินไทย	O

ร่วม	O
งาน	O
กับ	O
การบินไทย	O
บ้าง	O
แล้ว	O

ประกอบกับ	O
สวนดุสิต	O
เคย	O
ได้	O
เตรียมพร้อม	O
มา	O
บ้าง	O
เปลี่ยน	O
ไป	O
ให้	O
การบินไทย	O

เป็น	O
ผู้	O
รับผิดชอบ	O
แทน	O
ทาง	O
สถาบัน	O
จะ	O
มี	O
การ	O
ให้	O
คะแนน	O
ความสามารถ	O
อาจารย์	O

หทัยชนก	O

ยืนยัน	O
ความ	O
พร้อม	O
นัก	O
ศึกษา	O
ความ	O
มั่นอกมั่นใจ	O
ของ	O
ทีม	O
งาน	O
การบินไทย	O
อย่างไรก็ตาม	O
คณะ	O
กรรมการ	O
จัดการ	O
แข่งขัน	O
ได้	O
แสดง	O
ความ	O
เป็น	O
ห่วง	O
ทีม	O
งาน	O
ของ	O
การบินไทย	O
ให้	O
เตรียม	O
รับมือ	O
ให้	O
ดี	O
พลตรี	O
จารึก	O

อารีราชการัณย์	O

เลขาธิการ	O
คณะ	O
กรรมการ	O
จัดการ	O
แข่งขัน	O
กีฬา	O
เอเชี่ยน	O
เกมส์	O

ครั้ง	O
ที่	O

13	O

แสดง	O
ความ	O
เป็น	O
ห่วง	O
ใน	O
การ	O
รับมือ	O
กับ	O
ผู้	O
ที่	O
รู้สึก	O
หิว	O
พลตรี	O
จารึก	O

เล่า	O
ว่า	O

การ	O
จัด	O
มหกรรม	O
กีฬา	O
ใหญ่ๆ	O
อยาก	O
ฝาก	O
บอก	O
การบินไทย	O
ว่า	O

ในขณะนี้	O
ชาติ	O
ใน	O
เอเชีย	O
หลาย	O
ๆ	O
ประเทศ	O
บอก	O
ผ่าน	O
มา	O
ว่า	O
เช่น	O

อินโดนีเซีย	O

ตอน	O
แรก	O
จะ	O
ส่ง	O
มา	O
ถึง	O

500-700	O

คน	O
ปัญหา	O
เศรษฐกิจ	O
ใน	O
ภูมิภาค	O
เอเชีย	O
เป็น	O
ปัจจัย	O
สำคัญ	O
ที่	O
ทำให้	O
ชาติ	O
ต่างๆ	O
ใน	O
เอเชีย	O
ต้อง	O
ตัด	O
ทอน	O
งบ	O
ประมาณการ	O
ซึ่ง	O
คณะ	O
กรรมการ	O
จัดการ	O
แข่งขัน	O
จะ	O
สรุป	O
ยอด	O
นักกีฬา	O
อย่าง	O
เป็น	O
ทางการ	O
มือ	O
อาชีพ	O
อย่าง	O
การบินไทย	O

ที่	O
มี	O
ประสบการณ์	O
การ	O
บริการ	O
อาหาร	O
ผู้อำนวยการ	O
ฝ่าย	O
ภัตตาคาร	O
และ	O
โภชนาการ	O

การบินไทย	O

ได้	O
พูด	O
ถึง	O
เรื่อง	O
นี้	O
ด้วย	O
ความ	O
วิตก	O
กังวล	O
เนื่องจาก	O
กระทรวง	O
การคลัง	O
ที่	O
เป็น	O
เจ้าของ	O
การ	O
ก่อสร้าง	O
โรง	O
ครัว	O
ฝากท้อง	O
ไว้	O
ที่	O
ครัว	O
การบินไทย	O

ครัว	O
แห่ง	org_start
บางกอก	O
เกมส์	O
คลินตัน	O
ปลื้ม	O
สภา	O
ล่าง	O
ลง	O
มติ	O
ต่อ	O
สถานะ	O
เอ็มเอฟเอ็น	O
แก่	O
จีน	O
อีก	O
ปี	O
ด้าน	O
ปักกิ่ง	O
ได้	O
คืบ	O
จะ	O
เอา	O
ศอก	O

ชม	O
เปาะ	O

ส.ส.	O
อเมริกัน	O
ตัดสินใจ	O
ถูก	O

แต่	O
จะ	O
ดี	O
ยิ่ง	O
ขึ้น	O
หาก	O
คองเกรส	O
ยอม	O
ให้	O
สถานภาพ	O
พิเศษ	O
ทาง	O
การค้า	O
การ	O
ปฏิบัติ	O
ทาง	O
การค้า	O
ที่	O
ไม่	O
เป็น	O
ธรรม	O
ของ	O
จีน	O
สภา	O
ผู้แทนราษฎร	O
สหรัฐ	O
ฯ	O
ก็	O
อนุมัติ	O
ด้วย	O
คะแนน	O

264-166	O

ให้	O
ต่ออายุ	O
สถานะ	O
ประเทศ	O
ที่	O
สมควร	O
ได้รับ	O
ความ	O
อนุเคราะห์	O
ยิ่ง	O

(	O
เอ็มเอฟเอ็น	O
)	O

แก่	O
จีน	O
อีก	O
หนึ่ง	O
ปี	O

ประธานาธิบดี	O
บิลล์	O

คลินตัน	O
ที่	O
ผลักดัน	O
อย่าง	O
หนัก	O
ให้	O
มี	O
การ	O
ต่ออายุ	O
เอ็มเอฟเอ็น	O
แก่	O
จีน	O
มา	O
ทุก	O
ปี	O
การ	O
ตัดสินใจ	O
ของ	O
สภา	O
ล่าง	O
สะท้อน	O
ว่า	O

นโยบาย	O
เกี่ยวพัน	O
เชิง	O
สร้างสรรค์	O
ต่อ	O
จีน	O
เป็น	O
แนวทาง	O
ที่	O
ดี	O
ที่สุด	O
ต่อ	O
ผลประโยชน์	O
ของ	O
สหรัฐ	O
ฯ	O
เช่นเดียวกับ	O
จีน	O
และ	O
ฮ่องกง	O
ที่	O
กล่าว	O
ว่า	O

นี่	O
เป็น	O
การ	O
ตัดสินใจ	O
ที่	O
ชาญฉลาด	O
สัมพันธภาพ	O
ทาง	O
การค้า	O
ระหว่าง	O
สหรัฐ	O
ฯ	O
และ	O
จีน	O
ก้าว	O
ไป	O
ข้างหน้า	O

ปักกิ่ง	O
ยัง	O
แสดง	O
ความ	O
หวัง	O
ว่า	O
จะ	O
ได้รับ	O
สถานะ	O
พิเศษ	O
ทาง	O
การค้า	O
เป็น	O
การ	O
ถาวร	O
จาก	O
วอชิงตัน	O
นัก	O
วิเคราะห์	O
หลาย	O
คน	O
เชื่อ	O
ว่า	O

คองเกรส	O
หรือ	O
รัฐสภา	O
อเมริกัน	O

จะ	O
ไม่	O
มี	O
ทาง	O
สนอง	O
ความ	O
ต้องการ	O
ดังกล่าว	O
จนกว่า	O
จีน	O
จะ	O
เปิด	O
ตลาด	O
และ	O
เข้า	O
เป็น	O
สมาชิก	O
ใน	O
องค์การ	O
การค้า	O
โลก	O

(	O
ดับบลิวทีโอ	O
)	O
สหรัฐ	O
ฯ	O

ยัง	O
ประกาศ	O
เปลี่ยน	O
สถานะ	O
เอ็มเอฟเอ็น	O

เป็น	O

"	O
ความ	O
สัมพันธ์	O
ทาง	O
การค้า	O
ใน	O
ระดับ	O
ปกติ	O
"	O

(	O
เอ็นทีอาร์	O
)	O
แถลงการณ์	O
ดังกล่าว	O
ของ	O
คลินตัน	O
ตอก	O
ย้ำ	O
แนวคิด	O
ที่	O
ว่าความ	O
สัมพันธ์	O
ทาง	O
การค้า	O
ระดับ	O
ปกติ	O
กับ	O
จีน	O
จะ	O
ช่วย	O
กระชับ	O
ความ	O
สัมพันธ์	O
โน้มน้าว	O
ให้	O
จีน	O
เปิด	O
ตลาด	O
ขณะที่	O
ผู้	O
ให้การ	O
สนับสนุน	O
การ	O
ต่อ	O
สถานะ	O
เอ็มเอฟเอ็น	O
แก่	O
จีน	O
แสดง	O
ทัศนะ	O
ว่า	O
การ	O
ให้	O
ความ	O
ร่วมมือ	O
ของ	O
จีน	O
ใน	O
การ	O
แก้	O
ปัญหา	O
ต่างๆ	O
ใน	O
ตลาด	O
เอเชีย	O

สำหรับ	O
ผู้	O
บริโภค	O
อเมริกัน	O
จะ	O
ได้รับ	O
ผลกระทบ	O
ใน	O
รูป	O
ของ	O
สินค้า	O
นำเข้า	O
จาก	O
จีน	O
ที่	O
มี	O
ราคา	O
แพง	O
ขึ้น	O
สาเหตุ	O
ที่	O
คองเกรส	O
ต้อง	O
เปิด	O
อภิปราย	O
ประเด็น	O
นี้	O
เป็น	O
ประจำ	O
ทุก	O
ปี	O
ช่องว่าง	O
ทาง	O
การค้า	O
ที่	O
ถ่าง	O
กว้าง	O
ขึ้น	O
ระหว่าง	O
สหรัฐ	O
ฯ	O
กับ	O
จีน	O
โดย	O
คาด	O
ว่า	O
ปี	O
นี้	O
วอชิงตัน	O
จะ	O
ขาด	O
ดุลการค้า	O
จีน	O
ถึง	O

63,000	O

ล้านดอลล	O
ลาร์	O
เป็น	O
ผล	O
จาก	O
การ	O
ที่	O
จีน	O
ตั้ง	O
ป้อม	O
ปราการ	O
ปกป้อง	O
ตลาด	O
ริชาร์ด	O

เกพฮาร์ดต์	O

ประธาน	O
ส.ส.	O
เสียง	O
ข้าง	O
น้อย	O
ของ	O
เดโมแครต	O
ใน	O
สภา	O
สัมพันธภาพ	O
สหรัฐ	O
ฯ	O
-	O
จีน	O
ไม่	O
มี	O
ความ	O
คืบหน้า	O
แต่อย่างใด	O
ดังนั้น	O

เอ็มเอฟเอ็น	O

จึง	O
ถือเป็น	O
นโยบาย	O
ที่	O
ล้มเหลว	O
คองเกรส	O
หรือ	O
รัฐสภา	O
สหรัฐ	O
ฯ	O
ยัง	O
ต้อง	O
พิจารณา	O
มาตรการ	O
อื่นๆ	O
ที่	O
เกี่ยวข้อง	O
กับ	O
จีน	O
กลุ่ม	O
เคลื่อนไหว	O
ทาง	O
ศาสนา	O
ใน	O
แดน	O
มังกร	O
ข้อจำกัด	O
ใน	O
การ	O
อนุญาต	O
ให้	O
จีน	O
ปล่อย	O
ดาวเทียม	O
ของ	O
สหรัฐ	O
ฯ	O
ประเด็น	O
นโยบาย	O
ของ	O
สหรัฐ	O
ฯ	O
ต่อ	O
จีน	O
รับประทาน	O
อาหาร	O
กับ	O
นาย	O
โรเบิร์ต	O

รูบิน	O

รัฐมนตรีว่าการ	O
กระทรวง	O
การคลัง	O
สหรัฐ	O
ฯ	O

กับ	O
คณะ	O
กรรมการ	O
ร่วม	O
ภาค	O
เอกชน	O

(	O
กกร.	O
)	O

ประกอบด้วย	O
สมาคม	O
ธนาคารไทย	O

สมาคม	O
หอ	O
การค้า	O
ไทย	O

และ	O
สภา	O
อุตสาหกรรม	O
แห่ง	org_start
ประเทศ	O
ไทย	O
ที่	O
รร.	O
โอเรียนเต็ล	O
วาน	O
นี้	O

ทั้ง	O

3	O

สมาคม	O
มี	O
ข้อเสนอ	O
ที่	O
ตรงกัน	O
คือ	O
หวัง	O
ให้	O
รมว.	O
คลัง	O
สหรัฐ	O
ฯ	O
ดึง	O
นัก	O
ลงทุน	O
ต่าง	O
ชาติ	O
เข้า	O
มา	O
ลงทุน	O
ใน	O
ประเทศ	O
ไทย	O
มาก	O
ขึ้น	O
โดย	O
สมาคม	O
ธนาคารไทย	O
เน้น	O
ให้	O
รัฐบาล	O
อังกฤษ	O
แก้	O
กฎหมาย	O
"	O
สิ่ง	O
ที่	O
เรา	O
ต้องการ	O
และ	O
ได้	O
เสนอ	O
ต่อ	O
นาย	O
รูบิน	O
คือ	O

หวัง	O
ให้	O
นัก	O
ลงทุน	O
สหรัฐ	O
ฯ	O
เพิ่ม	O
การ	O
ลงทุน	O
ใน	O
ไทย	O
เพิ่ม	O
มาก	O
ขึ้น	O
เข้า	O
มา	O
ลงทุน	O
ใน	O
ประเทศ	O
ไทย	O
ตาม	O
สหรัฐ	O
ฯ	O
"	O

นาย	O
วิเชียร	O

เตชะไพบูลย์	O

ประธาน	O
หอ	O
การค้า	O
ไทย	O
กล่าว	O
เช่นเดียวกัน	O
นาย	O
ทวี	O

บุตรสุนทร	O

ประธาน	O
สภา	O
อุตสาหกรรม	O
แห่ง	org_start
ประเทศ	O
ไทย	O

(	O
สอท.	O
)	O

ระบุ	O
ว่า	O

ทั้งนี้	O
นาย	O
รูบิน	O
มอง	O
ว่า	O
ทาง	O
รัฐบาล	O
ไทย	O
และ	O
เกาหลี	O
สามารถ	O
ที่	O
จะ	O
ฝ่า	O
วิกฤตการณ์	O
ทาง	O
เศรษฐกิจ	O
ได้	O
นาย	O
ชาติศิริ	O

โสภณพนิช	O

กรรมการ	O
ผู้จัดการ	O
ใหญ่	O

ธนาคาร	O
กรุงเทพ	O

จำกัด	O

(มหาชน)	O

กล่าว	O
ว่า	O

นัก	O
ลงทุน	O
สหรัฐ	O
ฯ	O
ต้องการ	O
ให้	O
รัฐบาล	O
ไทย	O
เร่ง	O
แก้	O
กฎหมาย	O
เพื่อให้	O
สถาบัน	O
การเงิน	O
ต่าง	O
ชาติ	O
มี	O
สิทธิ	O
ที่	O
เท่าเทียม	O
กับ	O
สถาบัน	O
การเงิน	O
ใน	O
ประเทศ	O
นาย	O
บัณฑูร	O

ล่ำซำ	O

กรรมการ	O
ผู้จัดการ	O

ธนาคาร	O
กสิกรไทย	O

จำกัด	O

(มหาชน)	O

และ	O
ประธาน	O
สมาคม	O
ธนาคารไทย	O
กล่าว	O
เรื่อง	O
ดอกเบี้ย	O
ยัง	O
ไม่	O
คืบหน้า	O

ทาง	O
นาย	O
ชาติศิริ	O
กล่าว	O
ว่า	O
รมว.	O
คลัง	O
สหรัฐ	O
ฯ	O
บอก	O
ว่า	O

ซึ่ง	O
ขณะนี้	O
ทาง	O
ธนาคาร	O
แห่ง	org_start
ประเทศ	O
ไทย	O

(	O
ธปท.	O
)	O

ได้	O
เร่ง	O
ดำเนินการ	O
ประกอบกับ	O
อัตรา	O
แลกเปลี่ยน	O
ของ	O
ไทย	O
ยัง	O
ไม่	O
คงที่	O
นาย	O
บัณฑูร	O
กล่าว	O
นาย	O
สมโภชน์	O

อินทรานุกูล	O

กรรมการ	O
ผู้จัดการ	O
ใหญ่	O

ธนาคาร	O
นครหลวงไทย	O

จำกัด	O

(มหาชน)	O

กล่าว	O
ว่า	O

เพราะ	O
แบงก์	O
แต่ละ	O
แบงก์	O
มี	O
ต้นทุน	O
การเงิน	O
อยู่	O
นาย	O
ปิยะบุตร	O

ชลวิจารณ์	O

กรรมการ	O
ผู้จัดการ	O
ใหญ่	O

ธนาคาร	O
สหธนาคาร	O

จำกัด	O

(มหาชน)	O

กล่าวถึง	O
สาเหตุ	O
เนื่องจาก	O
ใน	O
ด้าน	O
ของ	O
อินเตอร์แบงก์	O
เรต	O
ไม่	O
มี	O
การ	O
หมุนเวียน	O

แม้	O
ดอกเบี้ย	O
ด้าน	O
อาร์พี	O
จะ	O
ลด	O
ลง	O
ก็ตาม	O

นาย	O
ศิรินทร์	O

นิมมานเหมินท์	O

กรรมการ	O
ผู้จัดการ	O
ใหญ่	O

ธนาคาร	O
กรุงไทย	O

จำกัด	O

(มหาชน)	O

กล่าวถึง	O
การ	O
พบปะ	O
หารือ	O
ร่วม	O
กับ	O
กกร.	O
ครั้ง	O
นี้	O
ปัญหา	O
ของ	O
เศรษฐกิจ	O
อังกฤษ	O
ที่	O
เกิด	O
ขึ้น	O
และ	O
ปัญหา	O
ใน	O
ภูมิภาค	O
เอเชีย	O
มาก	O
กว่าที่	O
จะ	O
ให้	O
ความ	O
ช่วยเหลือ	O
ประเทศ	O
ไทย	O
แต่	O
สิ่ง	O
ที่	O
นาย	O
รูบิน	O
ต้องการ	O
คือ	O
ให้	O
ทางการ	O
รักษา	O
สมดุล	O
เรื่อง	O
ซึ่ง	O
ขณะนี้	O
ทาง	O
รัฐบาล	O
ไทย	O
ก็	O
จับตา	O
และ	O
ดูแล	O
อยู่	O
"	O
นาย	O
วิโรจน์	O

อมตะกูลชัย	O

เลขาธิการ	O
สภา	O
หอ	O
การค้าไทย	O

ระบุ	O
ว่า	O

มาเลเซีย	O
เผย	O
แผน	O
ฟื้นฟู	O
เศรษฐกิจ	O
แห่ง	org_start
ชาติ	O

จะ	O
ยอม	O
ให้	O
ชาว	O
ภูมิบุตร	O
ขาย	O
หุ้น	O
ใน	O
บริษัท	O
ธุรกิจ	O
หลาย	O
ประเภท	O
แก่	O
คน	O
มาเลย์	O
ที่	O
ไม่ใช่	O
มุสลิม	O
พร้อม	O
กัน	O
นี้	O

ไซนุดดิน	O

ซาร์	O
เศรษฐกิจ	O
คู่ใจ	O
นายก	O
ฯ	O
มหาเธร์	O

ประมาณการ	O
เศรษฐกิจ	O
มาเลเซีย	O
ปี	O

1998-99	O

ว่า	O
สภา	O
ปฏิบัติการ	O
ทาง	O
เศรษฐกิจ	O
แห่ง	org_start
ชาติ	O
ของ	O
มาเลเซีย	O
ภายใต้	O
การ	O
นำ	O
ของ	O

ดาอิม	O

ไซนุดดิน	O

รัฐมนตรี	O
ดูแล	O
ภารกิจ	O
พิเศษ	O
หรือ	O
ที่	O
ขนานนาม	O
กัน	O
ว่า	O
ซาร์	O
เศรษฐกิจ	O

ประกาศ	O
แผน	O
ฟื้นฟู	O
เศรษฐกิจ	O
แห่ง	org_start
ชาติ	O
ชุด	O
ใหญ่	O
เมื่อวาน	O
นี้	O
ซาร์	O
เศรษฐกิจ	O
มาเลเซีย	O

ดาอิม	O

เผย	O
ว่า	O
การ	O
อนุมัติ	O
จาก	O
คณะ	O
รัฐมนตรี	O
มี	O
จุดมุ่งหมาย	O
เพื่อ	O
ประคับประคอง	O
มาเลเซีย	O
ให้	O
ปลอด	O
พ้น	O
จาก	O
ภาวะ	O
เศรษฐกิจ	O
ถดถอย	O
สภา	O
ปฏิบัติการ	O
ทาง	O
เศรษฐกิจ	O
แห่ง	org_start
ชาติ	O
ประมาณการ	O
เป็น	O
ตัวเลข	O
ดาอิม	O
ออกปาก	O
ไว้	O
ชัดเจน	O
ใน	O
เรื่อง	O
นี้	O
ว่า	O
ห้าม	O
นัก	O
ลงทุน	O
ต่าง	O
ชาติ	O
ถือ	O
หุ้น	O
ใน	O
ธนาคาร	O
ท้องถิ่น	O
มี	O
การ	O
สถาปนา	O
หน่วยงาน	O
ประกันภัย	O
กรณี	O
ธนาคาร	O
ล้ม	O
บริษัท	O
ประกัน	O
เงิน	O
ฝาก	O
ของ	O
สหรัฐอเมริกา	O

ยอม	O
ให้	O
คน	O
มาเลเซีย	O
ที่	O
ไม่ใช่	O
ชาว	O
ภูมิบุตรา	O
หรือ	O
ที่	O
เข้าใจ	O
กัน	O
ทั่วไป	O
ว่า	O
เป็น	O
คน	O
มาเลย์	O

เชื้อสาย	O
มุสลิม	O

ตลอดจน	O
นัก	O
ลงทุน	O
ต่าง	O
ชาติ	O

สามารถ	O
ซื้อ	O
หุ้น	O
ใน	O
บริษัท	O
ธุรกิจ	O
มาเลย์	O
ได้	O
ดาอิม	O
กล่าว	O
ว่า	O
สภา	O
ปฏิบัติการ	O
ทาง	O
เศรษฐกิจ	O
แห่ง	org_start
ชาติ	O
ยัง	O
เปิดเผย	O
ถึง	O
การ	O
วิเคราะห์	O
ของ	O
สภา	O
ฯ	O

มาเลเซีย	O
หนี	O
ไม่	O
พ้น	O
ภาวะ	O
เศรษฐกิจ	O
ถดถอย	O
อันวาร์	O

อิบราฮิม	O

รมว.	O
คลัง	O
มาเลเซีย	O
ได้	O
ประกาศ	O
ปรับ	O
ลด	O
ประมาณการณ์	O
เศรษฐกิจ	O
ของ	O
มาเลเซีย	O
ปี	O

1998	O

อย่างไรก็ตาม	O

ดาอิม	O
เตือน	O
ไว้	O
ดาอิม	O
กล่าว	O
อย่าง	O
นั้น	O

สายการบิน	O
นอร์ธเวสต์	O

แจ้ง	O
ผล	O
ดำเนินงาน	O
ไตรมาส	O

2	O

กำไร	O
สุทธิ	O

49	O

ล้าน	O
เหรียญ	O
สหรัฐ	O

ส่ง	O
ผล	O
ให้	O
สายการบิน	O
ทั่ว	O
โลก	O
ต้อง	O
ได้รับ	O
ผลกระทบ	O
นอร์ธเวสต์	O

แอร์ไลนส์	O

คอร์ปอเรชั่น	O

(	O
NASDAQ	O

:	O

NWAC	O
)	O

ได้	O
รายงาน	O
ผล	O
ประกอบการ	O
ว่า	O

บริษัท	O
ฯ	O
มี	O
กำไร	O
สุทธิ	O
เป็น	O
จำนวน	O
ทั้งสิ้น	O

49	O

ล้าน	O
เหรียญ	O
สหรัฐ	O

เปรียบเทียบ	O
กับ	O

136	O

ล้าน	O
เหรียญ	O
สหรัฐ	O
ของ	O
ไตรมาส	O
เดียวกัน	O
มี	O
มูลค่า	O

120	O

ล้าน	O
เหรียญ	O
สหรัฐ	O

ลด	O
ลง	O
จาก	O

291	O

ล้าน	O
เหรียญ	O
สหรัฐ	O
กระจาย	O
หุ้น	O
อยู่	O
ที่	O

0.51	O

เหรียญ	O
สหรัฐ	O

นอร์ธเวสต์	O

มี	O
รายได้	O
รวม	O
ของ	O
ไตรมาส	O
ที่	O
สอง	O
คิด	O
เป็น	O

2,476	O

ล้าน	O
เหรียญ	O
สหรัฐ	O

เพิ่ม	O
ขึ้น	O
เป็น	O

2,356	O

ล้าน	O
เหรียญ	O
สหรัฐ	O

จาก	O

2,267	O

ล้าน	O
เหรียญ	O
สหรัฐ	O

ของ	O
ไตรมาส	O
เดียวกัน	O
ปริมาณ	O
ผู้	O
โดยสาร	O

(	O
Revenue	O

Passenger	O

Miles-RPMs	O
)	O

ประจำ	O
ไตรมาส	O
จาก	O
ระดับ	O

18,142	O

ล้าน	O

RPMs	O

ใน	O
ปี	O

2540	O

เป็น	O

18,352	O

ล้าน	O

RPMs	O

ใน	O
ปี	O

2541	O

ในขณะที่	O
รายได้	O
ต่อ	O
ที่นั่ง	O

(	O
Available	O

Seat	O

Miles-ASMs	O
)	O

ลด	O
ลง	O
ร้อยละ	O

1.7	O

จาก	O
ระดับ	O

24,225	O

ล้าน	O

ASMs	O

ใน	O
ปี	O

2540	O

เป็น	O

23,820	O

ล้าน	O

ASMs	O

เมื่อ	O
สิ้นสุด	O
ไตรมาส	O

นอร์ธเวสต์	O
มี	O
สภาพ	O
คล่อง	O
ทาง	O
การเงิน	O
ทั้งสิ้น	O

3,039	O

ล้าน	O
เหรียญ	O
สหรัฐ	O

ผล	O
กำไร	O
ต่อ	O
หุ้น	O
หลัง	O
กระจาย	O
หุ้น	O
อยู่	O
ที่	O

1.17	O

เหรียญ	O
สหรัฐ	O

เทียบ	O
กับ	O

1.69	O

เหรียญ	O
สหรัฐ	O

ของ	O
ปี	O

2540	O
คณะ	O
กรรมการ	O
ยก	O
ร่าง	O
ปว.	O
281	O

มี	O
มติ	O
ให้	O
รมว.	O
พาณิชย์	O
เป็น	O
ผู้	O
มี	O
สิทธิ	O
อนุมัติ	O
ให้	O
อำนาจ	O
อธิบดี	O
กรม	O
ทะเบียน	O
การค้า	O
เป็น	O
ผู้	O
มี	O
สิทธิ	O
ตรวจสอบ	O
และ	O
กำกับ	O
ดูแล	O
บริษัท	O
ที่	O
ได้รับ	O
อนุมัติ	O
นาย	O
พีระพันธุ	O

สาลีรัฐวิภาค	O

รอง	O
เลขาธิการ	O
นายกรัฐมนตรี	O

เปิดเผย	O
ภาย	O
หลัง	O
การ	O
ประชุม	O
คณะ	O
กรรมการ	O
ยก	O
ร่าง	O
ประกาศ	O
คณะ	O
ปฏิวัติ	O
ฉบับ	O
ที่	O

281	O

(	O
ปว.	O

281	O
)	O
วาน	O
นี้	O
ว่า	O

การ	O
พิจารณา	O
เป็น	O
ของ	O
รัฐมนตรีว่าการ	O
กระทรวง	O
พาณิชย์	O
ใน	O
การ	O
อนุมัติ	O
ให้	O
เข้า	O
มา	O
ประกอบ	O
ธุรกิจ	O

ภาคี	O
สนธิสัญญา	O
ข้อตกลง	O
ระหว่าง	O
ประเทศ	O
กับ	O
ไทย	O
ขอ	O
หนังสือรับรอง	O
จาก	O
อธิบดี	O
กรม	O
ทะเบียน	O
การค้า	O

ซึ่ง	O
ไทย	O
จะ	O
ให้	O
สิทธิ	O
แก่	O
คน	O
ต่าง	O
ชาติ	O
การ	O
ลงทุน	O
เท่าเทียม	O
กัน	O
แก่	O
ไทย	O

การ	O
ให้	O
สิทธิ	O
การ	O
ปฏิบัติ	O
เยี่ยง	O
ชาติ	O
ที่	O
ได้รับ	O
ความ	O
อนุเคราะห์	O
อย่างยิ่ง	O
(	O
MFN	O
)	O
ภายใต้	O
เงื่อนไข	O
ของ	O
องค์การ	O
การค้า	O
โลก	O
(	O
WTO	O
)	O
ให้	O
อำนาจ	O
ของ	O
อธิบดี	O
กรม	O
ทะเบียน	O
การค้า	O
ใน	O
การ	O
กำกับ	O
ดูแล	O
บริษัท	O
ต่าง	O
ชาติ	O
นาย	O
พีระพันธุ	O

กล่าว	O
ว่า	O

ทำ	O
ธุรกิจ	O
ใน	O
ไทย	O
ได้	O
ต่อไป	O
แหล่ง	O
ข่าว	O
จาก	O
กระทรวง	O
พาณิชย์	O

กล่าว	O
ว่า	O

ประกอบ	O
ธุรกิจ	O
ใน	O
ไต้หวัน	O
จะ	O
ต้อง	O
นำ	O
เงิน	O
ลง	O
ทุน	O
เข้า	O
มา	O
เช่น	O
อังกฤษ	O
กำหนด	O
ว่า	O
ต่าง	O
ชาติ	O
ต้อง	O
นำ	O
เงิน	O
เข้า	O
มา	O
ลงทุน	O

2	O

แสน	O
ปอนด์	O
และ	O
ฟิลิปปินส์	O
ต้อง	O

5	O

หมื่น	O
ดอลลาร์	O
อย่างไรก็ตาม	O

การ	O
พิจารณา	O
ของ	O
ครม.	O
และ	O
คณะ	O
กรรมการ	O
กฤษฎีกา	O
อีก	O
ครั้ง	O
ก่อน	O
นาย	O
ธรรมา	O

ปิ่นสุกาญจนะ	O

ประธาน	O
คณะ	O
กรรมการ	O
ภาษี	O
อากร	O
สาย	O
เศรษฐกิจ	O

สภา	O
อุตสาหกรรม	O
แห่ง	org_start
ประเทศ	O
ไทย	O

(	O
สอท.	O
)	O

เปิดเผย	O
ว่า	O
สอท.	O
จะ	O
ทำ	O
หนังสือ	O
ถึง	O
ม.ร.ว.	O
จัตุมงคล	O

โสณกุล	O

ผู้ว่าการ	O
ธนาคาร	O
แห่ง	org_start
ประเทศ	O
ไทย	O

(	O
ธปท.	O
)	O
เพื่อ	O
พิจารณา	O
ปรับปรุง	O
เงื่อนไข	O
การ	O
ใช้	O
บัตร	O
เงิน	O
ฝาก	O
(	O
NCD	O
)	O
มี	O
หนังสือ	O
ถึง	O
อธิบดี	O
กรม	O
สรรพากร	O
ให้	O
พิจารณา	O
การ	O
คืน	O
ภาษี	O
มูลค่า	O
เพิ่ม	O
"	O
เงิน	O
ที่	O
ติด	O
อยู่	O
ใน	O

NCD	O

กับ	O
ตั๋วสัญญาใช้เงิน	O
"	O
นาย	O
ธรรมา	O

กล่าว	O
ว่า	O

สำหรับ	O
ข้อเสนอ	O
เกี่ยวกับ	O
การ	O
ใช้	O

NCD	O

ตั๋วสัญญาใช้เงิน	O
ที่	O
ส่ง	O
ให้	O
ธปท.	O
นับเป็น	O
ครั้ง	O
ที่	O

2	O

ทาง	O
ธปท.	O
ตอบ	O
กลับ	O
มา	O
ไม่	O
สามารถ	O
ดำเนินการ	O
ตามที่	O
ธปท.	O
แจ้ง	O
มา	O
ค้ำประกัน	O
ที่	O
ธนาคาร	O
กรุงไทย	O
แจ้ง	O
ว่า	O
ยัง	O
ต้อง	O
ใช้	O
เวลา	O
อีก	O

1	O

เดือน	O

ดังนั้น	O
สอท.	O
จึง	O
เสนอ	O
ให้	O
ธปท.	O
ปรับ	O
เงื่อนไข	O
หาก	O
ธนาคาร	O
กรุงไทย	O
ยัง	O
ไม่	O
พร้อม	O
ขอ	O
ให้	O
ธปท.	O
อาวัล	O
ตั๋ว	O
และ	O
แจ้ง	O
ให้	O
ธนาคาร	O
พาณิชย์	O
และ	O
สถาบัน	O
การเงิน	O
อื่นๆ	O
ยอมรับ	O
สำเนา	O
ตั๋ว	O
ดังกล่าว	O
อัตรา	O
ดอกเบี้ย	O
รับ	O
ซื้อ	O
คืน	O
ที่	O
ธนาคาร	O
กรุงไทย	O
กำหนด	O
ให้	O
ธปท.	O
กำหนด	O
ให้	O
วงเงิน	O
สินเชื่อ	O
ที่	O
สถาบัน	O
การเงิน	O
ให้	O
แก่	O
ผู้	O
ถือ	O
ตั๋ว	O

NCD	O

ควร	O
ได้รับ	O
ยกเว้น	O
รับประกัน	O
โดย	O
กองทุน	O
ฟื้นฟู	O
จึง	O
ไม่	O
มี	O
ความ	O
เสี่ยง	O
"	O
นาย	O
ธรรมนูญ	O
กล่าว	O
สำหรับ	O
ข้อเสนอ	O
เรื่อง	O
ภาษี	O
มูลค่า	O
เพิ่ม	O
ที่	O
จะ	O
เสนอ	O
กรม	O
สรรพากร	O

คือ	O

ให้	O
กรม	O
สรรพากร	O
กำหนด	O
ระยะ	O
เวลา	O
การ	O
จ่าย	O
คืน	O
ภาษีมูลค่าเพิ่ม	O
ที่	O
แน่นอน	O
บรรดา	O
รัฐมนตรี	O
ต่าง	O
ประเทศ	O
อาเซียน	O
แสดง	O
ท่าที	O
ชัดเจน	O
หลาย	O
ชาติ	O
อาเซียน	O
ยัง	O
คัดค้าน	O
การ	O
เปิดเผย	O
ข้อมูล	O
เศรษฐกิจ	O
"	O
ที่	O
มี	O
ความ	O
อ่อนไหว	O
"	O

ขณะที่	O
รัฐมนตรี	O
ต่าง	O
ประเทศ	O
ของ	O
สมาคม	O
อาเซียน	O
กำลัง	O
เตรียมตัว	O
เพื่อ	O
เข้าร่วม	O
รับประทาน	O
อาหาร	O
ค่ำ	O
รัฐมนตรี	O
ต่าง	O
ประเทศ	O

อับดุลลาห์	O

อาหมัด	O

บาดาวี	O

ของ	O
มาเลเซีย	O
กับ	O
รัฐมนตรี	O
ต่าง	O
ประเทศ	O

เอส.(per_start)	O

จายากุมาร	O

ของ	O
สิงคโปร์	O

ก็	O
แสดง	O
ท่าที	O
ชัดเจน	O
ว่า	O
เข้า	O
ด้วย	O
กับ	O
อินโดนีเซีย	O

พม่า	O

และ	O
เวียดนาม	O

ใน	O
การ	O
คัดค้าน	O
ข้อ	O
เรียกร้อง	O
ของ	O
ไทย	O
กับ	O
ฟิลิปปินส์	O
ที่	O
ให้	O
ใช้	O

"	O
การ	O
พัวพัน	O
อย่าง	O
ยืดหยุ่น	O
"	O

ทาง	O
ด้าน	O
รัฐมนตรี	O
ต่าง	O
ประเทศ	O

สุรินทร์	O

พิศสุวรรณ	O

ของ	O
ไทย	O

ซึ่ง	O
เป็น	O
ผู้	O
จุด	O
พลุ	O
ให้	O
อาเซียน	O
ทบทวน	O
สิ่ง	O
ที่	O
เคย	O
ถือ	O
เคร่งครัด	O
ที่	O
จะ	O
ไม่	O
แทรกแซง	O
กิจการ	O
ภายใน	O
ของ	O
กันและกัน	O

และ	O
เสนอ	O
ว่า	O
ชาติ	O
สมาชิก	O
ควร	O
ที่	O
จะ	O
วิพากษ์วิจารณ์	O
กัน	O
ได้	O
กล่าว	O
เมื่อ	O
เดินทาง	O
ถึง	O
มะนิลา	O
วาน	O
นี้	O
ว่า	O
เจ้าหน้าที่	O
อาวุโส	O
ของ	O
อาเซียน	O
ที่	O
ประชุม	O
กัน	O
ใน	O
มะนิลา	O
ช่วง	O

1-2	O

วัน	O
ก่อนหน้า	O
นี้	O
ข้อเสนอ	O
ของ	O
ธนาคาร	O
พัฒนา	O
เอเชีย	O
(	O
เอดีบี	O
)	O

ต้อง	O
ให้	O
ชาติ	O
สมาชิก	O
เปิดเผย	O
ข้อมูล	O
เศรษฐกิจ	O
"	O
ที่	O
อ่อนไหว	O
"	O

อาเซียน	O
เป็น	O
ฝ่าย	O
ขอ	O
ให้	O
เอดีบี	O
ช่วย	O
สนับสนุน	O
ทาง	O
เทคนิค	O
เพื่อ	O
ก่อตั้ง	O
กลไก	O
ดังกล่าว	O

โยชิฮิโร	O

อิวาซากิ	O

หัวหน้า	O
สำนัก	O
วางแผน	O
ทาง	O
ยุทธศาสตร์	O
ของ	O
เอดีบี	O

ยืนยัน	O
ว่า	O
มี	O
สมาชิก	O
อาเซียน	O
บาง	O
ประเทศ	O
พูด	O
ว่า	O
ระเบียบ	O
กฎหมาย	O
ของ	O
ธนาคาร	O
กลาง	O
เขา	O
บอก	O
ว่า	O

ปรากฏ	O
ความเห็น	O
สอดคล้อง	O
กัน	O
ใน	O
หมู่	O
สมาชิก	O
อาเซียน	O
แล้ว	O
ต้อง	O
ส่ง	O
ให้	O
ไอเอ็มเอฟ	O
เป็น	O
ประจำ	O
อยู่	O
แล้ว	O
"	O
พาณิชย์	O
"	O

ตั้ง	O
คณะ	O
กรรมการ	O
ตรวจสอบ	O
การ	O
ปลอมแปลง	O
หนังสือรับรอง	O
สิ่งทอ	O
ใน	O
สหรัฐ	O
ฯ	O
"	O
ชวลิต	O
"	O

เผย	O
ได้	O
เตือน	O
สมาชิก	O
นาย	O
ประชา	O

จารุตระกูล	O

อธิบดี	O
กรม	O
การค้า	O
ต่าง	O
ประเทศ	O

เปิดเผย	O
กรณี	O
ที่	O
มี	O
การ	O
ปลอมแปลง	O
หนังสือรับรอง	O
สิ่งทอ	O
ไป	O
ยัง	O
ตลาด	O
สหรัฐ	O
ฯ	O

มี	O
การ	O
ปลอมแปลง	O
หนังสือรับรอง	O
สิ่งทอ	O
ไป	O
ยัง	O
สหรัฐ	O
ฯ	O
ทั้งสิ้น	O

62	O

ฉบับ	O
หลังจากที่	O
กรม	O
การค้า	O
ต่าง	O
ประเทศ	O
ได้	O
ทราบ	O
เรื่อง	O
นาย	O
ประชา	O
กล่าว	O
โดย	O
มี	O
นาย	O
สกล	O

หาญสุทธิวารินทร์	O

ผู้	O
เชี่ยว	O
ชาญ	O
พิเศษ	O
ด้าน	O
มาตรฐาน	O
ทาง	O
การค้า	O

เป็น	O
ประธาน	O
การ	O
ตรวจสอบ	O
พบ	O
ว่า	O
มี	O
เจ้าหน้าที่	O
กรม	O
การค้า	O
ต่าง	O
ประเทศ	O

เข้า	O
ไป	O
เกี่ยวข้อง	O
"	O

นาย	O
ประชา	O
กล่าว	O
นาย	O
ชวลิต	O

นิ่มละออ	O

นายก	O
สมาคม	O
อุตสาหกรรม	O
เครื่อง	O
นุ่งห่ม	O
ไทย	O

กล่าว	O
ว่า	O

มี	O
บริษัท	O
ของ	O
สมาชิก	O

2-3	O

รายได้	O
ถูก	O
ปลอมแปลง	O
หนังสือรับรอง	O
ไป	O
ยัง	O
สหรัฐ	O
ฯ	O

ตน	O
ได้	O
ประสานงาน	O
ไป	O
ยัง	O
กรม	O
การค้า	O
ต่าง	O
ประเทศ	O
เพื่อ	O
ดำเนินการ	O
ตรวจสอบ	O
ปริมาณ	O
โควตา	O
ที่	O
ได้รับ	O
กับ	O
ทาง	O
กรม	O
การค้า	O
ต่าง	O
ประเทศ	O
ให้	O
มาก	O
ขึ้น	O
และ	O
สม่ำเสมอ	O

เพื่อ	O
ป้องกัน	O
การ	O
ปลอมแปลง	O
และ	O
ภายใน	O
ปี	O
นี้	O

ทาง	O
กรม	O
การค้า	O
ต่าง	O
ประเทศ	O
แจ้ง	O
ว่า	O
จะ	O
มี	O
การ	O
นำ	O
ระบบ	O
คอมพิวเตอร์	O
ออน	O
ไลน์	O
มา	O
ใช้	O
"	O

นาย	O
ชวลิต	O

กล่าว	O
นาย	O
ชลชาติ	O
กล่าว	O
ถึง	O
ภาวะ	O
ของ	O
อุตสาหกรรม	O
เครื่อง	O
นุ่งห่ม	O
ขณะที่	O
ปัญหา	O
เศรษฐกิจ	O
ไทย	O
ยัง	O
ขาด	O
แวว	O
การ	O
ฟื้นตัว	O
และ	O
การเมือง	O
ไทย	O
ยัง	O
ย่ำ	O
อยู่	O
กับ	O
ที่	O
ตลาด	O
โลก	O
เคย	O
รองรับ	O
สินค้า	O
ไทย	O
กลับ	O
หด	O
ตัว	O
ผ่าน	O
ความ	O
เห็นชอบ	O
ของ	O
สภา	O

และ	O
ประกาศ	O
ใน	O
ราชกิจจานุเบกษา	O
สะท้อน	O
ภาพ	O
อัปลักษณ์	O
ของ	O
สังคม	O
ไทย	O
ที่	O
ขยายตัว	O
ฟุ้งเฟ้อ	O
การ	O
ล่ม	O
สลาย	O
ครั้ง	O
ใหญ่	O
ของ	O
เศรษฐกิจ	O
ไทย	O
เปรียบ	O
ได้	O
ดัง	O
คน	O
รวย	O
ที่	O
จมไม่ลง	O
กลุ่ม	O
คน	O
เพิ่ง	O
รวย	O

หรือ	O
เศรษฐี	O
ใหม่	O
ต้อง	O
ประสบ	O
ความ	O
หายนะ	O
ขณะที่	O
กลุ่ม	O
คน	O
บาง	O
อาชีพ	O

ข้าราชการ	O
ประจำ	O
ระดับ	O
นโยบาย	O
หลาย	O
กระทรวง	O

กลับ	O
กลายเป็น	O
ผู้	O
ที่	O
มั่งคั่ง	O
ส่วน	O
พรรค	O
การเมือง	O
ใหม่	O
ก็	O
เน้น	O
จุด	O
ขาย	O
ของ	O
การ	O
เป็น	O
พรรค	O
ของ	O
คน	O
ร่ำรวย	O
สังคม	O
ไทย	O
ไม่	O
ได้	O
ตรวจสอบ	O
เผด็จการ	O
คน	O
เดียว	O
อย่าง	O
สฤษดิ์	O

โกง	O
ไป	O
นับ	O
ร้อยๆ	O

ล้าน	O
การ	O
ปฏิวัติ	O
ทาง	O
อุตสาหกรรม	O
ใน	O
กลุ่ม	O
ประเทศ	O
ยุโรป	O

ข้อ	O
เรียกร้อง	O
ภาค	O
แรงงาน	O
อุตสาหกรรม	O
นั้น	O

คือ	O

การ	O
ปรับปรุง	O
สวัสดิการ	O
ของ	O
ผู้	O
ใช้	O
แรงงาน	O

และ	O
กฎหมาย	O
แรงงาน	O

เช่น	O
ใน	O
ประเทศ	O
อังกฤษ	O
ก็	O
เข้า	O
มา	O
ควบคุม	O
การ	O
ใช้	O
แรงงาน	O
เด็ก	O
ประเทศ	O
ยุโรป	O
ก็	O
มี	O
ปัญหา	O
คอร์รัปชัน	O
ขณะที่	O
ยุโรป	O
ภาค	O
อุตสาหกรรม	O
หลาย	O
ชนิด	O
กำลัง	O
อยู่	O
ใน	O
ภาวะ	O
ทรุด	O
ตัว	O
การ	O
เติบโต	O
ภาค	O
อุตสาหกรรม	O
ใน	O
ทวีป	O
อเมริกาเหนือ	O
ก็	O
เฟื่องฟู	O
ขึ้น	O
ภาค	O
อุตสาหกรรม	O
ใน	O
ยุโรป	O
หมด	O
สมัย	O
นัก	O
คิด	O
ใน	O
อเมริกา	O
กลับ	O
สร้าง	O
ผลผลิต	O
ที่	O
มี	O
คุณภาพ	O
วาง	O
รากฐาน	O
ทาง	O
การ	O
ผลิต	O
ใน	O
อเมริกา	O
เจริญ	O
รุดหน้า	O
การ	O
ควบคุม	O
เครื่องจักรกล	O
ของ	O
โรงงาน	O
ภาค	O
รัฐ	O
ของ	O
ไทย	O
เรา	O
ไม่	O
เคย	O
คิด	O
อะไร	O
ล่วงหน้า	O
ใน	O
เชิง	O
ปฏิบัติ	O
เมื่อ	O
สังคม	O
วิกฤต	O

พระบาทสมเด็จพระเจ้าอยู่หัว	O

ซึ่ง	O
ทรง	O
พระ	O
ปรีชาสามารถ	O
ประเทศ	O
เพื่อนบ้าน	O
อย่าง	O
สิงคโปร์	O
หรือ	O
มาเลเซีย	O

ทั้ง	O
สอง	O
ประเทศ	O
นั้น	O
วิเคราะห์	O
ถึง	O
อนาคต	O
เกี่ยวกับ	O
โลก	O
ใน	O
ยุค	O
โลกานุวัตร	O
การ	O
ศึกษา	O
ของ	O
ประเทศ	O
เหล่านี้	O
ทั้ง	O
ใน	O
กลุ่ม	O
ประเทศ	O
ยุโรป	O
หรือ	O
อเมริกา	O
ได้	O
มี	O
การ	O
เสริมสร้าง	O
หลักสูตร	O
ใหม่	O

ๆ	O
ประธานาธิบดี	O
เจียงเจ๋อหมิน	O
ของ	O
จีน	O

ออก	O
คำสั่ง	O
ท่ามกลาง	O
ความ	O
พยายาม	O
ของ	O
คณะ	O
ผู้นำ	O
ใน	O
ปักกิ่ง	O
กองทัพ	O
และ	O
กอง	O
กำลัง	O
ตำรวจ	O
ติด	O
อาวุธ	O
สำนัก	O
ข่าว	O
ซินหัว	O
ของ	O
ทางการ	O
จีน	O
อ้าง	O
คำพูด	O
ของ	O
เจียง	O

ซึ่ง	O
กล่าว	O
ใน	O
ที่	O
ประชุม	O
วาระ	O
พิเศษ	O
เพื่อ	O
ต่อต้าน	O
สินค้า	O
เถื่อน	O

ของ	O
คณะ	O
กรรมการ	O
การ	O
ทหาร	O
ส่วนกลาง	O

ที่	O
เขา	O
เป็น	O
ประธาน	O
อยู่	O

นอกจากนั้น	O

ซินหัว	O
บอก	O
ว่า	O

เจียง	O
ซึ่ง	O
มี	O
ตำแหน่ง	O
เป็น	O
เลขาธิการ	O
ใหญ่	O
พรรค	O
คอมมิวนิสต์	O
จีน	O
ด้วย	O
ระบุ	O
ให้	O
องค์กร	O
ทาง	O
การเมือง	O
และ	O
องค์กร	O
ทาง	O
กฎหมาย	O
ก็	O
ต้อง	O
ถอน	O
ตัว	O
ผลกระทบ	O
หนักหน่วง	O
เป็น	O
พิเศษ	O
ต่อ	O
กองทัพ	O
ปลดแอก	O
ประชาชน	O
จีน	O

ที่	O
ทางการ	O
ปักกิ่ง	O
ดำเนิน	O
นโยบาย	O
ปฏิรูป	O
สู่	O
เศรษฐกิจ	O
การตลาด	O

ทาง	O
กองทัพ	O
ฯ	O

และ	O
กอง	O
กำลัง	O
ตำรวจ	O
ติด	O
อาวุธ	O

ได้	O
สร้าง	O
ตัวเอง	O
จน	O
กลายเป็น	O
อาณาจักร	O
ธุรกิจ	O
ใหญ่	O
มหึมา	O
บริการ	O
ส่ง	O
ดาวเทียม	O

เหมือง	O
ถ่านหิน	O

ไป	O
จนถึง	O
โรงแรม	O

สนาม	O
กอล์ฟ	O

ภัตตาคาร	O

และ	O
สถาน	O
คาราโอเกะ	O

รัฐสภา	O
ของ	O
จีน	O
เคย	O
มี	O
มติ	O
แม้	O
คำสั่ง	O
ของ	O
เจียง	O
แสดง	O
ให้	O
เห็น	O
ว่า	O
อำนาจ	O
รวม	O
ศูนย์	O
เหนือ	O
ฝ่าย	O
ทหาร	O
ได้	O
แล้ว	O

การ	O
ปล่อย	O
ธนู	O
สัญญาณ	O
เพื่อ	O
ตักเตือน	O
ของ	O
เจียง	O
มาก	O
กว่า	O
"	O

พำนัก	O
อยู่	O
ใน	O
ปักกิ่ง	O
บอก	O
กับ	O
เอเอฟพี	O

เจียง	O
กำลัง	O
เตือน	O
ว่า	O

กว่า	O
ที่	O
จีน	O
จะ	O
สามารถ	O
พัฒนา	O
ระบบ	O
นำ	O
งบประมาณ	O
ส่วนกลาง	O
มา	O
ใช้	O
อุดหนุน	O
กองทัพ	O
ทุก	O
กรม	O
กอง	O
ของ	O
กองทัพ	O
ปลดแอก	O
ประชาชน	O
จีน	O
ลง	O
ไป	O
จนถึง	O
หน่วย	O
พื้นฐาน	O
การ	O
ปฏิรูป	O
ของ	O
จีน	O
นั้น	O
อาจ	O
มุ่งหมาย	O
เพียง	O
เพื่อ	O
ปรับ	O
โครงสร้าง	O
กองทัพ	O
สำนัก	O
ข่าว	O
ซินหัว	O
รายงาน	O
ว่า	O

ใน	O
การ	O
ปราศรัย	O
ต่อ	O
ที่	O
ประชุม	O
พิเศษ	O
ของ	O
คณะ	O
กรรมการ	O
การ	O
ทหาร	O
ส่วนกลาง	O
คราว	O
นี้	O

เจียง	O
ได้	O
ชี้นิ้ว	O
กล่าวโทษ	O
เขา	O
กล่าว	O
ใน	O
คำ	O
ปราศรัย	O
ตอน	O
หนึ่ง	O

ฝ่าย	O
ทหาร	O
ของ	O
จีน	O
เข้า	O
ไป	O
พัวพัน	O
ด้วย	O

สำนักงาน	O
กำกับ	O
ดูแล	O
ตลาดหลักทรัพย์	O
ของ	O
จีน	O
ได้	O
จัดการ	O
สอบสวน	O
ความ	O
ผิด	O
ของ	O
พวก	O
ผู้	O
บริหาร	O
ระดับ	O
สูงสุด	O
ของ	O

เจ	O

แอนด์	O

เอ	O

ซีเคียวริตีส์	O

ซึ่ง	O
เป็น	O
บริษัท	O
หลักทรัพย์	O
ยักษ์	O
ใหญ่	O
ที่	O
เป็น	O
กิจการ	O
ลงทุน	O
ของ	O
กองทัพ	O
ภาค	O
กว่างโจว	O

ทางการ	O
อาจ	O
นำ	O

เจ	O

แอนด์	O

เอ	O

มา	O
ควบ	O
กิจการ	O
เข้า	O
กับ	O

กว๋อไท่	O

ซีเคียวริตีส์	O

บริษัท	O
หลักทรัพย์	O
ยักษ์	O
ใหญ่	O
อีก	O
ราย	O
หนึ่ง	O
คะแนนนิยม	O
ของ	O
ชาติพัฒนา	O
ตก	O
ฮวบ	O
เป็น	O
ประวัติการณ์	O

เหตุ	O
เพราะ	O
แนวโน้ม	O
ที่	O
พรรค	O
อาจ	O
เลือก	O
โอบูชิ	O
เป็น	O

นายก	O
ฯ	O
คน	O
ต่อไป	O

ด้าน	O
ส.ส.	O
ยังเติร์ก	O
ขู่	O
ทิ้ง	O
เสรีไทย	O
หาก	O
โอบูชิ	O
ได้	O
ชัยชนะ	O

นัก	O
วิเคราะห์	O
โหวต	O
ให้	O
คาจิยามา	O
เหมาะสม	O
ทั้ง	O
ใน	O
ตำแหน่ง	O
ผู้นำ	O
ประเทศ	O
และ	O
ขุน	O
คลัง	O
หนังสือพิมพ์	O
โยมิอุริ	O

ชิมบุน	O
ฉบับ	O
วาน	O
นี้	O
คะแนนนิยม	O
ใน	O
พรรค	O
เสรี	O
ประชาธิปไตย	O

(	O
แอลดีพี	O
)	O

ประจำเดือน	O
นี้	O
ลด	O
ลง	O
ต่ำ	O
สุด	O
เป็น	O
ประวัติการณ์	O
ไม่	O
พอใจ	O
ที่	O
ฟุนซินเปก	O
ยัง	O
คง	O
ใช้	O
เกณฑ์	O
การ	O
ตัดสิน	O
เดิมๆ	O
ใน	O
การ	O
เลือก	O
หัวหน้า	O
พรรค	O
ซึ่ง	O
จะ	O
ทำให้	O
ชัยชนะ	O
ไป	O
ตก	O
อยู่	O
กับ	O
เคโซ	O

โอบูชิ	O

รมว.	O
ต่าง	O
ประเทศ	O

โดยเฉพาะ	O
พรรค	O
ประชาธิปไตย	O
ของ	O
เนาโตะ	O
นั้น	O

ได้	O
คะแนน	O
เพิ่ม	O
ขึ้น	O
ท่วมท้น	O
ตลาด	O
การเงิน	O
ของ	O
ญี่ปุ่น	O
วาน	O
นี้	O
ดิ่ง	O
ลง	O
อย่าง	O
รุนแรง	O
ความ	O
ไร้	O
ประสบการณ์	O
ทาง	O
เศรษฐกิจ	O
ของ	O
โอบูชิ	O
ที่	O
สำนัก	O
ข่าว	O
เกียวโด	O
รายงาน	O
ว่า	O
บริษัท	O
จัด	O
อันดับ	O
ความ	O
น่าเชื่อถือ	O
ระดับ	O
หัว	O
แถว	O
ของ	O
สหรัฐ	O
ฯ	O

มูดี้ส	O

อินเวสเตอร์	O

อาจ	O
ลด	O
อันดับ	O
ความ	O
น่า	O
เชื่อถือ	O
ของ	O
ตราสาร	O
สกุล	O
เงิน	O
เยน	O
กระแส	O
ความ	O
ไม่	O
เห็นด้วย	O
ใน	O
การ	O
ที่	O
โอบูชิ	O
จะ	O
ขึ้น	O
เป็น	O
นายกรัฐมนตรี	O
คน	O
ต่อไป	O
ของ	O
ญี่ปุ่น	O
อัน	O
เป็น	O
ผล	O
ผูกพัน	O
จาก	O
ตำแหน่ง	O
หัวหน้า	O
พรรค	O
แอลดีพี	O

ส.ส.	O
กลุ่ม	O
ยังเติร์ก	O
ของ	O
แอลดีพี	O
เอง	O
ราว	O

20	O

คน	O
ซึ่ง	O
ให้	O
การ	O
สนับสนุน	O
จูนิชิโร	O

โคอิซูมิ	O

แคนดิเดท	O
อายุ	O
น้อย	O
ที่สุด	O

ยัง	O
วางแผน	O
ลา	O
ออก	O
จาก	O
พรรค	O
แต่งตั้ง	O
นายก	O
ฯ	O
คน	O
ใหม่	O
อย่าง	O
เป็น	O
ทางการ	O
หาก	O
โอบูชิ	O
ได้รับ	O
เลือก	O
เป็น	O
หัวหน้า	O
พรรค	O

อันตราย	O
อย่างยิ่ง	O
ต่อ	O
สถานะ	O
ของ	O
แอลดีพี	O
ใน	O
สภา	O
ล่าง	O
อย่างไรก็ตาม	O

โอบูชิ	O

ผู้	O
กุม	O
อำนาจ	O
ใน	O
มุ้ง	O
ใหญ่	O
ที่สุด	O
ใน	O
พลังธรรม	O

ไม่	O
ได้	O
แสดง	O
อาการ	O
ท้อถอย	O
ด้าน	O
โคอิซูมิ	O

รมว.	O
สาธารณสุข	O

กล่าว	O
ต่อ	O
เพื่อน	O
พ้อง	O
ใน	O
แอลดีพี	O
ว่า	O

ญี่ปุ่น	O
อยู่	O
ใน	O
ช่วง	O
ของ	O
การ	O
ปรับ	O
เปลี่ยน	O
ส่วน	O
เซโรกุ	O

คาจิยามา	O

อดีต	O
รมว.	O
สำนัก	O
นายก	O
ฯ	O
ซึ่ง	O
เป็น	O
ผู้	O
สมัคร	O
ที่	O
สูง	O
วัย	O
ที่สุด	O

กล่าว	O
ว่า	O

ผล	O
การ	O
สำรวจ	O
ความ	O
คิดเห็น	O
ที่	O
จัดทำ	O
โดย	O
รอยเตอร์	O
ยัง	O
ชี้	O
ว่า	O

คาจิยามา	O
เป็น	O
ที่	O
ชื่นชอบ	O
ของ	O
นัก	O
วิเคราะห์	O

คาจิยามา	O
เป็น	O
ตัว	O
เลือก	O
อันดับ	O
แรก	O
ใน	O
ตำแหน่ง	O
รัฐมนตรี	O
คลัง	O

โดย	O
ได้	O
คะแนน	O
ทั้งสิ้น	O

9	O

คะแนน	O

ขณะที่	O
อดีต	O
นายก	O
ฯ	O
คิอิชิ	O

มิยาซาวา	O

หรือ	O
ผู้	O
บริหาร	O
มือ	O
อาชีพ	O
จาก	O
ภาค	O
เอกชน	O
สำหรับ	O
ตำแหน่ง	O
นายก	O
ฯ	O
คาจิยามา	O

และ	O
โคอิซูมิ	O
ได้	O
คะแนน	O
เท่ากัน	O
คือ	O

7	O

คะแนน	O

นำ	O
โอบูชิ	O
เพียง	O

1	O

คะแนน	O
จุดยืน	O
ของ	O
คาจิยามา	O
ใน	O
การ	O
ผ่าตัด	O
ภาค	O
การเงิน	O
การ	O
เปลี่ยนแปลง	O
นโยบาย	O
ของ	O
เดโมแครต	O
จาก	O
ที่	O
เคย	O
ปล่อยปละละเลย	O
การ	O
วิจารณ์	O
ชุมชน	O
ผิว	O
ดำ	O
ใน	O
สหรัฐ	O
ฯ	O

อาจ	O
ทำให้	O
คาจิยามา	O
ชวด	O
เก้าอี้	O
นายก	O
ฯ	O

หรือ	O
กระทั่ง	O
ตำแหน่ง	O
ขุน	O
คลัง	O
หาก	O
โอบูชิ	O
เป็น	O
ฝ่าย	O
มี	O
ชัย	O

สืบ	O
เนื่องจาก	O
การ	O
ที่	O
คาจิยามา	O
อาจหาญ	O
ลง	O
แข่งขัน	O
กับ	O
โอบูชิ	O

ยัง	O
ไม่	O
มั่นใจ	O
ใน	O
ตัว	O
คาจิยามา	O
ขณะที่	O
มอง	O
ว่า	O
โอบูชิ	O
เป็น	O
สัญลักษณ์	O
ของ	O
นโยบาย	O
อนุรักษนิยม	O
ของ	O
รีพับลิกัน	O

เชื่อ	O
ว่า	O
โคอิซูมิ	O
จะ	O
ได้	O
ชัยชนะ	O

สมาชิก	O
เดโมแครต	O

413	O

คน	O
จะ	O
โหวต	O
ลับ	O
เลือก	O
หัวหน้า	O
พรรค	O
สืบ	O
แทน	O
นายก	O
ฯ	O
ริวทาโร	O

ฮาชิโมโต	O

ที่	O
ลา	O
ออก	O
นัก	O
ท่องเที่ยว	O
ที่	O
เคย	O
ล่อง	O
ขึ้น	O
ลง	O
ตาม	O
ลำน้ำ	O
โขง	O
ระยะ	O

4-5	O

ปี	O
ก่อน	O
นับ	O

100	O

ลำ	O

ทั้ง	O
สัญชาติ	O
ไทย	O
-	O
ลาว	O
-	O
พม่า	O

ขณะที่	O
เรือ	O
ท่องเที่ยว	O
ของ	O
ผู้	O
ประกอบการ	O
ไทย	O
มี	O
พร้อม	O
ให้	O
บริการ	O
เพียง	O

2	O

ราย	O
รายงาน	O
การค้า	O
ระหว่าง	O
ไทย	O
-	O
จีน	O
ตอน	O
ใต้	O

(	O
มณฑล	O
ยูนนาน	O
)	O

ของ	O
ธนาคาร	O
แห่ง	org_start
ประเทศ	O
ไทย	O
สาขา	O
ภาค	O
เหนือ	O

จังหวัด	O
เชียงใหม่	O

ระบุ	O
ว่า	O
ยอด	O
การค้า	O
ระหว่าง	O

ไทย	O
-	O
จีน	O
ตอน	O
ใต้	O

ผ่าน	O
พรมแดน	O
จังหวัด	O
เชียงราย	O

มี	O
ทั้งสิ้น	O

89	O

ล้าน	O
บาท	O
เศษ	O

ยอด	O
การ	O
ค้า	O
ระหว่าง	O
ไทย	O
-	O
จีน	O
ตอน	O
ใต้	O
ปี	O
นี้	O
ตลอด	O
ทั้ง	O
ปี	O
ลด	O
ลง	O
ความ	O
นิยม	O
ใน	O
การ	O
ส่ง	O
สินค้าเข้า	O
จีน	O
ตอน	O
ใต้	O
ผ่าน	O
แม่น้ำ	O
โขง	O
ลด	O
ลง	O
มาก	O

ความ	O
นิยม	O
ใน	O
การ	O
ส่ง	O
สินค้า	O
ผ่าน	O
แม่น้ำ	O
โขง	O
ลด	O
ลง	O

ปัญหา	O
การ	O
เก็บ	O
ภาษี	O
เถื่อน	O
ตาม	O
ลำน้ำ	O
โขง	O
ที่	O
สูง	O
เกินไป	O
เก็บ	O
ค่า	O
ธรรมเนียม	O
เดินเรือ	O
ใน	O
แม่น้ำ	O
โขง	O
ของ	O
ทั้ง	O

4	O

ประเทศ	O

ที่	O
ปัจจุบัน	O
มี	O
เพียง	O

สปป.	O
ลาว	O
เท่านั้น	O
ที่	O
จัด	O
เก็บ	O

ขณะที่	O
พม่า	O
ไม่	O
เก็บ	O
การ	O
ขนส่ง	O
สินค้า	O
จาก	O
ไทย	O
-	O
จีน	O

เช่น	O

ลำไย	O

ต้อง	O
เสีย	O
ค่า	O
เบี้ยบ้ายรายทาง	O
แต่	O
อิหร่าน	O
ไม่	O
เก็บ	O
เช่นกัน	O

ไม่	O
มี	O
บริษัท	O
ใด	O
กล้า	O
รับประกัน	O
ใน	O
ความ	O
ปลอดภัย	O

ส่ง	O
สินค้าออก	O
ผ่าน	O
ท่าเรือ	O
คลองเตย	O
-	O
แหลมฉบัง	O

เข้า	O
จีน	O
ทาง	O
ฮ่องกง	O
แทน	O

จุด	O
แวะ	O
พัก	O
ที่	O
ก่อนหน้า	O
นี้	O
กำหนด	O
ให้	O
เรือ	O
ที่	O
วิ่ง	O
ใน	O
แม่น้ำ	O
โขง	O
เทียบ	O
ท่า	O
ทั้ง	O

13	O

ท่าเรือ	O
ใน	O

4	O

ประเทศ	O
คือ	O

ประเทศ	O
จีน	O

ท่าเรือ	O
ซือเหมา	O

ท่าเรือ	O
จิ่งหง	O

ท่าเรือ	O
เม่งฮาน	O

ท่าเรือ	O
กวนเล่ย	O
,	O

ประเทศ	O
ลาว	O

ท่าเรือ	O
บ้านทราย	O

ท่าเรือ	O
เชียงกก	O

ท่าเรือ	O
เมืองมอม	O

ท่าเรือ	O
ห้วยทราย	O

และ	O
เมือง	O
หลวงพระบาง	O
,	O

ประเทศ	O
พม่า	O

ท่าเรือ	O
หว่านเซียง	O

และ	O
ท่าเรือ	O
หว่านพง	O
,	O

ประเทศ	O
ไทย	O

ท่าเรือ	O
เชียงแสน	O

และ	O
ท่าเรือ	O
เชียงของ	O
นั้น	O

น่า	O
จะ	O
ลด	O
ลง	O
เหลือ	O
ประเทศ	O
ละ	O

1-2	O

แห่ง	org_start
เท่านั้น	O

เพื่อ	O
ความ	O
รวดเร็ว	O
-	O
ลด	O
ค่าใช้จ่าย	O
การ	O
นำเข้า	O
สินค้า	O
จาก	O
จีน	O
ก็	O
จะ	O
ลด	O
ลง	O
ไป	O
ด้วย	O
แน่นอน	O
เนื่องจาก	O
ราคา	O
สินค้า	O
ของ	O
จีน	O
สูง	O
ขึ้น	O
นาย	O
สัตวแพทย์	O
ถนอมศักดิ์	O

เสรีวิชยสวัสดิ์	O

ประธาน	O
กรรมการ	O
บริษัท	O

แม่สลองทัวร์	O

จำกัด	O

ผู้	O
ประกอบการ	O
นำเที่ยว	O
ไทย	O
-	O
พม่า	O
-	O

ลาว	O
-	O
จีน	O

ผ่าน	O
แม่น้ำ	O
โขง	O

กล่าว	O
ว่า	O

อุปสรรค	O
การ	O
เดินเรือ	O
ใน	O
แม่น้ำ	O
โขง	O

บาง	O
ประเทศ	O
ที่	O
เรือ	O
วิ่ง	O
ผ่าน	O
น่านน้ำ	O
ไม่	O
จัด	O
เก็บ	O
ค่า	O
ผ่าน	O
ทาง	O
เรือ	O
สินค้า	O
ที่	O
วิ่ง	O
อยู่	O
ใน	O
แม่น้ำ	O
โขง	O
แต่ละ	O
เดือน	O
มี	O
อยู่	O
ไม่	O
ถึง	O

10	O

ลำ	O
เท่านั้น	O
"	O

นาย	O
มานิต	O

อินถา	O

1	O

ใน	O
ผู้	O
บริหาร	O
ระดับ	O
สูง	O
ของ	O
กลุ่ม	O
ตะวันห้าเชียง	O
กล่าว	O

หอ	O
การค้า	O
จังหวัด	O
เชียงราย	O

ได้	O
สำรวจ	O
เรือ	O
ขนส่ง	O
สินค้า	O
-	O
ท่องเที่ยว	O
ที่	O
วิ่ง	O
ใน	O
แม่น้ำ	O
โขง	O

มี	O
ทั้ง	O
เรือ	O
ของ	O
พม่า	O
-	O

ลาว	O
-	O
ไทย	O

รวม	O
ทั้งสิ้น	O

84	O

ลำ	O

วิ่ง	O
ใน	O
แม่น้ำ	O
โขง	O
ได้	O
ประมาณ	O

6-8	O

เดือน	O
/	O
ปี	O

เป็น	O
เรือ	O
บรรทุก	O
สินค้า	O
ของ	O
ไทย	O

มี	O
จำนวน	O
ทั้งสิ้น	O

11	O

ลำ	O

,	O
เรือ	O
สปป.	O
ลาว	O

มี	O
จำนวน	O

44	O

ลำ	O
,	O

เรือ	O
พม่า	O

มี	O
จำนวน	O

29	O

ลำ	O

ขณะที่	O
กลุ่ม	O
ธุรกิจ	O
เดินเรือ	O
ขนส่ง	O
สินค้า	O
ของ	O
เอกชน	O
ไทย	O
ที่	O
โดดเด่น	O
ที่สุด	O
กลุ่ม	O
ประเทศ	O
ลุ่มน้ำ	O
โขง	O
ตอน	O
บน	O
ทั้ง	O

4	O

ประเทศ	O

อันได้แก่	O
ไทย	O
-	O
ลาว	O
-	O
พม่า	O
-	O
จีน	O
นั้น	O

มี	O
อยู่	O

2	O

กลุ่ม	O
ใหญ่	O
คือ	O

กลุ่ม	O
บริษัท	O

เจ.	O
เค.	O
เอ็น	O

เทรดดิ้ง	O

จำกัด	O

ของ	O
ตระกูล	O
เชื้อเจ็ดตน	O

และ	O
บริษัท	O
ล้านช้าง	O

อินเตอร์เนชั่นแนล	O

ดีเวลลอปเม้นท์	O

จำกัด	O
นางสาว	O
จิราพร	O

เชื้อเจ็ดตน	O

กรรมการ	O
ผู้จัดการ	O

บริษัท	O
เจ.	O
เค.	O
เอ็น.	O

เทรดดิ้ง	O

จำกัด	O

เคย	O
ให้	O
รายละเอียด	O
ว่า	O

ส่งออก	O
สินค้า	O
เกษตร	O
ใน	O
ภาค	O
เหนือ	O
สู่	O
ประเทศ	O
จีน	O

รวมทั้ง	O
นำ	O
สินค้า	O
อุปโภค	O
บริโภค	O
จาก	O
ประเทศ	O
จีน	O
เข้า	O
มา	O
จำหน่าย	O
ใน	O
ประเทศ	O
ไทย	O
ด้วย	O
บริษัท	O
ได้	O
ตั้ง	O

บริษัท	O

ล้านช้างทรานสปอร์ต	O

จำกัด	O

ขึ้น	O
เพื่อ	O
ดำเนิน	O
ธุรกิจ	O
ขนส่ง	O
สินค้า	O
เดินเรือ	O
แม่น้ำ	O
โขง	O
เช่นกัน	O
ร่วม	O
ทุน	O
กับ	O
รัฐบาล	O
จีน	O

คือ	O

กระทรวง	O
คมนาคม	O

มณฑล	O
ยูนนาน	O

ใน	O
สัดส่วน	O
ฝ่าย	O
ไทย	O
ถือ	O
หุ้น	O

60%	O

และ	O
รัฐบาล	O
จีน	O
ถือ	O
หุ้น	O

40%	O
นางสาว	O
จิราพร	O
กล่าว	O
อีก	O
ว่า	O

บริษัท	O
ยัง	O
ได้	O
เจรจา	O
ติดต่อ	O
รัฐบาล	O
จีน	O
ทำ	O
สัญญา	O
ต่อ	O
เรือ	O
เส้นทาง	O
ขนส่ง	O
สินค้า	O
ของ	O
บริษัท	O
นั้น	O
จะ	O
เริ่ม	O
จาก	O
ท่าเรือ	O
เชียงแสน	O
-	O
ท่าเรือ	O
เชียงรุ้ง	O

ดำเนิน	O
ธุรกิจ	O
เดินเรือ	O
ใน	O
แม่น้ำ	O
โขง	O
ได้	O
เป็น	O
รูปธรรม	O
มาก	O
นัก	O
การ	O
ใช้	O
แม่น้ำ	O
โขง	O
ของ	O
ประเทศ	O
ใน	O
กลุ่ม	O
อนุภูมิภาค	O
นี้	O

เสีย	O

2	O

ต่อ	O
ให้	O
กับสปป.	O
ลาว	O
และ	O
จีน	O
ส่วน	O
เรือ	O
ท่องเที่ยว	O
ของ	O
ผู้	O
ประกอบการ	O
ไทย	O

ปัจจุบัน	O
พบ	O
ว่า	O
มี	O
อยู่	O
เพียง	O

2	O

ราย	O

คือ	O

บริษัท	O

แม่สลองทัวร์	O

จำกัด	O

มี	O
เรือ	O
ท่องเที่ยว	O
ขนาด	O

40	O

ที่นั่ง	O

1	O

ลำ	O

และ	O
บริษัท	O
ตะวันทัวร์	O

จำกัด	O

ใน	O
เครือ	O
ตะวันห้าเชียง	O

หนึ่ง	O
ใน	O
โครงการ	O
ร่วม	O
ทุน	O
กับ	O
บริษัท	O
เดินเรือ	O
สิบสองปันนา	O

จำกัด)	O

ที่	O
มี	O
นาย	O
หวัง	O

ต้าหมิง	O

เป็น	O
ประธาน	O
กรรมการ	O
บริษัท	O
โดย	O
บริษัท	O
เดินเรือ	O
ฯ	O

จะ	O
ใช้	O
ทรัพย์สิน	O
ที่	O
มี	O
อยู่	O
ขณะที่	O
ตะวันห้าเชียง	O
จะ	O
ใช้	O
เงินสด	O
สามารถ	O
วิ่ง	O
ใน	O
แม่น้ำ	O
โขง	O
ตลอด	O
ทั้ง	O
ปี	O
บริการ	O
นัก	O
ท่องเที่ยว	O
ใน	O
แม่น้ำ	O
โขง	O

ส่วน	O
กอง	O
เรือ	O
ขนส่ง	O
สินค้า	O
ที่	O
เกิด	O
จาก	O
บริษัท	O
ร่วม	O
ทุน	O

ขณะนี้	O
มี	O
อยู่	O
แล้ว	O
จำนวน	O

84	O

ลำ	O

มาเลเซีย	O
ริงกิต	O
และ	O
สิงคโปร์	O
ดอลลาร์	O
ได้	O
ขยับ	O
มา	O
อยู่	O
ที่	O
ระดับ	O

4.14	O

ริงกิต	O

และ	O

1.6940	O

สิงคโปร์	O
ดอลลาร์	O

ต่อ	O
ดอลลาร์	O
สหรัฐ	O

1.7120	O

สิงคโปร์	O
ดอลลาร์	O
/	O
ดอลลาร์	O
ใน	O
ช่วง	O
เช้า	O
มี	O
รายงาน	O
ข่าว	O
ว่า	O
รัฐบาล	O
ญี่ปุ่น	O

โดย	O
นายกรัฐมนตรี	O
เรียวทาโร	O

ฮาชิโมโต	O

กำลัง	O
จะ	O
พิจารณา	O
ร่าง	O
แผนการ	O
ที่	O
จะ	O
ออก	O
มาตรการ	O
แก้ไข	O
หนี้	O
เสีย	O
ที่	O
ส่ง	O
ผลกระทบ	O
อย่าง	O
หนัก	O
ต่อ	O
ธนาคาร	O
ญี่ปุ่น	O
หลายๆ	O
แห่ง	org_start

การ	O
จัด	O
ตั้ง	O

Bridge	O

Bank	O

ที่	O
เชื่อ	O
ว่า	O
จะ	O
ช่วย	O
แก้ไข	O
สถานการณ์	O
ให้	O
ดี	O
ขึ้น	O

ส่วน	O
การ	O
มา	O
เยือน	O
ไทย	O
ของ	O
นาย	O
โรเบิร์ต	O

รูบิน	O

รมต.	O
คลัง	O
สหรัฐ	O
ฯ	O
นั้น	O

แต่	O
การ	O
ยืนยัน	O
ว่า	O
สหรัฐ	O
ฯ	O
พร้อม	O
จะ	O
เข้า	O
แทรกแซง	O
ป้องกัน	O
ค่า	O
เงิน	O
เยน	O
ส่วน	O
การ	O
ประกาศ	O
ตัวเลข	O
สำคัญ	O
ของ	O
ธนาคาร	O
แห่ง	org_start
ประเทศ	O
ไทย	O
ใน	O
วันนี้	O
สัมพันธภาพ	O
ระหว่าง	O
ไทย	O
กับ	O
พม่า	O
เริ่ม	O
มึนตึง	O
ขึ้น	O
มา	O
อีก	O
ครั้ง	O
หนึ่ง	O

รัฐบาล	O
พม่า	O
ไม่	O
พอใจ	O
ต่อ	O
ท่าที	O
ของ	O
ไทย	O
ที่	O
ออก	O
มา	O
วิพากษ์	O
วิจารณ์	O
ทาง	O
การเมือง	O

ปัญหา	O
ภายใน	O
ของ	O
พม่า	O
ที่	O
กำลัง	O
เผชิญหน้า	O
กับ	O
พรรค	O
การเมือง	O
ฝ่าย	O
ค้าน	O
อยู่	O
ในขณะนี้	O

เป็น	O
เอกภาพ	O
ของ	O
กลุ่ม	O
อาเซียน	O

เนื่องมาจาก	O
ที่	O

ม.ร.ว.	O

สุขุมพันธุ์	O

บริพัตร์	O

รัฐมนตรีช่วยว่าการ	O
กระทรวง	O
การต่างประเทศ	O

ได้	O
ออก	O
มา	O
เสนอ	O
ข้อคิดเห็น	O
สถานการณ์	O
ทาง	O
การเมือง	O
ใน	O
พม่า	O
ขณะนี้	O
ว่า	O
ต้องการ	O
ที่	O
จะ	O
เห็น	O
ทุก	O
ฝ่ายใน	O
พม่า	O
ต่าง	O
สงบ	O
สติ	O
อารมณ์	O
ลง	O
เสีย	O
บ้าง	O

รัฐบาล	O
พม่า	O
ควร	O
เปิด	O
โอกาส	O
ให้	O
พรรค	O
สันนิบาตชาติ	O
ประชาธิปไตย	O

ภายใต้	O
การ	O
นำ	O
ของ	O
นาง	O
อองซาน	O

ซูจี	O

ที่	O
ได้	O
เรียกร้อง	O
ให้	O
รัฐบาล	O
พม่า	O
เปิด	O
ประชุม	O
รัฐสภา	O
นาย	O
สุรินทร์	O

พิศสุวรรณ	O

รัฐมนตรี	O
ว่า	O
การ	O
กระทรวง	O
การต่างประเทศ	O

กับ	O
นาย	O
เซียชอน	O

โดมิงโก	O

รัฐมนตรี	O
ต่างประเทศ	O
ฟิลิปปินส์	O

ได้	O
ร่วม	O
กัน	O
แสดง	O
ความ	O
เป็น	O
ห่วงใย	O

ต่อ	O
สถานการณ์	O
ทาง	O
การเมือง	O
ของ	O
พม่า	O
ความ	O
ขัดแย้ง	O
ภายใน	O
ของ	O
พม่า	O
อาจ	O
ส่ง	O
ผลกระทบ	O
อาจ	O
ทำให้	O
อาเซียน	O

ไร้	O
เสถียรภาพ	O
ได้	O

เสนอ	O
ให้	O
อาเซียน	O
เลิก	O
ถือ	O
เคร่ง	O
ข้อ	O
ห้าม	O
การ	O
แทรกแซง	O
กิจการ	O
ภายใน	O
ของ	O
ชาติ	O
อาเซียน	O
อื่น	O
ภาพลักษณ์	O
ระหว่าง	O
ประเทศ	O
ของ	O
อาเซียน	O
ด้วยกัน	O

สมาชิก	O
อาเซียน	O
ส่วนใหญ่	O

ยกเว้น	O
ประเทศ	O
ฟิลิปปินส์	O
ประเทศ	O
เดียว	O

ทำให้	O
กระทรวง	O
การต่างประเทศ	O

พม่า	O
ออก	O
มา	O
แถลง	O
เมื่อ	O
วัน	O
พุธ	O
ความ	O
วิตก	O
ดังกล่าว	O
ของ	O
รัฐมนตรี	O
ต่างประเทศ	O
อาเซียน	O
ทั้ง	O
สอง	O
คน	O
นั้น	O
ความ	O
เข้าใจ	O
ผิด	O
กัน	O
ใน	O
หมู่	O
สมาชิก	O
อาเซียน	O

และ	O
ส่ง	O
ผล	O
ด้าน	O
กลับ	O
ต่อ	O
ความ	O
สัมพันธ์	O
ทวิภาคี	O

วัตถุประสงค์	O
พื้นฐาน	O
ของ	O
อาเซียน	O
"	O

(	O
เอเอฟพี.	O

9	O

ก.ค.	O
41	O
)	O

แม้ว่า	O
นาย	O
กอบศักดิ์	O

ชุติมา	O

อธิบดี	O
กรม	O
สารนิเทศ	O

กระทรวง	O
การต่างประเทศ	O
จะ	O
ออก	O
มา	O
แถลง	O

ความ	O
ตึงเครียด	O
ทาง	O
การเมือง	O
ใน	O
พม่า	O
อาจ	O
จะ	O
ระเบิด	O
ฝ่าย	O
รัฐบาล	O
พม่า	O
หนัก	O
ยิ่ง	O
ขึ้น	O
สื่อมวลชน	O
บาง	O
ฉบับ	O
ของ	O
ไทย	O
ยัง	O
ออก	O
มา	O
เสนอ	O
ความเห็น	O
ความคิด	O
ของ	O
รัฐมนตรี	O
ต่างประเทศ	O
ไทย	O
และ	O
ฟิลิปปินส์	O
ว่า	O

ใน	O
ฐานะ	O
พม่า	O
เป็น	O
เพื่อนบ้าน	O
ที่อยู่	O
ใกล้ชิด	O
กับ	O
ไทย	O

มี	O
อาณาเขต	O
ติดต่อ	O
กัน	O

และ	O
เป็น	O
สมาชิก	O
อาเซียน	O
ด้วยกัน	O

รัฐบาล	O
ไทย	O
ย่อม	O
มี	O
สิทธิ์	O
ที่	O
จะ	O
แสดง	O
ความ	O
ห่วงใย	O
ต่อ	O
สถานการณ์	O
ใน	O
พม่า	O
ได้	O

กลุ่ม	O
ชาติ	O
อาเซียน	O
รับ	O
พม่า	O
เข้าร่วม	O
วง	O
ไพบูลย์	O
กับ	O
กลุ่ม	O
ชาติ	O
อาเซียน	O
ที่	O
ผ่าน	O
มา	O
สถานการณ์	O
ทาง	O
การเมือง	O
ของ	O
พม่า	O
ก็ดี	O

ความ	O
ขัดแย้ง	O
ภายใน	O
ของ	O
พม่า	O
จะ	O
ส่ง	O
ผลกระทบ	O
ต่อ	O
กลุ่ม	O
ประเทศ	O
อาเซียน	O

โดยเฉพาะ	O
ไทย	O
นั้น	O

เดิน	O
ตาม	O
ก้น	O
สหรัฐ	O
ฯ	O
และ	O
ผู้นำ	O
สหภาพ	O
ยุโรป	O
บาง	O
ประเทศ	O
กิจการ	O
ภายใน	O
ของ	O
พม่า	O
มา	O
ช้านาน	O
แล้ว	O

สัมพันธภาพ	O
ระหว่าง	O
ไทย	O
กับ	O
พม่า	O
นั้น	O
เคย	O
มึนตึง	O
กัน	O
มา	O
หลาย	O
ครั้ง	O

แม้กระทั่ง	O
กับ	O
ประเทศ	O
ใน	O
กลุ่ม	O
อาเซียน	O
ด้วยกัน	O
หลาย	O
ประเทศ	O

เช่น	O

สิงคโปร์	O

มาเลเซีย	O

อินโดนีเซีย	O

สาธารณรัฐ	O
ประชาธิปไตยประชาชนลาว	O

สาธารณรัฐ	O
สังคมนิยม	O
เวียดนาม	O

พม่า	O
ก็	O
มี	O
ความ	O
สัมพันธ์	O
ด้วย	O
ดี	O
ตลอดมา	O

มี	O
แต่	O
ไทย	O
เท่านั้น	O
พม่า	O
นั้น	O
ได้	O
เปิด	O
ประเทศ	O
ขณะที่	O
สหรัฐอเมริกา	O
และ	O
ยุโรป	O
ต่าง	O
พา	O
กัน	O
แซงก์ชั่น	O
ทาง	O
เศรษฐกิจ	O
ต่อ	O
พม่า	O

ปรากฏ	O
ว่า	O
มี	O
นัก	O
ลงทุน	O
ไทย	O
ยัง	O
คง	O
เดิน	O
หน้า	O
เข้า	O
ไป	O
ลงทุน	O
ใน	O
พม่า	O
อย่าง	O
ต่อเนื่อง	O
ปรากฏ	O
ว่า	O
ทุน	O
ไทย	O
ใน	O
พม่า	O
พุ่ง	O
สูง	O
ถือว่า	O
ใน	O
ปี	O
นั้น	O
ไทย	O
เป็น	O
ประเทศ	O
ที่	O
ลงทุน	O
เป็น	O
อันดับ	O

3	O

ใน	O
พม่า	O

รอง	O
ลง	O
มา	O
จาก	O
อังกฤษ	O
และ	O
สิงคโปร์	O

ส่วน	O
อันดับ	O
ที่	O

4	O

และ	O
ที่	O

5	O

มาเลเซีย	O

และ	O
สหรัฐอเมริกา	O
ตามลำดับ	O

นับว่า	O
เป็น	O
อันดับ	O
ที่	O

2	O

ใน	O
กลุ่ม	O
อินโดจีน	O

ที่	O
ไทย	O
ทุ่ม	O
เงิน	O
ลงทุน	O
มาก	O
ที่สุด	O
รอง	O
ลง	O
มา	O
จาก	O
ลาว	O
นโยบาย	O
ต่าง	O
ประเทศ	O
ของ	O
ไทย	O
ที่	O
มี	O
ต่อ	O
พม่า	O

นั้น	O
ได้	O
ถูก	O
กำหนด	O
โดย	O
ผลประโยชน์	O
ทาง	O
เศรษฐกิจ	O

(	O
ECONOMIC	O

INTEREST	O
)	O

ใน	O
สมัย	O

3	O

รัฐบาล	O
พลเรือน	O

โดยเฉพาะ	O
การ	O
เดินทาง	O
ไป	O
เยือน	O
พม่า	O
ของ	O

พล.อ.	O
ชวลิต	O

ยงใจยุทธ	O

สมัย	O
ที่	O
เป็น	O
นายกรัฐมนตรี	O
ข้อตกลง	O
ระหว่าง	O
รัฐบาล	O
แห่ง	org_start
ราชอาณาจักร	O
ไทย	O
กับ	O
รัฐบาล	O
แห่ง	org_start
พม่า	O

ณ	O

กรุง	O
ย่างกุ้ง	O

ข้อความ	O
ตกลง	O
ว่าด้วย	O
การ	O
สัญจร	O
ผ่าน	O
แดน	O
ระหว่าง	O
ประเทศ	O

ทั้ง	O

2	O

(	O
BORDER	O

CROS-SING	O

AGREEMENT	O
)	O

ใน	O
คราว	O
ประชุม	O
คณะ	O
กรรมาธิการ	O
ร่วม	O
ไทย	O
-	O
พม่า	O

ครั้ง	O
ที่	O

1	O

เมื่อ	O
วันที่	O

30	O

กรกฎาคม	O

-1	O

สิงหาคม	O

2539	O

ณ	O

กรุง	O
ย่างกุ้ง	O
ความ	O
ร่วมมือ	O
ระหว่าง	O
ไทย	O
กับ	O
พม่า	O

เพื่อ	O
ประโยชน์	O
ของ	O
การค้า	O
ชายแดน	O

2	O

ประเทศ	O

โดย	O
ธนาคาร	O

นครหลวงไทย	O

จำกัด	O

(มหาชน)	O

เป็น	O
ตัวแทน	O
ธนาคาร	O
ฝ่าย	O
ไทย	O

และ	O

MYANMAR	O

ECONOMIC	O

BANK	O

เป็น	O
ตัวแทน	O
ธนาคาร	O
ฝ่าย	O
พม่า	O
มูลค่า	O
การ	O
ลงทุน	O
ของ	O
ไทย	O
ใน	O
พม่า	O
มี	O
มูลค่า	O
เพียง	O

42.1	O

ล้าน	O
ดอลลาร์	O
สหรัฐ	O

มี	O
นัก	O
ลงทุน	O
ไทย	O
เข้า	O
ไป	O
ทำ	O
โครงการ	O
ขนาด	O
ใหญ่	O

2	O

โครงการ	O

คือ	O

บริษัท	O

อิตาเลียน	O
ไทย	O

ดีเวลอปเมนท์	O
ฯ	O

เข้า	O
ไป	O
ลงทุน	O
สร้าง	O
สนามบิน	O
นานา	O
ชาติ	O
ที่	O
เมือง	O
มัณฑะเลย์	O

มูลค่า	O

300	O

ล้าน	O
ดอลลาร์	O
สหรัฐ	O

และ	O
บริษัท	O

พีทีที	O

เอ็กซ์ปอเรชั่น	O

แอนด์	O

โปรดักท์	O
ฯ	O

ร่วม	O
กับ	O
บริษัท	O
ยูโนแคล	O
ฯ	O

และ	O
บริษัท	O
โทเทล	O
ฯ	O
และ	O
รัฐวิสาหกิจ	O
พม่า	O
ทำการ	O
สำรวจ	O
และ	O
ผลิต	O
น้ำมัน	O
และ	O
ก๊าซ	O
ธรรมชาติ	O
มี	O
มูลค่า	O

1,200	O

ล้าน	O
ดอลลาร์	O
สหรัฐ	O
รัฐมนตรี	O
ต่างประเทศ	O
ทั้ง	O
สอง	O
ท่าน	O
มองเห็น	O
ภาพ	O
ได้	O
ชัดเจน	O
กัน	O
บ้าง	O
แล้ว	O

ทัศนะ	O
ของ	O
กลุ่ม	O
ชาติ	O
ตะวันตก	O
ที่	O
ดำเนิน	O
ต่อ	O
พม่า	O
ใน	O
ทุกวันนี้	O

เป็น	O
ภาพ	O
ที่	O
กลุ่ม	O
ชาติ	O
ตะวันตก	O
ต้องการ	O
ชนชั้น	O
ปกครอง	O
ของ	O
ไทย	O
ใน	O
อดีต	O
ที่	O
ผ่าน	O
มา	O
แล้ว	O

เป็น	O
การ	O
ชักนำ	O
ให้	O
ไทย	O
เข้าร่วม	O
ทำ	O
สงคราม	O
กับ	O
ประเทศ	O
เพื่อนบ้าน	O

เช่น	O

เวียดนาม	O

ลาว	O

กัมพูชา	O

และ	O

รวมทั้ง	O
พม่า	O
อีกด้วย	O

ชักชวน	O
ให้	O
ชนชั้น	O
ปกครอง	O
ไทย	O
ใน	O
อดีต	O
ร่วม	O
รบ	O
ใน	O
เกาหลีใต้	O

เวียดนามใต้	O

และ	O
สนับสนุน	O
ชนชาติ	O
ส่วนน้อย	O
กะเหรี่ยง	O
ต่อต้าน	O
รัฐบาล	O
พม่า	O
มา	O
แล้ว	O

บทบาท	O
ทาง	O
การ	O
ทูต	O
ของ	O
ไทย	O
โดดเด่น	O
และ	O
มี	O
เกียรติ	O

ยิ่ง	O
อยู่	O
ใน	O
ท่ามกลาง	O
กลุ่ม	O
อาเซียน	O
ด้วยกัน	O

ปัญหา	O
ที่	O
เกิด	O
ขึ้น	O
ใน	O
กลุ่ม	O
ชาติ	O
อาเซียน	O
ควร	O
ที่	O
จะ	O
นำ	O
มา	O
เจรจา	O
กัน	O
บน	O
โต๊ะ	O
กลม	O
ของ	O
ที่	O
ประชุม	O
อาเซียน	O
เท่านั้น	O
"	O
ซีดีซี	O
"	O

เปิด	O
ตัว	O
บริษัท	O
ให้	O
คำ	O
ปรึกษา	O
ภาวะ	O
เศรษฐกิจ	O
ไทย	O
ซบเซา	O

บริษัท	O
ที่	O
มี	O
ปัญหา	O
ของ	O
ไทย	O
มร.	O
ชาร์ลส์	O

เซลเลอร์	O

ผู้	O
แทน	O
สำนักงาน	O

ซีดีซี	O

ประจำ	O
ประเทศ	O
ไทย	O

บริษัท	O

คอนมอนเวลธ์	O

ดิเวลลอปเมนท์	O

คอร์ปอเรชั่น	O

(	O
ซีดีซี	O
)	O

ซึ่ง	O
เป็น	O
สถาบัน	O
ที่	O
ดำเนิน	O
ธุรกิจ	O
ที่	O
มี	O
จุดหมาย	O
ใน	O
การ	O
ที่	O
จะ	O
ดึง	O
บริษัท	O
เอกชน	O
ให้	O
เข้า	O
ไป	O
ลงทุน	O

โดยเฉพาะ	O
ธุรกิจ	O
ที่	O
มี	O
ปัญหา	O
อย่างเช่น	O
สถาบัน	O
การเงิน	O

การ	O
แก้	O
ปัญหา	O
ของ	O
บริษัท	O
ของ	O
ไทย	O
แนวทาง	O
ของ	O
ซีดีซี	O
นั้น	O
จะ	O
เป็น	O
การ	O
ให้	O
คำ	O
แนะนำ	O
และ	O
หา	O
พันธมิตร	O
ร่วม	O
กับ	O
บริษัท	O
ท้องถิ่น	O
ซีดีซี	O
เป็น	O
สถาบัน	O
ที่	O
มี	O
ความ	O
แตกต่าง	O
จาก	O
สถาบัน	O
การ	O
ลงทุน	O
อื่นๆ	O
บีบีซี	O
เป็น	O
สถาบัน	O
ภาษา	O
โดยที่	O
ผ่าน	O
มา	O
ซีดีซี	O
อยู่	O
ใน	O
ช่วง	O
ของ	O
การ	O
ปรับ	O
เปลี่ยน	O
การ	O
บริหาร	O
งาน	O

เมื่อ	O
ปี	O
ที่แล้ว	O
รัฐบาล	O
อังกฤษ	O
ได้	O
ประกาศ	O
นโยบาย	O
บริษัท	O
กึ่ง	O
รัฐ	O
และ	O
เอกชน	O

ปัจจุบัน	O
ซีดีซี	O
ดำเนิน	O
ธุรกิจ	O
ใน	O
ประเทศ	O
ไทย	O

ลาว	O

และ	O
เวียดนาม	O

เครือข่าย	O
ซีดีซี	O
ทั่ว	O
โลก	O

มูลค่า	O
ราว	O

110	O

ล้าน	O
เหรียญ	O
สหรัฐ	O

โครงการ	O
ลงทุน	O
ใน	O
ประเทศ	O
ไทย	O
ที่	O
ผ่าน	O
มา	O
ใน	O
โครงการ	O
ต่างๆ	O
เช่น	O

นวนคร	O
,	O

สินเคหะการเครดิต	O

ฟองซิเอร์	O
,	O

ยูไนเต็ด	O

ปาล์มออยส์	O

อินดัสตรี	O
,	O

เกษตรรุ่งเรือง	O
,	O

เครือ	O
โรงแรม	O
โฮเซีย	O
,	O

บรรษัท	O
เงินทุน	O

อุตสาหกรรม	O
แห่ง	org_start
ประเทศ	O
ไทย	O
มร.	O
ชาร์ลส	O

เซลเลอร์	O

กล่าว	O
ต่อไป	O
ว่า	O

มี	O
ความ	O
สอดคล้อง	O
กับ	O
หลักเกณฑ์	O
ของ	O
ซีดีซี	O
ทั่ว	O
โลก	O

การ	O
เปลี่ยนแปลง	O
เศรษฐกิจ	O
ของ	O
ไทย	O
มา	O
ตลอด	O

ดำเนิน	O
ธุรกิจ	O
ใน	O
ประเทศ	O
ไทย	O
อยู่	O

ผู้	O
เชี่ยวชาญ	O
จาก	O
อังกฤษ	O
มา	O
ให้	O
การ	O
สนับสนุน	O
พันธมิตร	O
โดย	O
ตรง	O
สังคม	O
ไทย	O
ไม่ว่า	O
จะ	O
เป็น	O
การ	O
สร้าง	O
งาน	O
เงินตรา	O
ต่าง	O
ประเทศ	O
ผ่าน	O
มา	O
ใน	O
ประเทศ	O
ซาอุดิอาระเบีย	O
อีกด้วย	O

ภาค	O
ตะวันออก	O
การ	O
บังคับ	O
ยึด	O
ทรัพย์	O
ที่	O
พัทยา	O
สูงสุด	O

นาย	O
ไกรสร	O

สิงหราชวราพันธ์	O

หัวหน้า	O
สำนักงาน	O
บังคับคดี	O
เชียงใหม่	O

เปิดเผย	O
ว่า	O

กลุ่ม	O
ลูกหนี้	O
เงินกู้	O
ของ	O
ธนาคาร	O
พาณิชย์	O
ส่วน	O
สถาบัน	O
การเงิน	O
ที่	O
ยื่น	O
ฟ้อง	O
ต่อ	O
ศาล	O
ธนาคาร	O
อาคาร	O
สงเคราะห์	O

(	O
ธอส.	O
)	O

จาก	O
เดิม	O
ที่	O
มี	O
ธนาคาร	O
กรุงไทย	O

ธนาคาร	O
ไทยพาณิชย์	O

ธนาคาร	O
อาคาร	O
สงเคราะห์	O

และ	O
ธนาคาร	O
ทหารไทย	O

บังคับ	O
คดี	O
มาก	O
ที่สุด	O
ใน	O
กลุ่ม	O
อสังหาริมทรัพย์	O
ใน	O
เชียงใหม่	O

ที่	O
ถูก	O
บังคับ	O
คดี	O
มาก	O
ที่สุด	O
นั้น	O
ทั้ง	O
ที่อยู่	O
ใน	O
เขต	O
อำเภอ	O
หางดง	O

อำเภอ	O
จอมทอง	O

อำเภอ	O
สันกำแพง	O

อำเภอ	O
ดอยสะเก็ด	O

จังหวัด	O
เชียงใหม่	O

สวน	O
เกษตร	O
ใน	O
เชียงใหม่	O
-	O
ลำพูน	O

โครงการ	O
หมู่บ้านจัดสรร	O
ทุก	O
โครงการ	O
ใน	O
เชียงใหม่	O
มี	O
ลูกค้า	O
นาย	O
ไกรสร	O
บอก	O
ว่า	O

กฎหมาย	O
ล้มละลาย	O
-	O
การ	O
ประนอมหนี้	O

ไม่	O
ได้	O
มี	O
ส่วน	O
ช่วย	O
มาก	O
นัก	O
กรณี	O
ของ	O
บริษัท	O

เคซี	O

อุตสาหกรรม	O

จำกัด	O

ที่	O
ไม่	O
ประสบ	O
ผลสำเร็จ	O

ผู้	O
ประกอบการ	O
ไม่	O
ไว้วางใจ	O
ธนาคาร	O
เจ้าหนี้	O
เอกชน	O
เมิน	O
ลงทุน	O
ร้านค้า	O
ปลอด	O
อากร	O

คลัง	O
สินค้า	O
ทัณฑ์บน	O
ใน	O
ภูเก็ต	O

เพราะ	O
ขาด	O
สภาพ	O
คล่อง	O
ด้าน	O
หอ	O
ฯ	O
ภูเก็ต	O
ประกาศ	O
ดัน	O
โครงการ	O
นี้	O
สุด	O
ตัว	O
นาย	O
ชาญ	O

วงศ์สัตยานนท์	O

รอง	O
ประธาน	O
หอการค้า	O
จังหวัด	O
ภูเก็ต	O

เปิดเผย	O
ว่า	O

การ	O
ผลักดัน	O
ให้	O
ภูเก็ต	O
เป็น	O
เมืองท่า	O
ปลอด	O
ภาษี	O
การ	O
จัดตั้ง	O
ร้านค้า	O
ปลอด	O
อากร	O

ใน	O
รูปแบบ	O
คลัง	O
สินค้า	O
ทัณฑ์บน	O
เงื่อนไข	O
ประกาศ	O
กรม	O
ศุลกากร	O
ที่	O

38/2541	O

คลัง	O
สินค้า	O
ทัณฑ์บน	O
ประเภท	O
ร้านค้า	O
ปลอด	O
ภาษี	O
ให้	O
ความ	O
สนใจ	O
ยื่น	O
ขอ	O
อนุญาต	O
จัดตั้ง	O
กับ	O
กรม	O
ศุลกากร	O
เลย	O

การ	O
ผลักดัน	O
ของ	O
เอกชน	O
ใน	O
จังหวัด	O
ภูเก็ต	O
กว่า	O

10	O

ปี	O
ไม่	O
ก่อให้เกิด	O
ประโยชน์	O
กับ	O
จังหวัด	O
ภูเก็ต	O
เลย	O

ตาม	O
ระเบียบ	O
ข้อบังคับ	O
ของ	O
กรม	O
ศุลกากร	O

การ	O
ประชาสัมพันธ์	O
ของ	O
กรม	O
ศุลกากร	O
ยัง	O
ไม่	O
ดี	O
พอ	O

นาย	O
ชาญ	O
กล่าว	O
อีก	O
ว่า	O
แต่	O
หอการค้า	O
ก็	O
จะ	O
ผลักดัน	O
เรื่อง	O
นี้	O
จนถึง	O
ที่สุด	O

เป็น	O
โครงการ	O
ที่	O
เป็น	O
ประโยชน์	O
ต่อ	O
การ	O
ท่องเที่ยว	O
ของ	O
จังหวัด	O
ภูเก็ต	O
มาก	O

หอการค้า	O

จะ	O
จัดการ	O
ประชุม	O
สัมมนา	O
เรื่อง	O
การ	O
ขอ	O
จัดตั้ง	O
ร้านค้า	O
ปลอด	O
อากร	O

ซึ่ง	O
จะ	O
เชิญ	O
ตัวแทน	O
จาก	O
กรม	O
ศุลกากร	O

และ	O
การ	O
ท่องเที่ยว	O
แห่ง	org_start
ประเทศ	O
ไทย	O

(	O
ททท.	O
)	O

ใน	O
ฐานะ	O
ที่	O
เป็น	O
หน่วยงาน	O
ที่	O
มี	O
ความรู้	O
และ	O
ประสบการณ์	O
ใน	O
การ	O
ทำ	O
ธุรกิจ	O
ร้านค้า	O
ปลอด	O
อากร	O

ด้าน	O
นาย	O
ไพบูลย์	O

อุปัตศฤงค์	O

ประธาน	O
หอการค้า	O
จังหวัด	O
ภูเก็ต	O
กล่าว	O
ว่า	O
คกน.	O
รุก	O
รัฐ	O
ทบทวน	O
มติ	O
ครม.	O
ยื่น	O
หนังสือ	O
กรรมาธิการ	O
เกษตร	O
ฯ	O

เรียกร้อง	O
ตีความ	O
มติ	O
ครม.	O
ขัด	O
ต่อ	O
รัฐธรรมนูญ	O
หรือไม่	O

นาย	O
ประยงค์	O

ดอกลำไย	O

กรรมการ	O
บริหาร	O
เครือข่าย	O
เกษตรกร	O
ภาค	O
เหนือ	O

(	O
คกน.	O
)	O

เปิดเผย	O
ว่า	O

ตัวแทน	O
คกน.	O
ได้	O
เข้า	O
ยื่น	O
หนังสือ	O
ต่อ	O
นาย	O
เจริญ	O

จรรย์โกมล	O

ประธาน	O
คณะ	O
กรรมาธิการ	O
เกษตร	O
และ	O
สหกรณ์	O

สภา	O
ผู้แทนราษฎร	O

เพื่อให้	O
พิจารณา	O
มติ	O
คณะ	O
รัฐมนตรี	O

(	O
ครม.	O
)	O

ตาม	O
ความเห็น	O
ของ	O
คกน.	O

มติ	O
ครม.	O
ดังกล่าว	O
ขัด	O
รัฐธรรมนูญ	O
หลาย	O
มาตรา	O
นาย	O
ประยงค์	O
กล่าว	O
ว่า	O

ประธาน	O
คณะ	O
กรรมาธิการ	O
เกษตร	O
ฯ	O

ได้	O
รับปาก	O
กับ	O
ตัวแทน	O
คกน.	O

จะ	O
นำ	O
ข้อ	O
ร้องเรียน	O
ดังกล่าว	O
ไป	O
ศึกษา	O
ก่อน	O

ซึ่ง	O
ถ้า	O
คณะ	O
กรรมาธิการ	O
ฯ	O

พิจารณา	O
ใน	O
เบื้องต้น	O
เสนอ	O
ต่อ	O
ประธาน	O
รัฐสภา	O
เพื่อ	O
ยื่น	O
ให้	O
ศาล	O
รัฐธรรมนูญ	O
ตีความ	O
ชี้ขาด	O
ต่อไป	O

นาย	O
ประยงค์	O
เปิดเผย	O
อีก	O
ว่า	O

ใน	O
ระหว่าง	O
ที่	O
รอ	O
ผล	O
การ	O
พิจารณา	O
ของ	O
คณะ	O
กรรมาธิการ	O

คกน.	O
จะ	O
จัด	O
สัมมนา	O
ชาว	O
บ้าน	O
อำเภอ	O
ดอยสะเก็ด	O

จังหวัด	O
เชียงใหม่	O

โดย	O
มี	O
ชาว	O
บ้าน	O
ที่	O
เป็น	O
ชน	O
เผ่า	O
ต่างๆ	O

ได้แก่	O

ลีซอ	O

ปะกากะยอ	O

ลาหู่	O

เมี่ยน	O

ม้ง	O

อาข่า	O

จาก	O

6	O

จังหวัด	O

คือ	O

พะเยา	O

เชียงราย	O

ลำพูน	O

กำแพงเพชร	O

ตาก	O

เชียงใหม่	O

เข้าร่วม	O
ประมาณ	O

200	O

คน	O

หลักการ	O
ของ	O
มติ	O
ครม.	O
วันที่	O

30	O

มิถุนายน	O

2541	O

ใน	O
เขต	O
สปก.	O
ให้	O
ทดแทน	O
ใน	O
เขต	O
พื้นที่	O
ป่า	O

ของ	O
จังหวัด	O
โคราช	O
ใน	O
สมัย	O
รัฐบาล	O
พล.อ.	O
ชวลิต	O

ยงใจยุทธ	O

ที่	O
อะลุ่มอล่วย	O
ให้	O
ราษฎร	O
อาศัย	O
อยู่	O
ใน	O
พื้นที่	O
ป่า	O
ให้	O
มี	O
การ	O
ตั้ง	O
คณะ	O
กรรมการ	O
ร่วม	O
จาก	O
หลายๆ	O

ฝ่าย	O
ขึ้น	O
มา	O
ร่วม	O
กัน	O
พิสูจน์	O
สิทธิ	O

"	O
สภาพัฒน์	O
ระบุ	O
ชาว	O
บ้าน	O
แหลมฉบัง	O
ตัวการ	O
ที่	O
ทำให้	O
ท่าเรือ	O
ระยะ	O
2	O
ยืดเยื้อ	O
"	O
สภาพัฒน์	O
ชี้	O
ถึง	O
เวลา	O
ต้อง	O
จัดการ	O
ขั้น	O
เด็ดขาด	O
กับ	O
ชาว	O
บ้าน	O
แหลมฉบัง	O
แล้ว	O

การ	O
พัฒนา	O
โครงการ	O
ท่าเรือ	O
ระยะ	O
ที่	O

2	O

ดร.	O
พรชัย	O

รุจิประภา	O

รอง	O
ผู้อำนวยการ	O

สำนักงาน	O
คณะกรรมการ	O
พัฒนา	O
พื้นที่	O
ชายฝั่ง	O
ทะเล	O
ตะวันออก	O

(	O
กพอ.	O
)	O

เปิดเผย	O
ว่า	O

ขณะนี้	O
การ	O
พัฒนา	O
ท่าเรือ	O
แหลมฉบัง	O
ดำเนินการ	O
มา	O
ถึง	O
ขั้น	O
ที่	O

2	O

แล้ว	O

ชาว	O
บ้าน	O
แหลมฉบัง	O
ไม่	O
ยอม	O
ย้าย	O
ออก	O
จาก	O
พื้นที่	O

ขณะเดียวกัน	O
ท่าเรือ	O
ฯ	O
ก็	O
ไม่	O
ใช้	O
มาตรการ	O
ขั้น	O
เด็ดขาด	O
ทั้งที่	O
ท่าเรือ	O
ฯ	O
ได้	O
จ่าย	O
ค่า	O
เวนคืน	O
ที่ดิน	O

จ่าย	O
ค่า	O
ชดเชย	O
ผ่าน	O
ธนาคาร	O
ออมสิน	O

สาขา	O
ศรีราชา	O

รัฐบาล	O
หวัง	O
เป็น	O
อย่าง	O
มาก	O
ที่	O
จะ	O
นำ	O
ท่าเรือ	O
แหลมฉบัง	O
เป็น	O
ฐาน	O
ใน	O
การ	O
กอบกู้	O
เศรษฐกิจ	O
นาวา	O
โท	O
กาญจน์	O

ตันติเวชกุล	O

ผู้อำนวยการ	O
ท่าเรือ	O
แหลมฉบัง	O
เปิดเผย	O
ว่า	O

ขณะนี้	O
ท่าเรือ	O
แหลมฉบัง	O
กำลัง	O
พัฒนา	O
อยู่	O
ใน	O
ระยะ	O
ที่	O

2	O

เป็น	O
ศูนย์กลาง	O
การ	O
ขนส่ง	O
ทาง	O
ทะเล	O
ของ	O
ประเทศ	O

และ	O
ภูมิภาค	O
เอเชีย	O
ตะวันออกเฉียงใต้	O

หาก	O
เปิด	O
บริการ	O
ท่า	O
แรก	O
แล้ว	O

ก็	O
จะ	O
ต้อง	O
พัฒนา	O
ท่าเรือ	O
ที่	O
เหลือ	O
ต่อไป	O
ดำเนินการ	O
ขั้น	O
รุนแรง	O
กับ	O
ชาว	O
บ้าน	O
แหลมฉบัง	O

เนื่องจาก	O
แผนการ	O
พัฒนา	O
ท่าเรือ	O
ฯ	O

ได้	O
ปรับ	O
เปลี่ยน	O
บาง	O
ส่วน	O
ย้าย	O
ออก	O
จาก	O
พื้นที่	O
เวนคืน	O
ได้	O

หา	O
มาตรการ	O
มา	O
จัดการ	O
กับ	O
ชาว	O
บ้าน	O
แหลมฉบัง	O
ต่อไป	O

ทาง	O
ท่าเรือ	O
ฯ	O
ไม่	O
ได้	O
นิ่งนอนใจ	O

นาย	O
ศุภชัย	O

พานิชภักดิ์	O

รอง	O
นายกรัฐมนตรี	O

และ	O
รัฐมนตรีว่าการ	O
กระทรวง	O
พาณิชย์	O
ได้	O
เดินทาง	O
มา	O
ตรวจ	O
เยี่ยม	O
การ	O
พัฒนา	O
ท่าเรือ	O
แหลมฉบัง	O

พนักงาน	O
บริษัท	O
ฟินิคซ์	O
ฯ	O
กว่า	O

200	O

คน	O

ชุมนุม	O
หน้า	O
ศาลากลาง	O
จังหวัด	O
ขอนแก่น	O

เรียกร้อง	O
รมว.	O
อุตสาหกรรม	O
ชะลอ	O
ปิด	O
โรงงาน	O
ตั้ง	O
เวที	O
ปราศรัย	O
โจมตี	O

"	O
อดิศร	O

เพียงเกษ	O
"	O

สร้าง	O
สถานการณ์	O
หวัง	O
ผล	O
เลือกตั้ง	O
คราว	O
หน้า	O
หลังจาก	O
นาย	O
สมศักดิ์	O

เทพสุทิน	O

รัฐมนตรีว่าการ	O
กระทรวง	O
อุตสาหกรรม	O

เห็นชอบ	O
ให้	O
อธิบดี	O
กรม	O
โรงงานอุตสาหกรรม	O
สั่ง	O
ปิด	O
โรงงาน	O
เยื่อ	O
กระดาษ	O
บริษัท	O
ฟินิคซ์	O

พัลพ์	O

แอนด์	O

เพเพอร์	O

จำกัด	O

(มหาชน)	O

การ	O
ต่อต้าน	O
จาก	O
กลุ่ม	O
พนักงาน	O
ของ	O
บริษัท	O
อย่าง	O
รุนแรง	O
กลุ่ม	O
พนักงาน	O
ลูกจ้าง	O
โรงงาน	O
ฟินิคซ์	O
ฯ	O

ราว	O

200	O

คน	O

ใน	O
นาม	O
สหภาพ	O
แรงงาน	O
ฟินิคซ	O
ฯ	O

และ	O
คณะ	O
กรรมการ	O
ลูกจ้าง	O
ฟินิคซ	O
ฯ	O

ได้	O
เคลื่อน	O
ขบวน	O
ที่ตั้ง	O
โรงงาน	O
ที่	O
อำเภอ	O
น้ำพอง	O

มา	O
ชุมนุม	O
กัน	O
ที่	O
สนาม	O
หน้า	O
ศาลากลาง	O
จังหวัด	O
ขอนแก่น	O
เพื่อ	O
ยื่น	O
หนังสือ	O
ถึง	O
นาย	O
สมศักดิ์	O

เทพสุทิน	O

สำเนา	O
อีก	O
ฉบับ	O
ส่ง	O
ถึง	O
นาย	O
ชวน	O

หลีกภัย	O

นายกรัฐมนตรี	O

โดย	O
ผ่าน	O
นาย	O
เสริมศักดิ์	O

พงษ์พานิช	O

ผู้ว่าราชการจังหวัด	O
ขอนแก่น	O

หาก	O
มี	O
การ	O
สั่ง	O
ปิด	O
โรงงาน	O
ฟินิคซ์	O
ฯ	O
จริง	O

ก็	O
จะ	O
ส่ง	O
ผล	O
ต่อ	O
การ	O
ดำเนิน	O
กิจการ	O
ของ	O
โรงงาน	O
คณะ	O
พนักงาน	O
บริษัท	O
ฯ	O
พร้อม	O
ครอบครัว	O
โดย	O
มี	O
เจ้าหน้าที่	O
กระทรวง	O
อุตสาหกรรม	O
และ	O
หน่วยงาน	O
ที่	O
เกี่ยวข้อง	O
เข้า	O
มา	O
ทำการ	O
ดูแล	O
อย่าง	O
ใกล้ชิด	O
ใน	O
การ	O
ชุมนุม	O
ครั้ง	O
นี้	O
ตัวแทน	O
กลุ่ม	O
สหภาพ	O
แรงงาน	O
ฟินิคซ์	O
ฯ	O

หลาย	O
คน	O
เวที	O
ปราศรัย	O
โจมตี	O
นาย	O
อดิศร	O

เพียงเกษ	O

ส.ส.	O
ขอนแก่น	O

ใน	O
ฐานะ	O
รอง	O
ประธาน	O
คณะ	O
อนุกรรมาธิการ	O
ยุติธรรม	O
และ	O
สิทธิมนุษยชน	O

สภา	O
ผู้แทนราษฎร	O

ที่	O
ออก	O
มา	O
เป็น	O
แกนนำ	O
ใน	O
การ	O
กล่าวหา	O
ฟินิคซ์	O
ฯ	O
ว่า	O
ปล่อย	O
น้ำ	O
เสีย	O
ลง	O
ลำน้ำพอง	O
โดย	O
ไม่	O
มี	O
การ	O
บำบัด	O

นาย	O
อาทิตย์	O

สิมมา	O

ประธาน	O
สหภาพ	O
แรงงาน	O
ฟินิคซ์	O
ฯ	O

กล่าว	O
ว่า	O

สหภาพ	O
ขอ	O
ความ	O
เป็น	O
ธรรม	O
ใน	O
กรณี	O
ที่	O
มี	O
คำสั่ง	O
ปิด	O
โรงงาน	O
เยื่อ	O
กระดาษ	O
ที่	O
อำเภอ	O
น้ำพอง	O

จังหวัด	O
ขอนแก่น	O

"	O
พนักงาน	O
ฟินิคซ์	O
ฯ	O
กังขา	O
เบื้องหลัง	O
ที่มา	O
คำสั่ง	O
ปิด	O
ดังกล่าว	O
บุคคล	O
เพียง	O
บาง	O
กลุ่ม	O

นำ	O
โดย	O
นาย	O
อดิศร	O

เพียงเกษ	O

ที่	O
สร้าง	O
สถานการณ์	O
เพื่อ	O
หวัง	O
ผล	O
ทาง	O
การเมือง	O
ใน	O
การ	O
เลือกตั้ง	O
คราว	O
หน้า	O
"	O

นาย	O
อาทิตย์	O
กล่าว	O
ด้าน	O
นาย	O
เสริมศักดิ์	O

พงษ์พานิช	O

ผู้ว่าราชการจังหวัด	O
ขอนแก่น	O

กล่าว	O
ว่า	O

หนังสือ	O
ร้องเรียน	O
จาก	O
พนักงาน	O
ฟินิคซ์	O
ฯ	O

แล้ว	O

นาย	O
เสริมศักดิ์	O

กล่าว	O
อีก	O
ว่า	O

เรื่อง	O
โรงงาน	O
ฟินิคซ์	O
ฯ	O
กับ	O
ลำน้ำ	O
พอง	O
เน่า	O
เสีย	O
เป็น	O
ปัญหา	O
ที่	O
เกิด	O
ขึ้น	O
มา	O
นาน	O

ฟินิคซ์	O
ฯ	O
เอง	O
ต้อง	O
ให้	O
ความ	O
ร่วมมือ	O
กับ	O
ทางการ	O
อย่าง	O
เต็มที่	O
นาย	O
พิทักษ์	O

ธนะมงคล	O

ผู้จัดการ	O
ทั่วไป	O
ฝ่าย	O
บริหาร	O

บริษัท	O
ฟินิคซ์	O
ฯ	O

ประจำ	O
จังหวัด	O
ขอนแก่น	O
เปิดเผย	O
ว่า	O

ทาง	O
โรงงาน	O
ยัง	O
คง	O
ทำการ	O
ผลิต	O
ตามปกติ	O

อนึ่ง	O

นาย	O
สมศักดิ์	O

เทพสุทิน	O

รัฐมนตรีว่าการ	O
กระทรวง	O
อุตสาหกรรม	O
ได้	O

ลงนาม	O
เห็นชอบ	O
ใน	O
คำสั่ง	O
ปิด	O
โรงงาน	O
ฟินิคซ์	O
ฯ	O

โดย	O
ระบุ	O
ความ	O
ผิด	O
ของ	O
โรงงาน	O
ฟินิคซ์	O
ฯ	O

ที่	O
ปล่อย	O
ให้	O
น้ำ	O
ทิ้ง	O
ซึ่ง	O
โรงงาน	O
ใช้	O
ใน	O
การ	O
เพาะ	O
ปลูก	O
สวน	O
ป่า	O
ยูคาลิปตัส	O
ตาม	O
โครงการ	O
โปรเจ็กต์	O
กรีน	O
ซึม	O
ลง	O
สู่	O
แหล่ง	O
น้ำ	O
สาธารณะ	O
ด้วย	O
ที่	O
ประชุม	O
คณะ	O
กรรมการ	O
บริษัท	O

สามารถเทลคอม	O

จำกัด	O

(มหาชน)	O

หรือ	O

SAMTEL	O

ครั้ง	O
ที่	O

6/2541	O

